#
# A fatal error has been detected by the Java Runtime Environment:
#
#  EXCEPTION_ACCESS_VIOLATION (0xc0000005) at pc=0x000007fee86fe851, pid=4464, tid=3352
#
# JRE version: Java(TM) SE Runtime Environment (8.0_66-b18) (build 1.8.0_66-b18)
# Java VM: Java HotSpot(TM) 64-Bit Server VM (25.66-b18 mixed mode windows-amd64 compressed oops)
# Problematic frame:
# C  [jnihdf5.dll+0x17e851]
#
# Failed to write core dump. Minidumps are not enabled by default on client versions of Windows
#
# If you would like to submit a bug report, please visit:
#   http://bugreport.java.com/bugreport/crash.jsp
#

---------------  T H R E A D  ---------------

Current thread (0x000000005458f800):  VMThread [stack: 0x0000000055710000,0x0000000055810000] [id=3352]

siginfo: ExceptionCode=0xc0000005, reading address 0x0000000066970051

Registers:
RAX=0x0000000000000016, RBX=0x0000000066970051, RCX=0x0000000066970051, RDX=0x0000000000000018
RSP=0x000000005580ec60, RBP=0x000000005580ee10, RSI=0x0000000000003340, RDI=0x000000000032c9b0
R8 =0x000007fee8b9c330, R9 =0x0000000000000008, R10=0x000007fee8b9c270, R11=0x00000038005d0037
R12=0x000007fee8883cf8, R13=0x000000000033d750, R14=0x0000000000000000, R15=0x0000000000000006
RIP=0x000007fee86fe851, EFLAGS=0x0000000000010202

Top of Stack: (sp=0x000000005580ec60)
0x000000005580ec60:   0000000000000005 0000000000000001
0x000000005580ec70:   0000000000000000 0000000000000000
0x000000005580ec80:   0000000000000000 000007fee86ff894
0x000000005580ec90:   000000000032c9b0 0000000000000000
0x000000005580eca0:   0000000000000000 000007fee86981d0
0x000000005580ecb0:   000000005580ed50 0000000000000000
0x000000005580ecc0:   000000005580ed52 000000007ffffffc
0x000000005580ecd0:   0000000000000000 000007fee870ac30
0x000000005580ece0:   0000000000000000 0000000000000000
0x000000005580ecf0:   000000005580ed50 0000000000000010
0x000000005580ed00:   000000005580ed50 000007fee86d1d5a
0x000000005580ed10:   0000000000000012 000000005580ed50
0x000000005580ed20:   0000000000000012 000007fee889b81c
0x000000005580ed30:   000007fee86981d0 000007fee86fe9fd
0x000000005580ed40:   2c706f745f542c4c 44462c502c502c46
0x000000005580ed50:   000000000000452c 000000000033d768 

Instructions: (pc=0x000007fee86fe851)
0x000007fee86fe831:   5f c3 8b 41 08 48 89 74 24 38 48 8b 71 10 48 8b
0x000007fee86fe841:   49 18 48 0f af f0 48 85 c9 74 1e 48 89 5c 24 30
0x000007fee86fe851:   48 8b 19 ff 4f 04 ff 15 0b bc 17 00 48 8b cb 48
0x000007fee86fe861:   85 db 75 ec 48 8b 5c 24 30 33 c0 48 29 35 b5 1d 


Register to memory mapping:

RAX=0x0000000000000016 is an unknown value
RBX=0x0000000066970051 is an unknown value
RCX=0x0000000066970051 is an unknown value
RDX=0x0000000000000018 is an unknown value
RSP=0x000000005580ec60 is an unknown value
RBP=0x000000005580ee10 is an unknown value
RSI=0x0000000000003340 is an unknown value
RDI=0x000000000032c9b0 is an unknown value
R8 =0x000007fee8b9c330 is an unknown value
R9 =0x0000000000000008 is an unknown value
R10=0x000007fee8b9c270 is an unknown value
R11=0x00000038005d0037 is an unknown value
R12=0x000007fee8883cf8 is an unknown value
R13=0x000000000033d750 is an unknown value
R14=0x0000000000000000 is an unknown value
R15=0x0000000000000006 is an unknown value


Stack: [0x0000000055710000,0x0000000055810000],  sp=0x000000005580ec60,  free space=1019k
Native frames: (J=compiled Java code, j=interpreted, Vv=VM code, C=native code)
C  [jnihdf5.dll+0x17e851]
C  [jnihdf5.dll+0x17f894]
C  [jnihdf5.dll+0x18ac30]
C  [jnihdf5.dll+0x151d5a]
C  [jnihdf5.dll+0x152279]
C  [jnihdf5.dll+0xbe7a9]
C  [jnihdf5.dll+0x2da428]
C  [jnihdf5.dll+0x2da6aa]
C  [ntdll.dll+0x23a81]
C  [ntdll.dll+0x23890]
C  [msvcr100.dll+0x20ccd]
V  [jvm.dll+0x210cc5]
V  [jvm.dll+0x249897]
V  [jvm.dll+0x248b36]
V  [jvm.dll+0x248fd1]
V  [jvm.dll+0x2491ee]
V  [jvm.dll+0x29a0fa]
C  [msvcr100.dll+0x21d9f]
C  [msvcr100.dll+0x21e3b]
C  [kernel32.dll+0x15a4d]
C  [ntdll.dll+0x2b831]

VM_Operation (0x000000005c1ad400): Exit, mode: safepoint, requested by thread 0x00000000579da800


---------------  P R O C E S S  ---------------

Java Threads: ( => current thread )
  0x00000000579df000 JavaThread "DestroyJavaVM" [_thread_blocked, id=4608, stack(0x00000000024a0000,0x00000000025a0000)]
  0x00000000579dd800 JavaThread "NativeRandomDeallocator thread 0" daemon [_thread_blocked, id=1732, stack(0x00000000671e0000,0x00000000672e0000)]
  0x00000000579dc000 JavaThread "JavaCPP Deallocator" daemon [_thread_blocked, id=4656, stack(0x000000005c350000,0x000000005c450000)]
  0x00000000579da800 JavaThread "AWT-EventQueue-0" [_thread_blocked, id=3140, stack(0x000000005c0b0000,0x000000005c1b0000)]
  0x00000000579d7000 JavaThread "AWT-Shutdown" [_thread_blocked, id=4628, stack(0x0000000059cd0000,0x0000000059dd0000)]
  0x00000000579d6000 JavaThread "Java2D Disposer" daemon [_thread_blocked, id=1116, stack(0x0000000059850000,0x0000000059950000)]
  0x00000000579d5800 JavaThread "webcam-discovery-service" daemon [_thread_blocked, id=4188, stack(0x00000000596c0000,0x00000000597c0000)]
  0x0000000056fb3800 JavaThread "atomic-processor-1" daemon [_thread_blocked, id=1728, stack(0x0000000056430000,0x0000000056530000)]
  0x0000000055cbe000 JavaThread "Service Thread" daemon [_thread_blocked, id=4068, stack(0x0000000056550000,0x0000000056650000)]
  0x0000000055c4f800 JavaThread "C1 CompilerThread2" daemon [_thread_blocked, id=4456, stack(0x0000000056040000,0x0000000056140000)]
  0x0000000055c44000 JavaThread "C2 CompilerThread1" daemon [_thread_blocked, id=1532, stack(0x0000000056330000,0x0000000056430000)]
  0x00000000545ff000 JavaThread "C2 CompilerThread0" daemon [_thread_blocked, id=4480, stack(0x0000000056210000,0x0000000056310000)]
  0x00000000545fe000 JavaThread "Attach Listener" daemon [_thread_blocked, id=4348, stack(0x00000000559b0000,0x0000000055ab0000)]
  0x00000000545fa800 JavaThread "Signal Dispatcher" daemon [_thread_blocked, id=1384, stack(0x00000000555f0000,0x00000000556f0000)]
  0x000000005459c000 JavaThread "Finalizer" daemon [_thread_blocked, id=4988, stack(0x0000000055b30000,0x0000000055c30000)]
  0x0000000054595000 JavaThread "Reference Handler" daemon [_thread_blocked, id=4948, stack(0x0000000055890000,0x0000000055990000)]

Other Threads:
=>0x000000005458f800 VMThread [stack: 0x0000000055710000,0x0000000055810000] [id=3352]

VM state:at safepoint (shutting down)

VM Mutex/Monitor currently owned by a thread:  ([mutex/lock_event])
[0x0000000002159f80] Threads_lock - owner thread: 0x000000005458f800

Heap:
 PSYoungGen      total 215552K, used 32840K [0x00000000f0b80000, 0x0000000100000000, 0x0000000100000000)
  eden space 181760K, 17% used [0x00000000f0b80000,0x00000000f2a659a8,0x00000000fbd00000)
  from space 33792K, 3% used [0x00000000fde00000,0x00000000fdf2c660,0x00000000fff00000)
  to   space 33792K, 0% used [0x00000000fbd00000,0x00000000fbd00000,0x00000000fde00000)
 ParOldGen       total 44544K, used 25822K [0x00000000d2200000, 0x00000000d4d80000, 0x00000000f0b80000)
  object space 44544K, 57% used [0x00000000d2200000,0x00000000d3b379d8,0x00000000d4d80000)
 Metaspace       used 26995K, capacity 27198K, committed 27520K, reserved 1073152K
  class space    used 2817K, capacity 2905K, committed 2944K, reserved 1048576K

Card table byte_map: [0x0000000011c30000,0x0000000011da0000] byte_map_base: 0x000000001159f000

Marking Bits: (ParMarkBitMap*) 0x000000005fdda5b0
 Begin Bits: [0x0000000012510000, 0x0000000013088000)
 End Bits:   [0x0000000013088000, 0x0000000013c00000)

Polling page: 0x0000000000240000

CodeCache: size=245760Kb used=8523Kb max_used=8538Kb free=237236Kb
 bounds [0x0000000002870000, 0x00000000030e0000, 0x0000000011870000]
 total_blobs=3596 nmethods=2439 adapters=1070
 compilation: enabled

Compilation events (10 events):
Event: 36.918 Thread 0x0000000055c4f800 nmethod 2900 0x00000000030cab90 code [0x00000000030cace0, 0x00000000030cadf0]
Event: 37.005 Thread 0x0000000055c4f800 2901       3       java.util.ArrayList::remove (69 bytes)
Event: 37.006 Thread 0x0000000055c4f800 nmethod 2901 0x00000000030cae90 code [0x00000000030cb040, 0x00000000030cb628]
Event: 37.279 Thread 0x0000000055c44000 2902       4       java.util.HashSet::add (20 bytes)
Event: 37.303 Thread 0x0000000055c44000 nmethod 2902 0x00000000030cf310 code [0x00000000030cf540, 0x00000000030d0260]
Event: 37.651 Thread 0x0000000055c4f800 2903       3       java.util.logging.LogManager$LoggerContext::ensureDefaultLogger (70 bytes)
Event: 37.653 Thread 0x0000000055c4f800 nmethod 2903 0x0000000002972310 code [0x00000000029724c0, 0x0000000002972d28]
Event: 37.653 Thread 0x0000000055c4f800 2904  s    3       java.util.Hashtable::containsKey (65 bytes)
Event: 37.654 Thread 0x0000000055c4f800 nmethod 2904 0x0000000002971910 code [0x0000000002971aa0, 0x00000000029720b8]
Event: 37.750 Thread 0x0000000055c44000 2905       4       java.util.AbstractCollection::toArray (70 bytes)

GC Heap History (10 events):
Event: 25.234 GC heap before
{Heap before GC invocations=16 (full 2):
 PSYoungGen      total 223232K, used 223161K [0x00000000f0b80000, 0x0000000100000000, 0x0000000100000000)
  eden space 201216K, 100% used [0x00000000f0b80000,0x00000000fd000000,0x00000000fd000000)
  from space 22016K, 99% used [0x00000000fd000000,0x00000000fe56e5c0,0x00000000fe580000)
  to   space 27136K, 0% used [0x00000000fe580000,0x00000000fe580000,0x0000000100000000)
 ParOldGen       total 44544K, used 18908K [0x00000000d2200000, 0x00000000d4d80000, 0x00000000f0b80000)
  object space 44544K, 42% used [0x00000000d2200000,0x00000000d3477210,0x00000000d4d80000)
 Metaspace       used 22079K, capacity 22278K, committed 22528K, reserved 1069056K
  class space    used 2166K, capacity 2249K, committed 2304K, reserved 1048576K
Event: 25.262 GC heap after
Heap after GC invocations=16 (full 2):
 PSYoungGen      total 214016K, used 26189K [0x00000000f0b80000, 0x0000000100000000, 0x0000000100000000)
  eden space 186880K, 0% used [0x00000000f0b80000,0x00000000f0b80000,0x00000000fc200000)
  from space 27136K, 96% used [0x00000000fe580000,0x00000000fff135d0,0x0000000100000000)
  to   space 31744K, 0% used [0x00000000fc200000,0x00000000fc200000,0x00000000fe100000)
 ParOldGen       total 44544K, used 19465K [0x00000000d2200000, 0x00000000d4d80000, 0x00000000f0b80000)
  object space 44544K, 43% used [0x00000000d2200000,0x00000000d3502538,0x00000000d4d80000)
 Metaspace       used 22079K, capacity 22278K, committed 22528K, reserved 1069056K
  class space    used 2166K, capacity 2249K, committed 2304K, reserved 1048576K
}
Event: 26.144 GC heap before
{Heap before GC invocations=17 (full 2):
 PSYoungGen      total 214016K, used 213069K [0x00000000f0b80000, 0x0000000100000000, 0x0000000100000000)
  eden space 186880K, 100% used [0x00000000f0b80000,0x00000000fc200000,0x00000000fc200000)
  from space 27136K, 96% used [0x00000000fe580000,0x00000000fff135d0,0x0000000100000000)
  to   space 31744K, 0% used [0x00000000fc200000,0x00000000fc200000,0x00000000fe100000)
 ParOldGen       total 44544K, used 19465K [0x00000000d2200000, 0x00000000d4d80000, 0x00000000f0b80000)
  object space 44544K, 43% used [0x00000000d2200000,0x00000000d3502538,0x00000000d4d80000)
 Metaspace       used 22085K, capacity 22278K, committed 22528K, reserved 1069056K
  class space    used 2166K, capacity 2249K, committed 2304K, reserved 1048576K
Event: 26.173 GC heap after
Heap after GC invocations=17 (full 2):
 PSYoungGen      total 213504K, used 26170K [0x00000000f0b80000, 0x0000000100000000, 0x0000000100000000)
  eden space 186880K, 0% used [0x00000000f0b80000,0x00000000f0b80000,0x00000000fc200000)
  from space 26624K, 98% used [0x00000000fc200000,0x00000000fdb8eb00,0x00000000fdc00000)
  to   space 34816K, 0% used [0x00000000fde00000,0x00000000fde00000,0x0000000100000000)
 ParOldGen       total 44544K, used 20529K [0x00000000d2200000, 0x00000000d4d80000, 0x00000000f0b80000)
  object space 44544K, 46% used [0x00000000d2200000,0x00000000d360c538,0x00000000d4d80000)
 Metaspace       used 22085K, capacity 22278K, committed 22528K, reserved 1069056K
  class space    used 2166K, capacity 2249K, committed 2304K, reserved 1048576K
}
Event: 27.048 GC heap before
{Heap before GC invocations=18 (full 2):
 PSYoungGen      total 213504K, used 213050K [0x00000000f0b80000, 0x0000000100000000, 0x0000000100000000)
  eden space 186880K, 100% used [0x00000000f0b80000,0x00000000fc200000,0x00000000fc200000)
  from space 26624K, 98% used [0x00000000fc200000,0x00000000fdb8eb00,0x00000000fdc00000)
  to   space 34816K, 0% used [0x00000000fde00000,0x00000000fde00000,0x0000000100000000)
 ParOldGen       total 44544K, used 20529K [0x00000000d2200000, 0x00000000d4d80000, 0x00000000f0b80000)
  object space 44544K, 46% used [0x00000000d2200000,0x00000000d360c538,0x00000000d4d80000)
 Metaspace       used 22875K, capacity 23084K, committed 23424K, reserved 1071104K
  class space    used 2252K, capacity 2346K, committed 2432K, reserved 1048576K
Event: 27.059 GC heap after
Heap after GC invocations=18 (full 2):
 PSYoungGen      total 216576K, used 7500K [0x00000000f0b80000, 0x0000000100000000, 0x0000000100000000)
  eden space 181760K, 0% used [0x00000000f0b80000,0x00000000f0b80000,0x00000000fbd00000)
  from space 34816K, 21% used [0x00000000fde00000,0x00000000fe5531a0,0x0000000100000000)
  to   space 33792K, 0% used [0x00000000fbd00000,0x00000000fbd00000,0x00000000fde00000)
 ParOldGen       total 44544K, used 21697K [0x00000000d2200000, 0x00000000d4d80000, 0x00000000f0b80000)
  object space 44544K, 48% used [0x00000000d2200000,0x00000000d3730548,0x00000000d4d80000)
 Metaspace       used 22875K, capacity 23084K, committed 23424K, reserved 1071104K
  class space    used 2252K, capacity 2346K, committed 2432K, reserved 1048576K
}
Event: 31.051 GC heap before
{Heap before GC invocations=19 (full 2):
 PSYoungGen      total 216576K, used 188940K [0x00000000f0b80000, 0x0000000100000000, 0x0000000100000000)
  eden space 181760K, 99% used [0x00000000f0b80000,0x00000000fbcaffb0,0x00000000fbd00000)
  from space 34816K, 21% used [0x00000000fde00000,0x00000000fe5531a0,0x0000000100000000)
  to   space 33792K, 0% used [0x00000000fbd00000,0x00000000fbd00000,0x00000000fde00000)
 ParOldGen       total 44544K, used 21697K [0x00000000d2200000, 0x00000000d4d80000, 0x00000000f0b80000)
  object space 44544K, 48% used [0x00000000d2200000,0x00000000d3730548,0x00000000d4d80000)
 Metaspace       used 26790K, capacity 27002K, committed 27264K, reserved 1073152K
  class space    used 2813K, capacity 2905K, committed 2944K, reserved 1048576K
Event: 31.077 GC heap after
Heap after GC invocations=19 (full 2):
 PSYoungGen      total 215552K, used 18399K [0x00000000f0b80000, 0x00000000fff00000, 0x0000000100000000)
  eden space 181760K, 0% used [0x00000000f0b80000,0x00000000f0b80000,0x00000000fbd00000)
  from space 33792K, 54% used [0x00000000fbd00000,0x00000000fcef7f18,0x00000000fde00000)
  to   space 33792K, 0% used [0x00000000fde00000,0x00000000fde00000,0x00000000fff00000)
 ParOldGen       total 44544K, used 22805K [0x00000000d2200000, 0x00000000d4d80000, 0x00000000f0b80000)
  object space 44544K, 51% used [0x00000000d2200000,0x00000000d3845558,0x00000000d4d80000)
 Metaspace       used 26790K, capacity 27002K, committed 27264K, reserved 1073152K
  class space    used 2813K, capacity 2905K, committed 2944K, reserved 1048576K
}
Event: 36.410 GC heap before
{Heap before GC invocations=20 (full 2):
 PSYoungGen      total 215552K, used 199991K [0x00000000f0b80000, 0x00000000fff00000, 0x0000000100000000)
  eden space 181760K, 99% used [0x00000000f0b80000,0x00000000fbcd5db8,0x00000000fbd00000)
  from space 33792K, 54% used [0x00000000fbd00000,0x00000000fcef7f18,0x00000000fde00000)
  to   space 33792K, 0% used [0x00000000fde00000,0x00000000fde00000,0x00000000fff00000)
 ParOldGen       total 44544K, used 22805K [0x00000000d2200000, 0x00000000d4d80000, 0x00000000f0b80000)
  object space 44544K, 51% used [0x00000000d2200000,0x00000000d3845558,0x00000000d4d80000)
 Metaspace       used 26937K, capacity 27134K, committed 27520K, reserved 1073152K
  class space    used 2813K, capacity 2905K, committed 2944K, reserved 1048576K
Event: 36.414 GC heap after
Heap after GC invocations=20 (full 2):
 PSYoungGen      total 215552K, used 1201K [0x00000000f0b80000, 0x0000000100000000, 0x0000000100000000)
  eden space 181760K, 0% used [0x00000000f0b80000,0x00000000f0b80000,0x00000000fbd00000)
  from space 33792K, 3% used [0x00000000fde00000,0x00000000fdf2c660,0x00000000fff00000)
  to   space 33792K, 0% used [0x00000000fbd00000,0x00000000fbd00000,0x00000000fde00000)
 ParOldGen       total 44544K, used 25822K [0x00000000d2200000, 0x00000000d4d80000, 0x00000000f0b80000)
  object space 44544K, 57% used [0x00000000d2200000,0x00000000d3b379d8,0x00000000d4d80000)
 Metaspace       used 26937K, capacity 27134K, committed 27520K, reserved 1073152K
  class space    used 2813K, capacity 2905K, committed 2944K, reserved 1048576K
}

Deoptimization events (10 events):
Event: 29.359 Thread 0x000000000215b800 Uncommon trap: reason=bimorphic action=maybe_recompile pc=0x0000000002f5c740 method=java.util.Hashtable.get(Ljava/lang/Object;)Ljava/lang/Object; @ 45
Event: 29.363 Thread 0x000000000215b800 Uncommon trap: reason=predicate action=maybe_recompile pc=0x0000000002c45048 method=java.util.ArrayList.indexOf(Ljava/lang/Object;)I @ 44
Event: 29.454 Thread 0x00000000579d7800 Uncommon trap: reason=bimorphic action=maybe_recompile pc=0x0000000002bec0ac method=java.util.HashMap.putVal(ILjava/lang/Object;Ljava/lang/Object;ZZ)Ljava/lang/Object; @ 203
Event: 29.454 Thread 0x00000000579d7800 Uncommon trap: reason=bimorphic action=maybe_recompile pc=0x0000000002bec0ac method=java.util.HashMap.putVal(ILjava/lang/Object;Ljava/lang/Object;ZZ)Ljava/lang/Object; @ 203
Event: 29.454 Thread 0x00000000579d7800 Uncommon trap: reason=bimorphic action=maybe_recompile pc=0x0000000002bec0ac method=java.util.HashMap.putVal(ILjava/lang/Object;Ljava/lang/Object;ZZ)Ljava/lang/Object; @ 203
Event: 29.929 Thread 0x00000000579d7800 Uncommon trap: reason=unstable_if action=reinterpret pc=0x0000000002f32250 method=java.util.WeakHashMap.get(Ljava/lang/Object;)Ljava/lang/Object; @ 35
Event: 30.293 Thread 0x00000000579da800 Uncommon trap: reason=unstable_if action=reinterpret pc=0x0000000002bd5948 method=java.util.HashMap$HashIterator.<init>(Ljava/util/HashMap;)V @ 38
Event: 30.398 Thread 0x00000000579da800 Uncommon trap: reason=unstable_if action=reinterpret pc=0x000000000307aab8 method=java.awt.image.ComponentSampleModel.getDataElements(IILjava/lang/Object;Ljava/awt/image/DataBuffer;)Ljava/lang/Object; @ 101
Event: 30.442 Thread 0x00000000579da800 Uncommon trap: reason=unstable_if action=reinterpret pc=0x00000000029dd3ac method=java.util.HashMap$HashIterator.<init>(Ljava/util/HashMap;)V @ 38
Event: 37.281 Thread 0x00000000579de800 Uncommon trap: reason=unstable_if action=reinterpret pc=0x0000000002e9c64c method=computervision.SceneClassifier.run()V @ 82

Internal exceptions (10 events):
Event: 2.351 Thread 0x000000000215b800 Exception <a 'java/io/FileNotFoundException'> (0x00000000f1bdbab0) thrown at [C:\re\workspace\8-2-build-windows-amd64-cygwin\jdk8u66\5298\hotspot\src\share\vm\prims\jni.cpp, line 709]
Event: 2.383 Thread 0x000000000215b800 Implicit null exception at 0x0000000002b69445 to 0x0000000002b69619
Event: 23.202 Thread 0x000000000215b800 Implicit null exception at 0x00000000029bf8ab to 0x00000000029c02cd
Event: 28.624 Thread 0x000000000215b800 Implicit null exception at 0x0000000002b46dab to 0x0000000002b46e75
Event: 29.260 Thread 0x000000000215b800 Implicit null exception at 0x0000000002a82b47 to 0x0000000002a82edd
Event: 29.261 Thread 0x000000000215b800 Implicit null exception at 0x0000000002a48304 to 0x0000000002a4864d
Event: 30.293 Thread 0x00000000579da800 Implicit null exception at 0x0000000002bd5781 to 0x0000000002bd5931
Event: 30.398 Thread 0x00000000579da800 Implicit null exception at 0x0000000003079d7e to 0x000000000307aa9b
Event: 30.442 Thread 0x00000000579da800 Implicit null exception at 0x00000000029dd29f to 0x00000000029dd395
Event: 37.642 Thread 0x00000000579da000 Exception <a 'java/lang/InterruptedException': sleep interrupted> (0x00000000f2954038) thrown at [C:\re\workspace\8-2-build-windows-amd64-cygwin\jdk8u66\5298\hotspot\src\share\vm\prims\jvm.cpp, line 3215]

Events (10 events):
Event: 37.665 loading class java/lang/Process done
Event: 37.665 loading class java/lang/ProcessImpl done
Event: 37.669 Thread 0x00000000579d7800 Thread exited: 0x00000000579d7800
Event: 37.711 loading class java/lang/ProcessImpl$2
Event: 37.711 loading class java/lang/ProcessImpl$2 done
Event: 37.711 loading class java/lang/ProcessBuilder$NullInputStream
Event: 37.711 loading class java/lang/ProcessBuilder$NullInputStream done
Event: 37.711 Thread 0x00000000579d8800 Thread exited: 0x00000000579d8800
Event: 37.750 Thread 0x00000000579d9000 Thread exited: 0x00000000579d9000
Event: 37.753 Executing VM operation: Exit


Dynamic libraries:
0x000000013f880000 - 0x000000013f8b7000 	C:\Program Files\Java\jre1.8.0_66\bin\javaw.exe
0x0000000077c80000 - 0x0000000077e29000 	C:\windows\SYSTEM32\ntdll.dll
0x000007fef29f0000 - 0x000007fef2a23000 	C:\Program Files\AVAST Software\Avast\x64\aswhooka.dll
0x0000000077b60000 - 0x0000000077c80000 	C:\windows\system32\kernel32.dll
0x000007fefdbd0000 - 0x000007fefdc3c000 	C:\windows\system32\KERNELBASE.dll
0x000007feff9b0000 - 0x000007feffa8b000 	C:\windows\system32\ADVAPI32.dll
0x000007feff1c0000 - 0x000007feff25f000 	C:\windows\system32\msvcrt.dll
0x000007fefdf00000 - 0x000007fefdf1f000 	C:\windows\SYSTEM32\sechost.dll
0x000007feff410000 - 0x000007feff53d000 	C:\windows\system32\RPCRT4.dll
0x0000000077a60000 - 0x0000000077b5a000 	C:\windows\system32\USER32.dll
0x000007fefde80000 - 0x000007fefdee7000 	C:\windows\system32\GDI32.dll
0x000007feffab0000 - 0x000007feffabe000 	C:\windows\system32\LPK.dll
0x000007feff750000 - 0x000007feff819000 	C:\windows\system32\USP10.dll
0x000007fefc400000 - 0x000007fefc5f4000 	C:\windows\WinSxS\amd64_microsoft.windows.common-controls_6595b64144ccf1df_6.0.7601.18837_none_fa3b1e3d17594757\COMCTL32.dll
0x000007fefff10000 - 0x000007fefff81000 	C:\windows\system32\SHLWAPI.dll
0x000007feffee0000 - 0x000007fefff0e000 	C:\windows\system32\IMM32.DLL
0x000007feffdd0000 - 0x000007feffed9000 	C:\windows\system32\MSCTF.dll
0x000000006aa50000 - 0x000000006ab22000 	C:\Program Files\Java\jre1.8.0_66\bin\msvcr100.dll
0x000000005f5d0000 - 0x000000005fe59000 	C:\Program Files\Java\jre1.8.0_66\bin\server\jvm.dll
0x000007fef6090000 - 0x000007fef6099000 	C:\windows\system32\WSOCK32.dll
0x000007feff260000 - 0x000007feff2ad000 	C:\windows\system32\WS2_32.dll
0x000007fefdef0000 - 0x000007fefdef8000 	C:\windows\system32\NSI.dll
0x000007fefb900000 - 0x000007fefb93b000 	C:\windows\system32\WINMM.dll
0x000007fefcac0000 - 0x000007fefcacc000 	C:\windows\system32\VERSION.dll
0x0000000077e40000 - 0x0000000077e47000 	C:\windows\system32\PSAPI.DLL
0x0000000071500000 - 0x000000007150f000 	C:\Program Files\Java\jre1.8.0_66\bin\verify.dll
0x000000006e750000 - 0x000000006e779000 	C:\Program Files\Java\jre1.8.0_66\bin\java.dll
0x000000006e790000 - 0x000000006e7a6000 	C:\Program Files\Java\jre1.8.0_66\bin\zip.dll
0x000007fefe1f0000 - 0x000007fefef79000 	C:\windows\system32\SHELL32.dll
0x000007feff540000 - 0x000007feff743000 	C:\windows\system32\ole32.dll
0x000007fefda20000 - 0x000007fefda2f000 	C:\windows\system32\profapi.dll
0x000000006a8b0000 - 0x000000006aa48000 	C:\Program Files\Java\jre1.8.0_66\bin\awt.dll
0x000007feff330000 - 0x000007feff407000 	C:\windows\system32\OLEAUT32.dll
0x000007fefd240000 - 0x000007fefd258000 	C:\windows\system32\CRYPTSP.dll
0x000007fefcf50000 - 0x000007fefcf97000 	C:\windows\system32\rsaenh.dll
0x000007fefdcf0000 - 0x000007fefdd0e000 	C:\windows\system32\USERENV.dll
0x000007fefd8c0000 - 0x000007fefd8cf000 	C:\windows\system32\CRYPTBASE.dll
0x000000006e730000 - 0x000000006e74a000 	C:\Program Files\Java\jre1.8.0_66\bin\net.dll
0x000007fefd1e0000 - 0x000007fefd235000 	C:\windows\system32\mswsock.dll
0x000007fefd460000 - 0x000007fefd467000 	C:\windows\System32\wship6.dll
0x000007fefb020000 - 0x000007fefb047000 	C:\windows\system32\IPHLPAPI.DLL
0x000007fefb010000 - 0x000007fefb01b000 	C:\windows\system32\WINNSI.DLL
0x000007fefacd0000 - 0x000007feface1000 	C:\windows\system32\dhcpcsvc6.DLL
0x000007fefacb0000 - 0x000007fefacc8000 	C:\windows\system32\dhcpcsvc.DLL
0x000000006e710000 - 0x000000006e721000 	C:\Program Files\Java\jre1.8.0_66\bin\nio.dll
0x000007fef07b0000 - 0x000007fef07d9000 	C:\Users\seibert\AppData\Local\Temp\BridJExtractedLibraries5374427196101019950\bridj.dll
0x000007fef0770000 - 0x000007fef07a6000 	C:\Users\seibert\AppData\Local\Temp\BridJExtractedLibraries5374427196101019950\OpenIMAJGrabber.dll
0x000007fefc220000 - 0x000007fefc276000 	C:\windows\system32\uxtheme.dll
0x000007feffd30000 - 0x000007feffdc9000 	C:\windows\system32\CLBCatQ.DLL
0x000007fef0750000 - 0x000007fef0766000 	C:\Windows\system32\devenum.dll
0x000007fefef80000 - 0x000007feff157000 	C:\windows\system32\setupapi.dll
0x000007fefdc50000 - 0x000007fefdc86000 	C:\windows\system32\CFGMGR32.dll
0x000007fefda40000 - 0x000007fefda5a000 	C:\windows\system32\DEVOBJ.dll
0x000007fefbd10000 - 0x000007fefbd3d000 	C:\windows\system32\ntmarta.dll
0x000007feff160000 - 0x000007feff1b2000 	C:\windows\system32\WLDAP32.dll
0x000007fefdc90000 - 0x000007fefdccb000 	C:\windows\system32\WINTRUST.dll
0x000007fefda60000 - 0x000007fefdbcd000 	C:\windows\system32\CRYPT32.dll
0x000007fefda30000 - 0x000007fefda3f000 	C:\windows\system32\MSASN1.dll
0x000007fef0930000 - 0x000007fef093d000 	C:\windows\system32\msdmo.dll
0x000007fefbcf0000 - 0x000007fefbd08000 	C:\windows\system32\dwmapi.dll
0x000007fef02f0000 - 0x000007fef031f000 	C:\Windows\system32\qcap.dll
0x000007fee8e00000 - 0x000007fee8fb3000 	C:\Windows\system32\quartz.dll
0x000007fef02a0000 - 0x000007fef02e1000 	C:\Windows\system32\ksproxy.ax
0x0000000074c10000 - 0x0000000074c16000 	C:\Windows\system32\ksuser.dll
0x000007feeef90000 - 0x000007feef18f000 	C:\Windows\system32\d3d9.dll
0x000007fef2e60000 - 0x000007fef2e67000 	C:\Windows\system32\d3d8thk.dll
0x000007fef0e00000 - 0x000007fef0e0b000 	C:\Windows\system32\vidcap.ax
0x000007feee610000 - 0x000007feee634000 	C:\Windows\system32\kswdmcap.ax
0x000007feee4b0000 - 0x000007feee60c000 	C:\Windows\system32\MFC42.dll
0x000007fef6960000 - 0x000007fef6a11000 	C:\Windows\system32\ODBC32.dll
0x0000000074c70000 - 0x0000000074ca8000 	C:\Windows\system32\odbcint.dll
0x000007fee8d60000 - 0x000007fee8dfb000 	C:\Windows\System32\qedit.dll
0x000007feee480000 - 0x000007feee4a9000 	C:\Windows\System32\MSVFW32.dll
0x000007fefdde0000 - 0x000007fefde77000 	C:\windows\system32\COMDLG32.dll
0x000007fefc000000 - 0x000007fefc216000 	C:\windows\WinSxS\amd64_microsoft.windows.gdiplus_6595b64144ccf1df_1.1.7601.19054_none_2b28591471e9a18f\gdiplus.dll
0x000007fee8c60000 - 0x000007fee8d51000 	C:\windows\system32\DDRAW.dll
0x000007fef0920000 - 0x000007fef0928000 	C:\windows\system32\DCIMAN32.dll
0x000007fee8bb0000 - 0x000007fee8c56000 	C:\Users\seibert\.javacpp\cache\hdf5-1.10.0-patch1-1.3-windows-x86_64.jar\org\bytedeco\javacpp\windows-x86_64\msvcp120.dll
0x000007fee8ac0000 - 0x000007fee8baf000 	C:\Program Files\Java\jre1.8.0_66\bin\MSVCR120.dll
0x000007fee89d0000 - 0x000007fee8abf000 	C:\Users\seibert\.javacpp\cache\hdf5-1.10.0-patch1-1.3-windows-x86_64.jar\org\bytedeco\javacpp\windows-x86_64\msvcr120.dll
0x000007fee8580000 - 0x000007fee89c2000 	C:\Users\seibert\.javacpp\cache\hdf5-1.10.0-patch1-1.3-windows-x86_64.jar\org\bytedeco\javacpp\windows-x86_64\jnihdf5.dll
0x0000000069480000 - 0x00000000698c2000 	C:\Users\seibert\.javacpp\cache\nd4j-native-0.8.0-windows-x86_64.jar\org\nd4j\nativeblas\windows-x86_64\libnd4jcpu.dll
0x0000000066880000 - 0x000000006691b000 	C:\Users\seibert\.javacpp\cache\nd4j-native-0.8.0-windows-x86_64.jar\org\nd4j\nativeblas\windows-x86_64\jnind4jcpu.dll
0x000000005d050000 - 0x000000005f4b2000 	C:\Users\seibert\.javacpp\cache\openblas-0.2.19-1.3-windows-x86_64.jar\org\bytedeco\javacpp\windows-x86_64\libopenblas.dll
0x0000000067800000 - 0x0000000068599000 	C:\Users\seibert\.javacpp\cache\openblas-0.2.19-1.3-windows-x86_64.jar\org\bytedeco\javacpp\windows-x86_64\jniopenblas.dll
0x000007fee79b0000 - 0x000007fee8577000 	F:\Anaconda\Library\bin\mkl_rt.dll
0x000007fee62f0000 - 0x000007fee79a9000 	F:\Anaconda\Library\bin\mkl_intel_thread.dll
0x000007fee4af0000 - 0x000007fee62ef000 	F:\Anaconda\Library\bin\mkl_core.dll
0x000007fee49a0000 - 0x000007fee4aee000 	F:\Anaconda\Library\bin\libiomp5md.dll
0x000000006b710000 - 0x000000006b757000 	C:\Program Files\Java\jre1.8.0_66\bin\fontmanager.dll
0x000000006b6c0000 - 0x000000006b702000 	C:\Program Files\Java\jre1.8.0_66\bin\t2k.dll
0x000007fefd860000 - 0x000007fefd8b7000 	C:\windows\system32\apphelp.dll
0x000007fef40a0000 - 0x000007fef41c5000 	C:\windows\system32\dbghelp.dll

VM Arguments:
jvm_args: -Djava.library.path=F:\Workspaces\CameraVision\CameraVision\dll -Dfile.encoding=UTF-8 
java_command: cameraUI.Start
java_class_path (initial): F:\Workspaces\CameraVision\CameraVision\target\classes;F:\Workspaces\CameraVision\CameraVision\jar\ufdw-jogamp2.jar;C:\Users\seibert\.m2\repository\org\nd4j\nd4j-native-platform\0.8.0\nd4j-native-platform-0.8.0.jar;C:\Users\seibert\.m2\repository\org\nd4j\nd4j-native\0.8.0\nd4j-native-0.8.0.jar;C:\Users\seibert\.m2\repository\org\bytedeco\javacpp\1.3.2\javacpp-1.3.2.jar;C:\Users\seibert\.m2\repository\org\bytedeco\javacpp-presets\openblas-platform\0.2.19-1.3\openblas-platform-0.2.19-1.3.jar;C:\Users\seibert\.m2\repository\org\bytedeco\javacpp-presets\openblas\0.2.19-1.3\openblas-0.2.19-1.3.jar;C:\Users\seibert\.m2\repository\org\bytedeco\javacpp-presets\openblas\0.2.19-1.3\openblas-0.2.19-1.3-android-arm.jar;C:\Users\seibert\.m2\repository\org\bytedeco\javacpp-presets\openblas\0.2.19-1.3\openblas-0.2.19-1.3-android-x86.jar;C:\Users\seibert\.m2\repository\org\bytedeco\javacpp-presets\openblas\0.2.19-1.3\openblas-0.2.19-1.3-linux-x86.jar;C:\Users\seibert\.m2\repository\org\bytedeco\javacpp-presets\openblas\0.2.19-1.3\openblas-0.2.19-1.3-linux-x86_64.jar;C:\Users\seibert\.m2\repository\org\bytedeco\javacpp-presets\openblas\0.2.19-1.3\openblas-0.2.19-1.3-linux-armhf.jar;C:\Users\seibert\.m2\repository\org\bytedeco\javacpp-presets\openblas\0.2.19-1.3\openblas-0.2.19-1.3-linux-ppc64le.jar;C:\Users\seibert\.m2\repository\org\bytedeco\javacpp-presets\openblas\0.2.19-1.3\openblas-0.2.19-1.3-macosx-x86_64.jar;C:\Users\seibert\.m2\repository\org\bytedeco\javacpp-presets\openblas\0.2.19-1.3\openblas-0.2.19-1.3-windows-x86.jar;C:\Users\seibert\.m2\repository\org\bytedeco\javacpp-presets\openblas\0.2.19-1.3\openblas-0.2.19-1.3-windows-x86_64.jar;C:\Users\seibert\.m2\repository\org\nd4j\nd4j-native-api\0.8.0\nd4j-native-api-0.8.0.jar;C:\Users\seibert\.m2\repository\org\nd4j\nd4j-native\0.8.0\nd4j-native-0.8.0-android-arm.jar;C:\Users\seibert\.m2\repository\org\nd4j\nd4j-native\0.8.0\nd4j-native-0.8.0-android-x86.jar;C:\Users\seibert\.m2\repository\org\
Launcher Type: SUN_STANDARD

Environment Variables:
CLASSPATH=.;.;C:\PROGRA~2\JMF21~1.1E\lib\sound.jar;C:\PROGRA~2\JMF21~1.1E\lib\jmf.jar;C:\PROGRA~2\JMF21~1.1E\lib;
PATH=C:/Program Files/Java/jre1.8.0_66/bin/server;C:/Program Files/Java/jre1.8.0_66/bin;C:/Program Files/Java/jre1.8.0_66/lib/amd64;C:\ProgramData\Oracle\Java\javapath;C:\Program Files\Common Files\Microsoft Shared\Windows Live;C:\Program Files (x86)\Common Files\Microsoft Shared\Windows Live;C:\windows\system32;C:\windows;C:\windows\System32\Wbem;C:\windows\System32\WindowsPowerShell\v1.0\;c:\Program Files (x86)\Common Files\Roxio Shared\OEM\DLLShared\;c:\Program Files (x86)\Common Files\Roxio Shared\OEM\DLLShared\;c:\Program Files (x86)\Common Files\Roxio Shared\OEM\12.0\DLLShared\;c:\Program Files (x86)\Roxio\OEM\AudioCore\;C:\Program Files\WIDCOMM\Bluetooth Software\;C:\Program Files\WIDCOMM\Bluetooth Software\syswow64;C:\Program Files (x86)\Windows Live\Shared;C:\Ruby22-x64\bin;C:\Program Files\Microsoft SQL Server\120\Tools\Binn\;C:\TDM-GCC-64\bin;F:\Anaconda;F:\Anaconda\Scripts;F:\Anaconda\Library\bin;C:\Program Files (x86)\Skype\Phone\;F:\Anaconda\;F:\Anaconda\Scripts;F:\Anaconda\Library\bin;C:\Program Files\Zenmap;C:\Users\seibert\Desktop;
USERNAME=seibert
OS=Windows_NT
PROCESSOR_IDENTIFIER=Intel64 Family 6 Model 37 Stepping 5, GenuineIntel



---------------  S Y S T E M  ---------------

OS: Windows 7 , 64 bit Build 7601 (6.1.7601.19045)

CPU:total 4 (2 cores per cpu, 2 threads per core) family 6 model 37 stepping 5, cmov, cx8, fxsr, mmx, sse, sse2, sse3, ssse3, sse4.1, sse4.2, popcnt, ht, tsc, tscinvbit

Memory: 4k page, physical 3005116k(770324k free), swap 6008396k(3032616k free)

vm_info: Java HotSpot(TM) 64-Bit Server VM (25.66-b18) for windows-amd64 JRE (1.8.0_66-b18), built on Nov  9 2015 10:51:13 by "java_re" with MS VC++ 10.0 (VS2010)

time: Tue Mar 28 13:03:29 2017
elapsed time: 38 seconds (0d 0h 0m 38s)

