#
# A fatal error has been detected by the Java Runtime Environment:
#
#  EXCEPTION_ACCESS_VIOLATION (0xc0000005) at pc=0x000007fee783fdfc, pid=580, tid=6392
#
# JRE version: Java(TM) SE Runtime Environment (8.0_66-b18) (build 1.8.0_66-b18)
# Java VM: Java HotSpot(TM) 64-Bit Server VM (25.66-b18 mixed mode windows-amd64 compressed oops)
# Problematic frame:
# C  [jnihdf5.dll+0x17fdfc]
#
# Failed to write core dump. Minidumps are not enabled by default on client versions of Windows
#
# If you would like to submit a bug report, please visit:
#   http://bugreport.java.com/bugreport/crash.jsp
# The crash happened outside the Java Virtual Machine in native code.
# See problematic frame for where to report the bug.
#

---------------  T H R E A D  ---------------

Current thread (0x0000000057c72000):  JavaThread "JavaCPP Deallocator" daemon [_thread_in_native, id=6392, stack(0x000000005be40000,0x000000005bf40000)]

siginfo: ExceptionCode=0xc0000005, reading address 0xffffffffffffffff

Registers:
RAX=0x0400000000000148, RBX=0x000007fee7acc088, RCX=0x000007fee7acc088, RDX=0x000000000018cf90
RSP=0x000000005bf3f170, RBP=0x000000000018cf90, RSI=0x000000000018cf90, RDI=0x0000000018e17ff3
R8 =0x0000000018e17ff3, R9 =0x000000000018cf90, R10=0x0000000018e17ff3, R11=0x000000005c48d430
R12=0x0000000000000000, R13=0xffffffffffffffff, R14=0x0000000000000001, R15=0x000000005c48b030
RIP=0x000007fee783fdfc, EFLAGS=0x0000000000010206

Top of Stack: (sp=0x000000005bf3f170)
0x000000005bf3f170:   000000005c4605c0 000007fee78401cf
0x000000005bf3f180:   000000005c48d6b0 000007fee784e73e
0x000000005bf3f190:   000000005c48c270 000000005c48c2f0
0x000000005bf3f1a0:   000000005a121040 000007fee77a6ad6
0x000000005bf3f1b0:   000000005c48b030 000007fee784493d
0x000000005bf3f1c0:   0000000000000004 000007fee7856120
0x000000005bf3f1d0:   0000000000000000 000000005c502d20
0x000000005bf3f1e0:   0000000000000003 000007fee77a46b1
0x000000005bf3f1f0:   000000005c502d20 000007fee784b57c
0x000000005bf3f200:   000000000018cf90 000007fee7843eb1
0x000000005bf3f210:   000000005c48b030 000000000018cf90
0x000000005bf3f220:   000000005c495230 0000000057c72000
0x000000005bf3f230:   0000000057c72000 0000000000000000
0x000000005bf3f240:   000000005c48c430 000007fee784e73e
0x000000005bf3f250:   000007fee79d42b0 000000005c48b130
0x000000005bf3f260:   000000005c48d430 000000005bf3f701 

Instructions: (pc=0x000007fee783fdfc)
0x000007fee783fddc:   00 48 8d 15 24 58 1a 00 33 c9 e8 35 db ff ff 33
0x000007fee783fdec:   c0 48 83 c4 40 5b c3 48 8b 43 20 48 85 c0 74 1b
0x000007fee783fdfc:   48 8b 08 ff 4b 08 48 89 4b 20 48 8b 4b 18 48 29
0x000007fee783fe0c:   0d e7 07 29 00 48 83 c4 40 5b c3 48 8b 4b 18 e8 


Register to memory mapping:

RAX=0x0400000000000148 is an unknown value
RBX=0x000007fee7acc088 is an unknown value
RCX=0x000007fee7acc088 is an unknown value
RDX=0x000000000018cf90 is an unknown value
RSP=0x000000005bf3f170 is pointing into the stack for thread: 0x0000000057c72000
RBP=0x000000000018cf90 is an unknown value
RSI=0x000000000018cf90 is an unknown value
RDI=0x0000000018e17ff3 is an unknown value
R8 =0x0000000018e17ff3 is an unknown value
R9 =0x000000000018cf90 is an unknown value
R10=0x0000000018e17ff3 is an unknown value
R11=0x000000005c48d430 is an unknown value
R12=0x0000000000000000 is an unknown value
R13=0xffffffffffffffff is an unknown value
R14=0x0000000000000001 is an unknown value
R15=0x000000005c48b030 is an unknown value


Stack: [0x000000005be40000,0x000000005bf40000],  sp=0x000000005bf3f170,  free space=1020k
Native frames: (J=compiled Java code, j=interpreted, Vv=VM code, C=native code)
C  [jnihdf5.dll+0x17fdfc]
C  [jnihdf5.dll+0x18493d]
C  [jnihdf5.dll+0x183eb1]
C  [jnihdf5.dll+0x181fab]
C  [jnihdf5.dll+0xe2d14]
C  [jnihdf5.dll+0x133ed1]
C  [jnihdf5.dll+0x1bd11a]
C  [jnihdf5.dll+0x133ed1]
C  [jnihdf5.dll+0x133ce7]
C  [jnihdf5.dll+0x133da7]
C  [jnihdf5.dll+0xf4fd3]
C  [jnihdf5.dll+0xc8b41]
C  [jnihdf5.dll+0xc8ab6]
C  [jnihdf5.dll+0xf1d7]
C  0x0000000002e39b01

Java frames: (J=compiled Java code, j=interpreted, Vv=VM code)
J 1366  org.bytedeco.javacpp.Pointer$NativeDeallocator.deallocate(JJ)V (0 bytes) @ 0x0000000002e39a7b [0x0000000002e39a40+0x3b]
J 1757 C2 org.bytedeco.javacpp.Pointer$DeallocatorReference.clear()V (60 bytes) @ 0x0000000002fac690 [0x0000000002fac620+0x70]
j  org.bytedeco.javacpp.Pointer$DeallocatorThread.run()V+11
v  ~StubRoutines::call_stub

---------------  P R O C E S S  ---------------

Java Threads: ( => current thread )
=>0x0000000057c72000 JavaThread "JavaCPP Deallocator" daemon [_thread_in_native, id=6392, stack(0x000000005be40000,0x000000005bf40000)]
  0x0000000057c6e000 JavaThread "notificator-[Integrated Webcam 0]" daemon [_thread_blocked, id=7104, stack(0x000000005bcf0000,0x000000005bdf0000)]
  0x0000000057c71000 JavaThread "webcam-panel-scheduled-executor-1" daemon [_thread_blocked, id=3348, stack(0x000000005bb40000,0x000000005bc40000)]
  0x0000000057c70800 JavaThread "AWT-EventQueue-0" [_thread_blocked, id=2960, stack(0x000000005b9c0000,0x000000005bac0000)]
  0x0000000057c6f000 JavaThread "AWT-Shutdown" [_thread_blocked, id=2688, stack(0x000000005ab30000,0x000000005ac30000)]
  0x0000000057c6c800 JavaThread "frames-refresher-[0]" daemon [_thread_blocked, id=6636, stack(0x000000005a9d0000,0x000000005aad0000)]
  0x0000000057c6f800 JavaThread "webcam-lock-[Integrated Webcam 0]" daemon [_thread_blocked, id=4660, stack(0x000000005a4b0000,0x000000005a5b0000)]
  0x0000000057c6d800 JavaThread "AWT-Windows" daemon [_thread_in_native, id=4596, stack(0x0000000059a00000,0x0000000059b00000)]
  0x0000000057c6c000 JavaThread "Java2D Disposer" daemon [_thread_blocked, id=2620, stack(0x0000000059840000,0x0000000059940000)]
  0x0000000057c6b000 JavaThread "webcam-discovery-service" daemon [_thread_blocked, id=4720, stack(0x0000000057190000,0x0000000057290000)]
  0x00000000570e3000 JavaThread "atomic-processor-1" daemon [_thread_in_native, id=4436, stack(0x0000000056710000,0x0000000056810000)]
  0x0000000055b3d800 JavaThread "Service Thread" daemon [_thread_blocked, id=6844, stack(0x0000000056110000,0x0000000056210000)]
  0x00000000546af000 JavaThread "C1 CompilerThread2" daemon [_thread_blocked, id=4684, stack(0x0000000056610000,0x0000000056710000)]
  0x00000000546aa000 JavaThread "C2 CompilerThread1" daemon [_thread_blocked, id=5736, stack(0x0000000056450000,0x0000000056550000)]
  0x0000000055aba800 JavaThread "C2 CompilerThread0" daemon [_thread_blocked, id=5780, stack(0x0000000055ec0000,0x0000000055fc0000)]
  0x0000000055ab9000 JavaThread "Attach Listener" daemon [_thread_blocked, id=264, stack(0x0000000056220000,0x0000000056320000)]
  0x0000000055ab6800 JavaThread "Signal Dispatcher" daemon [_thread_blocked, id=5244, stack(0x0000000055ff0000,0x00000000560f0000)]
  0x0000000054650000 JavaThread "Finalizer" daemon [_thread_blocked, id=7020, stack(0x00000000559b0000,0x0000000055ab0000)]
  0x0000000054649000 JavaThread "Reference Handler" daemon [_thread_blocked, id=6308, stack(0x00000000557f0000,0x00000000558f0000)]
  0x000000000215b800 JavaThread "main" [_thread_in_native, id=3396, stack(0x0000000002510000,0x0000000002610000)]

Other Threads:
  0x000000005463f800 VMThread [stack: 0x00000000556f0000,0x00000000557f0000] [id=2444]
  0x0000000055baa800 WatcherThread [stack: 0x0000000056810000,0x0000000056910000] [id=7124]

VM state:not at safepoint (normal execution)

VM Mutex/Monitor currently owned by a thread: None

Heap:
 PSYoungGen      total 86528K, used 37295K [0x00000000f0b80000, 0x00000000f6800000, 0x0000000100000000)
  eden space 80384K, 40% used [0x00000000f0b80000,0x00000000f2b23928,0x00000000f5a00000)
  from space 6144K, 79% used [0x00000000f6080000,0x00000000f6548410,0x00000000f6680000)
  to   space 6656K, 0% used [0x00000000f5a00000,0x00000000f5a00000,0x00000000f6080000)
 ParOldGen       total 23040K, used 8490K [0x00000000d2200000, 0x00000000d3880000, 0x00000000f0b80000)
  object space 23040K, 36% used [0x00000000d2200000,0x00000000d2a4abf0,0x00000000d3880000)
 Metaspace       used 21666K, capacity 21878K, committed 22272K, reserved 1069056K
  class space    used 2148K, capacity 2217K, committed 2304K, reserved 1048576K

Card table byte_map: [0x0000000011ca0000,0x0000000011e10000] byte_map_base: 0x000000001160f000

Marking Bits: (ParMarkBitMap*) 0x0000000063fda5b0
 Begin Bits: [0x0000000012450000, 0x0000000012fc8000)
 End Bits:   [0x0000000012fc8000, 0x0000000013b40000)

Polling page: 0x0000000000440000

CodeCache: size=245760Kb used=7418Kb max_used=7430Kb free=238341Kb
 bounds [0x00000000028e0000, 0x0000000003040000, 0x00000000118e0000]
 total_blobs=2873 nmethods=1796 adapters=990
 compilation: enabled

Compilation events (10 events):
Event: 15.638 Thread 0x00000000546af000 1819 % !   3       java.lang.ref.Reference$ReferenceHandler::run @ 0 (102 bytes)
Event: 15.638 Thread 0x00000000546aa000 nmethod 1743 0x000000000301fb50 code [0x00000000030203e0, 0x0000000003027f60]
Event: 15.640 Thread 0x00000000546aa000 1794       4       org.nd4j.linalg.api.ndarray.BaseNDArray::addi (86 bytes)
Event: 15.640 Thread 0x00000000546af000 nmethod 1819% 0x0000000002a4d8d0 code [0x0000000002a4db40, 0x0000000002a4ea18]
Event: 15.641 Thread 0x00000000546af000 1820   !   3       java.lang.ref.Reference$ReferenceHandler::run (102 bytes)
Event: 15.642 Thread 0x00000000546af000 nmethod 1820 0x0000000002ff58d0 code [0x0000000002ff5b20, 0x0000000002ff69d8]
Event: 15.644 Thread 0x00000000546af000 1821       3       java.util.regex.Pattern$BnM::match (161 bytes)
Event: 15.645 Thread 0x00000000546af000 nmethod 1821 0x0000000002a63010 code [0x0000000002a631e0, 0x0000000002a63958]
Event: 15.651 Thread 0x00000000546af000 1823       1       org.nd4j.linalg.api.buffer.BaseDataBuffer::length (5 bytes)
Event: 15.652 Thread 0x00000000546af000 nmethod 1823 0x00000000029eb1d0 code [0x00000000029eb320, 0x00000000029eb430]

GC Heap History (10 events):
Event: 12.701 GC heap before
{Heap before GC invocations=11 (full 1):
 PSYoungGen      total 41984K, used 2186K [0x00000000f0b80000, 0x00000000f3880000, 0x0000000100000000)
  eden space 37888K, 0% used [0x00000000f0b80000,0x00000000f0b80000,0x00000000f3080000)
  from space 4096K, 53% used [0x00000000f3480000,0x00000000f36a2a20,0x00000000f3880000)
  to   space 4096K, 0% used [0x00000000f3080000,0x00000000f3080000,0x00000000f3480000)
 ParOldGen       total 31744K, used 5054K [0x00000000d2200000, 0x00000000d4100000, 0x00000000f0b80000)
  object space 31744K, 15% used [0x00000000d2200000,0x00000000d26ef920,0x00000000d4100000)
 Metaspace       used 20856K, capacity 21014K, committed 21248K, reserved 1069056K
  class space    used 2095K, capacity 2185K, committed 2304K, reserved 1048576K
Event: 12.846 GC heap after
Heap after GC invocations=11 (full 1):
 PSYoungGen      total 41984K, used 0K [0x00000000f0b80000, 0x00000000f3880000, 0x0000000100000000)
  eden space 37888K, 0% used [0x00000000f0b80000,0x00000000f0b80000,0x00000000f3080000)
  from space 4096K, 0% used [0x00000000f3480000,0x00000000f3480000,0x00000000f3880000)
  to   space 4096K, 0% used [0x00000000f3080000,0x00000000f3080000,0x00000000f3480000)
 ParOldGen       total 23040K, used 5546K [0x00000000d2200000, 0x00000000d3880000, 0x00000000f0b80000)
  object space 23040K, 24% used [0x00000000d2200000,0x00000000d276a820,0x00000000d3880000)
 Metaspace       used 20856K, capacity 21014K, committed 21248K, reserved 1069056K
  class space    used 2095K, capacity 2185K, committed 2304K, reserved 1048576K
}
Event: 13.214 GC heap before
{Heap before GC invocations=12 (full 1):
 PSYoungGen      total 41984K, used 37888K [0x00000000f0b80000, 0x00000000f3880000, 0x0000000100000000)
  eden space 37888K, 100% used [0x00000000f0b80000,0x00000000f3080000,0x00000000f3080000)
  from space 4096K, 0% used [0x00000000f3480000,0x00000000f3480000,0x00000000f3880000)
  to   space 4096K, 0% used [0x00000000f3080000,0x00000000f3080000,0x00000000f3480000)
 ParOldGen       total 23040K, used 5546K [0x00000000d2200000, 0x00000000d3880000, 0x00000000f0b80000)
  object space 23040K, 24% used [0x00000000d2200000,0x00000000d276a820,0x00000000d3880000)
 Metaspace       used 21226K, capacity 21430K, committed 21760K, reserved 1069056K
  class space    used 2128K, capacity 2217K, committed 2304K, reserved 1048576K
Event: 13.222 GC heap after
Heap after GC invocations=12 (full 1):
 PSYoungGen      total 41984K, used 4090K [0x00000000f0b80000, 0x00000000f4b00000, 0x0000000100000000)
  eden space 37888K, 0% used [0x00000000f0b80000,0x00000000f0b80000,0x00000000f3080000)
  from space 4096K, 99% used [0x00000000f3080000,0x00000000f347eb88,0x00000000f3480000)
  to   space 5120K, 0% used [0x00000000f4600000,0x00000000f4600000,0x00000000f4b00000)
 ParOldGen       total 23040K, used 7695K [0x00000000d2200000, 0x00000000d3880000, 0x00000000f0b80000)
  object space 23040K, 33% used [0x00000000d2200000,0x00000000d2983d48,0x00000000d3880000)
 Metaspace       used 21226K, capacity 21430K, committed 21760K, reserved 1069056K
  class space    used 2128K, capacity 2217K, committed 2304K, reserved 1048576K
}
Event: 13.896 GC heap before
{Heap before GC invocations=13 (full 1):
 PSYoungGen      total 41984K, used 41978K [0x00000000f0b80000, 0x00000000f4b00000, 0x0000000100000000)
  eden space 37888K, 100% used [0x00000000f0b80000,0x00000000f3080000,0x00000000f3080000)
  from space 4096K, 99% used [0x00000000f3080000,0x00000000f347eb88,0x00000000f3480000)
  to   space 5120K, 0% used [0x00000000f4600000,0x00000000f4600000,0x00000000f4b00000)
 ParOldGen       total 23040K, used 7695K [0x00000000d2200000, 0x00000000d3880000, 0x00000000f0b80000)
  object space 23040K, 33% used [0x00000000d2200000,0x00000000d2983d48,0x00000000d3880000)
 Metaspace       used 21657K, capacity 21878K, committed 22272K, reserved 1069056K
  class space    used 2148K, capacity 2217K, committed 2304K, reserved 1048576K
Event: 13.954 GC heap after
Heap after GC invocations=13 (full 1):
 PSYoungGen      total 59392K, used 4895K [0x00000000f0b80000, 0x00000000f4e00000, 0x0000000100000000)
  eden space 54272K, 0% used [0x00000000f0b80000,0x00000000f0b80000,0x00000000f4080000)
  from space 5120K, 95% used [0x00000000f4600000,0x00000000f4ac7dc0,0x00000000f4b00000)
  to   space 5632K, 0% used [0x00000000f4080000,0x00000000f4080000,0x00000000f4600000)
 ParOldGen       total 23040K, used 8394K [0x00000000d2200000, 0x00000000d3880000, 0x00000000f0b80000)
  object space 23040K, 36% used [0x00000000d2200000,0x00000000d2a32bf0,0x00000000d3880000)
 Metaspace       used 21657K, capacity 21878K, committed 22272K, reserved 1069056K
  class space    used 2148K, capacity 2217K, committed 2304K, reserved 1048576K
}
Event: 14.841 GC heap before
{Heap before GC invocations=14 (full 1):
 PSYoungGen      total 59392K, used 59167K [0x00000000f0b80000, 0x00000000f4e00000, 0x0000000100000000)
  eden space 54272K, 100% used [0x00000000f0b80000,0x00000000f4080000,0x00000000f4080000)
  from space 5120K, 95% used [0x00000000f4600000,0x00000000f4ac7dc0,0x00000000f4b00000)
  to   space 5632K, 0% used [0x00000000f4080000,0x00000000f4080000,0x00000000f4600000)
 ParOldGen       total 23040K, used 8394K [0x00000000d2200000, 0x00000000d3880000, 0x00000000f0b80000)
  object space 23040K, 36% used [0x00000000d2200000,0x00000000d2a32bf0,0x00000000d3880000)
 Metaspace       used 21659K, capacity 21878K, committed 22272K, reserved 1069056K
  class space    used 2148K, capacity 2217K, committed 2304K, reserved 1048576K
Event: 14.863 GC heap after
Heap after GC invocations=14 (full 1):
 PSYoungGen      total 59904K, used 4897K [0x00000000f0b80000, 0x00000000f6680000, 0x0000000100000000)
  eden space 54272K, 0% used [0x00000000f0b80000,0x00000000f0b80000,0x00000000f4080000)
  from space 5632K, 86% used [0x00000000f4080000,0x00000000f4548410,0x00000000f4600000)
  to   space 6144K, 0% used [0x00000000f6080000,0x00000000f6080000,0x00000000f6680000)
 ParOldGen       total 23040K, used 8458K [0x00000000d2200000, 0x00000000d3880000, 0x00000000f0b80000)
  object space 23040K, 36% used [0x00000000d2200000,0x00000000d2a42bf0,0x00000000d3880000)
 Metaspace       used 21659K, capacity 21878K, committed 22272K, reserved 1069056K
  class space    used 2148K, capacity 2217K, committed 2304K, reserved 1048576K
}
Event: 15.579 GC heap before
{Heap before GC invocations=15 (full 1):
 PSYoungGen      total 59904K, used 59169K [0x00000000f0b80000, 0x00000000f6680000, 0x0000000100000000)
  eden space 54272K, 100% used [0x00000000f0b80000,0x00000000f4080000,0x00000000f4080000)
  from space 5632K, 86% used [0x00000000f4080000,0x00000000f4548410,0x00000000f4600000)
  to   space 6144K, 0% used [0x00000000f6080000,0x00000000f6080000,0x00000000f6680000)
 ParOldGen       total 23040K, used 8458K [0x00000000d2200000, 0x00000000d3880000, 0x00000000f0b80000)
  object space 23040K, 36% used [0x00000000d2200000,0x00000000d2a42bf0,0x00000000d3880000)
 Metaspace       used 21661K, capacity 21878K, committed 22272K, reserved 1069056K
  class space    used 2148K, capacity 2217K, committed 2304K, reserved 1048576K
Event: 15.614 GC heap after
Heap after GC invocations=15 (full 1):
 PSYoungGen      total 86528K, used 4897K [0x00000000f0b80000, 0x00000000f6800000, 0x0000000100000000)
  eden space 80384K, 0% used [0x00000000f0b80000,0x00000000f0b80000,0x00000000f5a00000)
  from space 6144K, 79% used [0x00000000f6080000,0x00000000f6548410,0x00000000f6680000)
  to   space 6656K, 0% used [0x00000000f5a00000,0x00000000f5a00000,0x00000000f6080000)
 ParOldGen       total 23040K, used 8490K [0x00000000d2200000, 0x00000000d3880000, 0x00000000f0b80000)
  object space 23040K, 36% used [0x00000000d2200000,0x00000000d2a4abf0,0x00000000d3880000)
 Metaspace       used 21661K, capacity 21878K, committed 22272K, reserved 1069056K
  class space    used 2148K, capacity 2217K, committed 2304K, reserved 1048576K
}

Deoptimization events (10 events):
Event: 12.659 Thread 0x0000000057c6f800 Uncommon trap: reason=class_check action=maybe_recompile pc=0x0000000002d1d0b8 method=java.util.regex.Pattern$Curly.match0(Ljava/util/regex/Matcher;IILjava/lang/CharSequence;)Z @ 31
Event: 12.682 Thread 0x000000000215b800 Uncommon trap: reason=class_check action=maybe_recompile pc=0x0000000002d1d0b8 method=java.util.regex.Pattern$Curly.match0(Ljava/util/regex/Matcher;IILjava/lang/CharSequence;)Z @ 31
Event: 12.682 Thread 0x000000000215b800 Uncommon trap: reason=class_check action=maybe_recompile pc=0x0000000002d1d0b8 method=java.util.regex.Pattern$Curly.match0(Ljava/util/regex/Matcher;IILjava/lang/CharSequence;)Z @ 31
Event: 13.020 Thread 0x000000000215b800 Uncommon trap: reason=unstable_if action=reinterpret pc=0x0000000002da9944 method=javassist.bytecode.ExceptionTable.<init>(Ljavassist/bytecode/ConstPool;Ljava/io/DataInputStream;)V @ 30
Event: 13.039 Thread 0x000000000215b800 Uncommon trap: reason=unstable_if action=reinterpret pc=0x0000000002e136a4 method=javassist.bytecode.AttributeInfo.<init>(Ljavassist/bytecode/ConstPool;ILjava/io/DataInputStream;)V @ 30
Event: 13.209 Thread 0x000000000215b800 Uncommon trap: reason=unstable_if action=reinterpret pc=0x0000000002e42730 method=javassist.bytecode.AttributeInfo.read(Ljavassist/bytecode/ConstPool;Ljava/io/DataInputStream;)Ljavassist/bytecode/AttributeInfo; @ 38
Event: 13.289 Thread 0x000000000215b800 Uncommon trap: reason=unstable_if action=reinterpret pc=0x0000000002d047b4 method=java.io.DataInputStream.readUTF(Ljava/io/DataInput;)Ljava/lang/String; @ 112
Event: 13.323 Thread 0x000000000215b800 Uncommon trap: reason=null_check action=make_not_entrant pc=0x0000000002e4b718 method=org.reflections.vfs.ZipDir$1$1.computeNext()Lorg/reflections/vfs/Vfs$File; @ 55
Event: 13.345 Thread 0x000000000215b800 Uncommon trap: reason=unstable_if action=reinterpret pc=0x0000000002e5f42c method=javassist.bytecode.AttributeInfo.read(Ljavassist/bytecode/ConstPool;Ljava/io/DataInputStream;)Ljavassist/bytecode/AttributeInfo; @ 314
Event: 13.446 Thread 0x000000000215b800 Uncommon trap: reason=unstable_if action=reinterpret pc=0x0000000002e011b4 method=org.nd4j.linalg.api.ndarray.BaseNDArray.isScalar()Z @ 100

Internal exceptions (10 events):
Event: 2.203 Thread 0x00000000570e3000 Exception <a 'java/lang/ArrayIndexOutOfBoundsException': 39> (0x00000000f0d18ec0) thrown at [C:\re\workspace\8-2-build-windows-amd64-cygwin\jdk8u66\5298\hotspot\src\share\vm\interpreter\interpreterRuntime.cpp, line 366]
Event: 2.203 Thread 0x00000000570e3000 Exception <a 'java/lang/ArrayIndexOutOfBoundsException': 79> (0x00000000f0d19e60) thrown at [C:\re\workspace\8-2-build-windows-amd64-cygwin\jdk8u66\5298\hotspot\src\share\vm\interpreter\interpreterRuntime.cpp, line 366]
Event: 2.203 Thread 0x00000000570e3000 Exception <a 'java/lang/ArrayIndexOutOfBoundsException': 79> (0x00000000f0d1ae40) thrown at [C:\re\workspace\8-2-build-windows-amd64-cygwin\jdk8u66\5298\hotspot\src\share\vm\interpreter\interpreterRuntime.cpp, line 366]
Event: 2.430 Thread 0x00000000570e3000 Exception <a 'java/lang/NoSuchMethodError': getDevice> (0x00000000f0d63668) thrown at [C:\re\workspace\8-2-build-windows-amd64-cygwin\jdk8u66\5298\hotspot\src\share\vm\prims\jni.cpp, line 1591]
Event: 2.430 Thread 0x00000000570e3000 Exception <a 'java/lang/NoSuchMethodError': getNumDevices> (0x00000000f0d638c8) thrown at [C:\re\workspace\8-2-build-windows-amd64-cygwin\jdk8u66\5298\hotspot\src\share\vm\prims\jni.cpp, line 1591]
Event: 2.435 Thread 0x00000000570e3000 Exception <a 'java/lang/NoSuchMethodError': getName> (0x00000000f0d69ef0) thrown at [C:\re\workspace\8-2-build-windows-amd64-cygwin\jdk8u66\5298\hotspot\src\share\vm\prims\jni.cpp, line 1591]
Event: 2.435 Thread 0x00000000570e3000 Exception <a 'java/lang/NoSuchMethodError': getIdentifier> (0x00000000f0d6a158) thrown at [C:\re\workspace\8-2-build-windows-amd64-cygwin\jdk8u66\5298\hotspot\src\share\vm\prims\jni.cpp, line 1591]
Event: 2.599 Thread 0x000000000215b800 Exception <a 'java/io/FileNotFoundException'> (0x00000000f0fd0bb8) thrown at [C:\re\workspace\8-2-build-windows-amd64-cygwin\jdk8u66\5298\hotspot\src\share\vm\prims\jni.cpp, line 709]
Event: 2.626 Thread 0x000000000215b800 Implicit null exception at 0x0000000002ba5c45 to 0x0000000002ba5e19
Event: 13.323 Thread 0x000000000215b800 Implicit null exception at 0x0000000002e4aceb to 0x0000000002e4b70d

Events (10 events):
Event: 15.615 Thread 0x0000000055aba800 flushing nmethod 0x00000000029fb250
Event: 15.615 Thread 0x0000000055aba800 flushing nmethod 0x00000000029fd010
Event: 15.615 Thread 0x0000000055aba800 flushing nmethod 0x00000000029fdfd0
Event: 15.615 Thread 0x0000000055aba800 flushing nmethod 0x0000000002a08c90
Event: 15.615 Thread 0x0000000055aba800 flushing nmethod 0x0000000002a08fd0
Event: 15.615 Thread 0x0000000055aba800 flushing nmethod 0x0000000002a0f710
Event: 15.616 Thread 0x0000000055aba800 flushing nmethod 0x0000000002a4d5d0
Event: 15.616 Thread 0x0000000055aba800 flushing nmethod 0x0000000002a52850
Event: 15.618 Thread 0x0000000055aba800 flushing nmethod 0x0000000002a63010
Event: 15.640 Thread 0x00000000546aa000 flushing nmethod 0x0000000002ac9fd0


Dynamic libraries:
0x000000013f790000 - 0x000000013f7c7000 	C:\Program Files\Java\jre1.8.0_66\bin\javaw.exe
0x0000000077040000 - 0x00000000771e9000 	C:\windows\SYSTEM32\ntdll.dll
0x000007feeea30000 - 0x000007feeea63000 	C:\Program Files\AVAST Software\Avast\x64\aswhooka.dll
0x0000000076e20000 - 0x0000000076f40000 	C:\windows\system32\kernel32.dll
0x000007fefcf90000 - 0x000007fefcffc000 	C:\windows\system32\KERNELBASE.dll
0x000007fefd8f0000 - 0x000007fefd9cb000 	C:\windows\system32\ADVAPI32.dll
0x000007fefee30000 - 0x000007fefeecf000 	C:\windows\system32\msvcrt.dll
0x000007feff260000 - 0x000007feff27f000 	C:\windows\SYSTEM32\sechost.dll
0x000007fefd1a0000 - 0x000007fefd2cd000 	C:\windows\system32\RPCRT4.dll
0x0000000076f40000 - 0x000000007703a000 	C:\windows\system32\USER32.dll
0x000007fefdd40000 - 0x000007fefdda7000 	C:\windows\system32\GDI32.dll
0x000007fefdb50000 - 0x000007fefdb5e000 	C:\windows\system32\LPK.dll
0x000007feff280000 - 0x000007feff349000 	C:\windows\system32\USP10.dll
0x000007fefb990000 - 0x000007fefbb84000 	C:\windows\WinSxS\amd64_microsoft.windows.common-controls_6595b64144ccf1df_6.0.7601.18837_none_fa3b1e3d17594757\COMCTL32.dll
0x000007feff1e0000 - 0x000007feff251000 	C:\windows\system32\SHLWAPI.dll
0x000007fefd2d0000 - 0x000007fefd2fe000 	C:\windows\system32\IMM32.DLL
0x000007fefd510000 - 0x000007fefd619000 	C:\windows\system32\MSCTF.dll
0x000000006e940000 - 0x000000006ea12000 	C:\Program Files\Java\jre1.8.0_66\bin\msvcr100.dll
0x00000000637d0000 - 0x0000000064059000 	C:\Program Files\Java\jre1.8.0_66\bin\server\jvm.dll
0x000007feeff80000 - 0x000007feeff89000 	C:\windows\system32\WSOCK32.dll
0x000007fefddc0000 - 0x000007fefde0d000 	C:\windows\system32\WS2_32.dll
0x000007fefddb0000 - 0x000007fefddb8000 	C:\windows\system32\NSI.dll
0x000007fefaf40000 - 0x000007fefaf7b000 	C:\windows\system32\WINMM.dll
0x000007fefbca0000 - 0x000007fefbcac000 	C:\windows\system32\VERSION.dll
0x0000000077200000 - 0x0000000077207000 	C:\windows\system32\PSAPI.DLL
0x000000006dfb0000 - 0x000000006dfbf000 	C:\Program Files\Java\jre1.8.0_66\bin\verify.dll
0x000000006dea0000 - 0x000000006dec9000 	C:\Program Files\Java\jre1.8.0_66\bin\java.dll
0x000000006df90000 - 0x000000006dfa6000 	C:\Program Files\Java\jre1.8.0_66\bin\zip.dll
0x000007fefde30000 - 0x000007fefebb9000 	C:\windows\system32\SHELL32.dll
0x000007fefeed0000 - 0x000007feff0d3000 	C:\windows\system32\ole32.dll
0x000007fefcdf0000 - 0x000007fefcdff000 	C:\windows\system32\profapi.dll
0x000000006a9a0000 - 0x000000006ab38000 	C:\Program Files\Java\jre1.8.0_66\bin\awt.dll
0x000007fefda70000 - 0x000007fefdb47000 	C:\windows\system32\OLEAUT32.dll
0x000007fefc5e0000 - 0x000007fefc5f8000 	C:\windows\system32\CRYPTSP.dll
0x000007fefc2e0000 - 0x000007fefc327000 	C:\windows\system32\rsaenh.dll
0x000007fefcf20000 - 0x000007fefcf3e000 	C:\windows\system32\USERENV.dll
0x000007fefcc80000 - 0x000007fefcc8f000 	C:\windows\system32\CRYPTBASE.dll
0x0000000073cf0000 - 0x0000000073d0a000 	C:\Program Files\Java\jre1.8.0_66\bin\net.dll
0x000007fefc580000 - 0x000007fefc5d5000 	C:\windows\system32\mswsock.dll
0x000007fefc570000 - 0x000007fefc577000 	C:\windows\System32\wship6.dll
0x000007fefa920000 - 0x000007fefa947000 	C:\windows\system32\IPHLPAPI.DLL
0x000007fefa770000 - 0x000007fefa77b000 	C:\windows\system32\WINNSI.DLL
0x000007fefa130000 - 0x000007fefa141000 	C:\windows\system32\dhcpcsvc6.DLL
0x000007fef9fd0000 - 0x000007fef9fe8000 	C:\windows\system32\dhcpcsvc.DLL
0x0000000073cd0000 - 0x0000000073ce1000 	C:\Program Files\Java\jre1.8.0_66\bin\nio.dll
0x000007feee010000 - 0x000007feee039000 	C:\Users\seibert\AppData\Local\Temp\BridJExtractedLibraries158047430995830144\bridj.dll
0x000007feec8b0000 - 0x000007feec8e6000 	C:\Users\seibert\AppData\Local\Temp\BridJExtractedLibraries158047430995830144\OpenIMAJGrabber.dll
0x000007fefb350000 - 0x000007fefb3a6000 	C:\windows\system32\uxtheme.dll
0x000007feff0e0000 - 0x000007feff179000 	C:\windows\system32\CLBCatQ.DLL
0x000007feee0f0000 - 0x000007feee106000 	C:\Windows\system32\devenum.dll
0x000007fefdb60000 - 0x000007fefdd37000 	C:\windows\system32\setupapi.dll
0x000007fefce00000 - 0x000007fefce36000 	C:\windows\system32\CFGMGR32.dll
0x000007fefce50000 - 0x000007fefce6a000 	C:\windows\system32\DEVOBJ.dll
0x000007fefb640000 - 0x000007fefb66d000 	C:\windows\system32\ntmarta.dll
0x000007feff180000 - 0x000007feff1d2000 	C:\windows\system32\WLDAP32.dll
0x000007fefcf50000 - 0x000007fefcf8b000 	C:\windows\system32\WINTRUST.dll
0x000007fefd010000 - 0x000007fefd17d000 	C:\windows\system32\CRYPT32.dll
0x000007fefcde0000 - 0x000007fefcdef000 	C:\windows\system32\MSASN1.dll
0x000007feeffb0000 - 0x000007feeffbd000 	C:\windows\system32\msdmo.dll
0x000007fefae80000 - 0x000007fefae98000 	C:\windows\system32\dwmapi.dll
0x000007feed850000 - 0x000007feed87f000 	C:\Windows\system32\qcap.dll
0x000007fee98c0000 - 0x000007fee9a73000 	C:\Windows\system32\quartz.dll
0x000007feec860000 - 0x000007feec8a1000 	C:\Windows\system32\ksproxy.ax
0x0000000073f50000 - 0x0000000073f56000 	C:\Windows\system32\ksuser.dll
0x000007fee96c0000 - 0x000007fee98bf000 	C:\Windows\system32\d3d9.dll
0x000007feef4b0000 - 0x000007feef4b7000 	C:\Windows\system32\d3d8thk.dll
0x000007feeeaa0000 - 0x000007feeeaab000 	C:\Windows\system32\vidcap.ax
0x000007feec740000 - 0x000007feec764000 	C:\Windows\system32\kswdmcap.ax
0x000007fee9560000 - 0x000007fee96bc000 	C:\Windows\system32\MFC42.dll
0x000007fef6c60000 - 0x000007fef6d11000 	C:\Windows\system32\ODBC32.dll
0x00000000746e0000 - 0x0000000074718000 	C:\Windows\system32\odbcint.dll
0x000007feec2a0000 - 0x000007feec33b000 	C:\Windows\System32\qedit.dll
0x000007feec710000 - 0x000007feec739000 	C:\Windows\System32\MSVFW32.dll
0x000007fefd9d0000 - 0x000007fefda67000 	C:\windows\system32\COMDLG32.dll
0x000007fefb110000 - 0x000007fefb326000 	C:\windows\WinSxS\amd64_microsoft.windows.gdiplus_6595b64144ccf1df_1.1.7601.19054_none_2b28591471e9a18f\gdiplus.dll
0x000007fee9460000 - 0x000007fee9551000 	C:\windows\system32\DDRAW.dll
0x000007feee1c0000 - 0x000007feee1c8000 	C:\windows\system32\DCIMAN32.dll
0x000007feee000000 - 0x000007feee00b000 	C:\windows\system32\msyuv.dll
0x000007feeac20000 - 0x000007feeacc6000 	C:\Users\seibert\.javacpp\cache\hdf5-1.10.0-patch1-1.3-windows-x86_64.jar\org\bytedeco\javacpp\windows-x86_64\msvcp120.dll
0x000007fee9370000 - 0x000007fee945f000 	C:\Program Files\Java\jre1.8.0_66\bin\MSVCR120.dll
0x000007fee9280000 - 0x000007fee936f000 	C:\Users\seibert\.javacpp\cache\hdf5-1.10.0-patch1-1.3-windows-x86_64.jar\org\bytedeco\javacpp\windows-x86_64\msvcr120.dll
0x000007fee76c0000 - 0x000007fee7b02000 	C:\Users\seibert\.javacpp\cache\hdf5-1.10.0-patch1-1.3-windows-x86_64.jar\org\bytedeco\javacpp\windows-x86_64\jnihdf5.dll
0x0000000069480000 - 0x00000000698c2000 	C:\Users\seibert\.javacpp\cache\nd4j-native-0.8.0-windows-x86_64.jar\org\nd4j\nativeblas\windows-x86_64\libnd4jcpu.dll
0x0000000066880000 - 0x000000006691b000 	C:\Users\seibert\.javacpp\cache\nd4j-native-0.8.0-windows-x86_64.jar\org\nd4j\nativeblas\windows-x86_64\jnind4jcpu.dll
0x000000005de50000 - 0x00000000602b2000 	C:\Users\seibert\.javacpp\cache\openblas-0.2.19-1.3-windows-x86_64.jar\org\bytedeco\javacpp\windows-x86_64\libopenblas.dll
0x0000000062a20000 - 0x00000000637b9000 	C:\Users\seibert\.javacpp\cache\openblas-0.2.19-1.3-windows-x86_64.jar\org\bytedeco\javacpp\windows-x86_64\jniopenblas.dll
0x000007fee6af0000 - 0x000007fee76b7000 	F:\Anaconda\Library\bin\mkl_rt.dll
0x000007fee4980000 - 0x000007fee6039000 	F:\Anaconda\Library\bin\mkl_intel_thread.dll
0x000007fee16e0000 - 0x000007fee2edf000 	F:\Anaconda\Library\bin\mkl_core.dll
0x000007fee9130000 - 0x000007fee927e000 	F:\Anaconda\Library\bin\libiomp5md.dll
0x000007fef0bd0000 - 0x000007fef0cf5000 	C:\windows\system32\dbghelp.dll

VM Arguments:
jvm_args: -Djava.library.path=F:\Workspaces\CameraVision\CameraVision\dll -Dfile.encoding=UTF-8 
java_command: cameraUI.Start
java_class_path (initial): F:\Workspaces\CameraVision\CameraVision\target\classes;F:\Workspaces\CameraVision\CameraVision\jar\ufdw-jogamp2.jar;C:\Users\seibert\.m2\repository\org\nd4j\nd4j-native-platform\0.8.0\nd4j-native-platform-0.8.0.jar;C:\Users\seibert\.m2\repository\org\nd4j\nd4j-native\0.8.0\nd4j-native-0.8.0.jar;C:\Users\seibert\.m2\repository\org\bytedeco\javacpp\1.3.2\javacpp-1.3.2.jar;C:\Users\seibert\.m2\repository\org\bytedeco\javacpp-presets\openblas-platform\0.2.19-1.3\openblas-platform-0.2.19-1.3.jar;C:\Users\seibert\.m2\repository\org\bytedeco\javacpp-presets\openblas\0.2.19-1.3\openblas-0.2.19-1.3.jar;C:\Users\seibert\.m2\repository\org\bytedeco\javacpp-presets\openblas\0.2.19-1.3\openblas-0.2.19-1.3-android-arm.jar;C:\Users\seibert\.m2\repository\org\bytedeco\javacpp-presets\openblas\0.2.19-1.3\openblas-0.2.19-1.3-android-x86.jar;C:\Users\seibert\.m2\repository\org\bytedeco\javacpp-presets\openblas\0.2.19-1.3\openblas-0.2.19-1.3-linux-x86.jar;C:\Users\seibert\.m2\repository\org\bytedeco\javacpp-presets\openblas\0.2.19-1.3\openblas-0.2.19-1.3-linux-x86_64.jar;C:\Users\seibert\.m2\repository\org\bytedeco\javacpp-presets\openblas\0.2.19-1.3\openblas-0.2.19-1.3-linux-armhf.jar;C:\Users\seibert\.m2\repository\org\bytedeco\javacpp-presets\openblas\0.2.19-1.3\openblas-0.2.19-1.3-linux-ppc64le.jar;C:\Users\seibert\.m2\repository\org\bytedeco\javacpp-presets\openblas\0.2.19-1.3\openblas-0.2.19-1.3-macosx-x86_64.jar;C:\Users\seibert\.m2\repository\org\bytedeco\javacpp-presets\openblas\0.2.19-1.3\openblas-0.2.19-1.3-windows-x86.jar;C:\Users\seibert\.m2\repository\org\bytedeco\javacpp-presets\openblas\0.2.19-1.3\openblas-0.2.19-1.3-windows-x86_64.jar;C:\Users\seibert\.m2\repository\org\nd4j\nd4j-native-api\0.8.0\nd4j-native-api-0.8.0.jar;C:\Users\seibert\.m2\repository\org\nd4j\nd4j-native\0.8.0\nd4j-native-0.8.0-android-arm.jar;C:\Users\seibert\.m2\repository\org\nd4j\nd4j-native\0.8.0\nd4j-native-0.8.0-android-x86.jar;C:\Users\seibert\.m2\repository\org\
Launcher Type: SUN_STANDARD

Environment Variables:
CLASSPATH=.;.;C:\PROGRA~2\JMF21~1.1E\lib\sound.jar;C:\PROGRA~2\JMF21~1.1E\lib\jmf.jar;C:\PROGRA~2\JMF21~1.1E\lib;
PATH=C:/Program Files/Java/jre1.8.0_66/bin/server;C:/Program Files/Java/jre1.8.0_66/bin;C:/Program Files/Java/jre1.8.0_66/lib/amd64;C:\ProgramData\Oracle\Java\javapath;C:\Program Files\Common Files\Microsoft Shared\Windows Live;C:\Program Files (x86)\Common Files\Microsoft Shared\Windows Live;C:\windows\system32;C:\windows;C:\windows\System32\Wbem;C:\windows\System32\WindowsPowerShell\v1.0\;c:\Program Files (x86)\Common Files\Roxio Shared\OEM\DLLShared\;c:\Program Files (x86)\Common Files\Roxio Shared\OEM\DLLShared\;c:\Program Files (x86)\Common Files\Roxio Shared\OEM\12.0\DLLShared\;c:\Program Files (x86)\Roxio\OEM\AudioCore\;C:\Program Files\WIDCOMM\Bluetooth Software\;C:\Program Files\WIDCOMM\Bluetooth Software\syswow64;C:\Program Files (x86)\Windows Live\Shared;C:\Ruby22-x64\bin;C:\Program Files\Microsoft SQL Server\120\Tools\Binn\;C:\TDM-GCC-64\bin;F:\Anaconda;F:\Anaconda\Scripts;F:\Anaconda\Library\bin;C:\Program Files (x86)\Skype\Phone\;F:\Anaconda\;F:\Anaconda\Scripts;F:\Anaconda\Library\bin;C:\Program Files\Zenmap;C:\Users\seibert\Desktop;
USERNAME=seibert
OS=Windows_NT
PROCESSOR_IDENTIFIER=Intel64 Family 6 Model 37 Stepping 5, GenuineIntel



---------------  S Y S T E M  ---------------

OS: Windows 7 , 64 bit Build 7601 (6.1.7601.19045)

CPU:total 4 (2 cores per cpu, 2 threads per core) family 6 model 37 stepping 5, cmov, cx8, fxsr, mmx, sse, sse2, sse3, ssse3, sse4.1, sse4.2, popcnt, ht, tsc, tscinvbit

Memory: 4k page, physical 3005116k(990248k free), swap 6008396k(2936496k free)

vm_info: Java HotSpot(TM) 64-Bit Server VM (25.66-b18) for windows-amd64 JRE (1.8.0_66-b18), built on Nov  9 2015 10:51:13 by "java_re" with MS VC++ 10.0 (VS2010)

time: Tue Mar 28 11:34:56 2017
elapsed time: 16 seconds (0d 0h 0m 16s)

