#
# A fatal error has been detected by the Java Runtime Environment:
#
#  EXCEPTION_ACCESS_VIOLATION (0xc0000005) at pc=0x000007feedb8fdfc, pid=3764, tid=3780
#
# JRE version: Java(TM) SE Runtime Environment (8.0_66-b18) (build 1.8.0_66-b18)
# Java VM: Java HotSpot(TM) 64-Bit Server VM (25.66-b18 mixed mode windows-amd64 compressed oops)
# Problematic frame:
# C  [jnihdf5.dll+0x17fdfc]
#
# Failed to write core dump. Minidumps are not enabled by default on client versions of Windows
#
# If you would like to submit a bug report, please visit:
#   http://bugreport.java.com/bugreport/crash.jsp
# The crash happened outside the Java Virtual Machine in native code.
# See problematic frame for where to report the bug.
#

---------------  T H R E A D  ---------------

Current thread (0x000000000221b800):  JavaThread "main" [_thread_in_native, id=3780, stack(0x00000000024d0000,0x00000000025d0000)]

siginfo: ExceptionCode=0xc0000005, reading address 0x000000000004b7c8

Registers:
RAX=0x000000000004b7c8, RBX=0x000007feede1c088, RCX=0x000007feede1c088, RDX=0x0000000000444950
RSP=0x00000000025ce840, RBP=0x0000000000444950, RSI=0x0000000000444950, RDI=0x000000008d750b1e
R8 =0x000000008d750b1e, R9 =0x0000000000444950, R10=0x000000008d750b1e, R11=0x00000000661cd930
R12=0x0000000000000000, R13=0xffffffffffffffff, R14=0x0000000000000001, R15=0x000000006620c710
RIP=0x000007feedb8fdfc, EFLAGS=0x0000000000010202

Top of Stack: (sp=0x00000000025ce840)
0x00000000025ce840:   0000000000000000 0000000000000000
0x00000000025ce850:   0000000000000000 0000000000000000
0x00000000025ce860:   0000000000000000 0000000000000000
0x00000000025ce870:   0000000000000000 00000000661cd470
0x00000000025ce880:   000000006620c710 000007feedb9493d
0x00000000025ce890:   00000000661cd470 000007feedb4c8f0
0x00000000025ce8a0:   ffffffffffffffff 00000000661fac50
0x00000000025ce8b0:   0000000000445330 00000000662f2d50
0x00000000025ce8c0:   0000000000000000 0000000077b81a7a
0x00000000025ce8d0:   0000000000444950 000007feedb93eb1
0x00000000025ce8e0:   000000006620c710 0000000000444950
0x00000000025ce8f0:   0000000000000000 000007feedfb69d8
0x00000000025ce900:   0000000000445330 000007feedaf489a
0x00000000025ce910:   00000000661fac50 0000000000000001
0x00000000025ce920:   0000000000000000 00000000004324c0
0x00000000025ce930:   0000000000000001 00000000661cd930 

Instructions: (pc=0x000007feedb8fdfc)
0x000007feedb8fddc:   00 48 8d 15 24 58 1a 00 33 c9 e8 35 db ff ff 33
0x000007feedb8fdec:   c0 48 83 c4 40 5b c3 48 8b 43 20 48 85 c0 74 1b
0x000007feedb8fdfc:   48 8b 08 ff 4b 08 48 89 4b 20 48 8b 4b 18 48 29
0x000007feedb8fe0c:   0d e7 07 29 00 48 83 c4 40 5b c3 48 8b 4b 18 e8 


Register to memory mapping:

RAX=0x000000000004b7c8 is an unknown value
RBX=0x000007feede1c088 is an unknown value
RCX=0x000007feede1c088 is an unknown value
RDX=0x0000000000444950 is an unknown value
RSP=0x00000000025ce840 is pointing into the stack for thread: 0x000000000221b800
RBP=0x0000000000444950 is an unknown value
RSI=0x0000000000444950 is an unknown value
RDI=0x000000008d750b1e is an unknown value
R8 =0x000000008d750b1e is an unknown value
R9 =0x0000000000444950 is an unknown value
R10=0x000000008d750b1e is an unknown value
R11=0x00000000661cd930 is an unknown value
R12=0x0000000000000000 is an unknown value
R13=0xffffffffffffffff is an unknown value
R14=0x0000000000000001 is an unknown value
R15=0x000000006620c710 is an unknown value


Stack: [0x00000000024d0000,0x00000000025d0000],  sp=0x00000000025ce840,  free space=1018k
Native frames: (J=compiled Java code, j=interpreted, Vv=VM code, C=native code)
C  [jnihdf5.dll+0x17fdfc]
C  [jnihdf5.dll+0x18493d]
C  [jnihdf5.dll+0x183eb1]
C  [jnihdf5.dll+0x181fab]
C  [jnihdf5.dll+0xe54d0]
C  [jnihdf5.dll+0x1c0588]
C  [jnihdf5.dll+0x1c0830]
C  [jnihdf5.dll+0x1c3cde]
C  [jnihdf5.dll+0x1c06d8]
C  [jnihdf5.dll+0xf697e]
C  [jnihdf5.dll+0xcdea2]
C  [jnihdf5.dll+0x2aa1f]
C  0x00000000028b3b34

Java frames: (J=compiled Java code, j=interpreted, Vv=VM code)
j  org.bytedeco.javacpp.hdf5$CommonFG.openDataSet(Ljava/lang/String;)Lorg/bytedeco/javacpp/hdf5$DataSet;+0
J 1539 C2 org.deeplearning4j.nn.modelimport.keras.Hdf5Archive.readDataSet(Lorg/bytedeco/javacpp/hdf5$CommonFG;Ljava/lang/String;)Lorg/nd4j/linalg/api/ndarray/INDArray; (721 bytes) @ 0x0000000002f10f70 [0x0000000002f10f40+0x30]
j  org.deeplearning4j.nn.modelimport.keras.Hdf5Archive.readDataSet(Ljava/lang/String;[Ljava/lang/String;)Lorg/nd4j/linalg/api/ndarray/INDArray;+39
j  org.deeplearning4j.nn.modelimport.keras.KerasModel.helperImportWeights(Lorg/deeplearning4j/nn/modelimport/keras/Hdf5Archive;Ljava/lang/String;)V+485
j  org.deeplearning4j.nn.modelimport.keras.KerasModel.<init>(Ljava/lang/String;Ljava/lang/String;Lorg/deeplearning4j/nn/modelimport/keras/Hdf5Archive;Ljava/lang/String;Ljava/lang/String;Lorg/deeplearning4j/nn/modelimport/keras/Hdf5Archive;Z)V+430
j  org.deeplearning4j.nn.modelimport.keras.KerasModel.<init>(Lorg/deeplearning4j/nn/modelimport/keras/KerasModel$ModelBuilder;)V+29
j  org.deeplearning4j.nn.modelimport.keras.KerasModel$ModelBuilder.buildModel()Lorg/deeplearning4j/nn/modelimport/keras/KerasModel;+5
j  org.deeplearning4j.nn.modelimport.keras.KerasModelImport.importKerasModelAndWeights(Ljava/lang/String;Ljava/lang/String;)Lorg/deeplearning4j/nn/graph/ComputationGraph;+19
j  computervision.GregggResNet.loadGregggResNet()V+9
j  computervision.SceneClassifier.<init>()V+41
j  cameraUI.Start.magic()V+16
j  cameraUI.Start.main([Ljava/lang/String;)V+9
v  ~StubRoutines::call_stub

---------------  P R O C E S S  ---------------

Java Threads: ( => current thread )
  0x0000000057b50800 JavaThread "JavaCPP Deallocator" daemon [_thread_blocked, id=1068, stack(0x000000005c050000,0x000000005c150000)]
  0x0000000057b4d000 JavaThread "notificator-[Integrated Webcam 0]" daemon [_thread_blocked, id=3188, stack(0x000000005b030000,0x000000005b130000)]
  0x0000000057b50000 JavaThread "webcam-panel-scheduled-executor-1" daemon [_thread_blocked, id=2488, stack(0x000000005be10000,0x000000005bf10000)]
  0x0000000057b4f000 JavaThread "AWT-EventQueue-0" [_thread_blocked, id=2676, stack(0x000000005bcd0000,0x000000005bdd0000)]
  0x0000000057b4b800 JavaThread "AWT-Shutdown" [_thread_blocked, id=3400, stack(0x000000005a0d0000,0x000000005a1d0000)]
  0x0000000057b4d800 JavaThread "frames-refresher-[0]" daemon [_thread_blocked, id=3020, stack(0x000000005bb20000,0x000000005bc20000)]
  0x0000000057b4e800 JavaThread "webcam-lock-[Integrated Webcam 0]" daemon [_thread_blocked, id=4900, stack(0x0000000058770000,0x0000000058870000)]
  0x0000000057b4c000 JavaThread "AWT-Windows" daemon [_thread_in_native, id=4628, stack(0x0000000059d40000,0x0000000059e40000)]
  0x0000000057b4a800 JavaThread "Java2D Disposer" daemon [_thread_blocked, id=4992, stack(0x0000000059a70000,0x0000000059b70000)]
  0x0000000057b4a000 JavaThread "webcam-discovery-service" daemon [_thread_blocked, id=4444, stack(0x0000000057150000,0x0000000057250000)]
  0x0000000057359800 JavaThread "atomic-processor-1" daemon [_thread_in_native, id=2696, stack(0x0000000058440000,0x0000000058540000)]
  0x0000000055d41800 JavaThread "Service Thread" daemon [_thread_blocked, id=696, stack(0x0000000056640000,0x0000000056740000)]
  0x0000000055cd5000 JavaThread "C1 CompilerThread2" daemon [_thread_blocked, id=1848, stack(0x0000000056530000,0x0000000056630000)]
  0x0000000055ccc000 JavaThread "C2 CompilerThread1" daemon [_thread_blocked, id=2888, stack(0x00000000563c0000,0x00000000564c0000)]
  0x0000000055ccb800 JavaThread "C2 CompilerThread0" daemon [_thread_blocked, id=5080, stack(0x00000000561e0000,0x00000000562e0000)]
  0x0000000055cca000 JavaThread "Attach Listener" daemon [_thread_blocked, id=3972, stack(0x00000000560d0000,0x00000000561d0000)]
  0x0000000055cc7000 JavaThread "Signal Dispatcher" daemon [_thread_blocked, id=4680, stack(0x0000000055a10000,0x0000000055b10000)]
  0x000000005466c000 JavaThread "Finalizer" daemon [_thread_blocked, id=3900, stack(0x0000000055bc0000,0x0000000055cc0000)]
  0x0000000054665000 JavaThread "Reference Handler" daemon [_thread_blocked, id=3744, stack(0x00000000558f0000,0x00000000559f0000)]
=>0x000000000221b800 JavaThread "main" [_thread_in_native, id=3780, stack(0x00000000024d0000,0x00000000025d0000)]

Other Threads:
  0x000000005465f800 VMThread [stack: 0x0000000055760000,0x0000000055860000] [id=1908]
  0x0000000055d91000 WatcherThread [stack: 0x0000000056810000,0x0000000056910000] [id=5004]

VM state:not at safepoint (normal execution)

VM Mutex/Monitor currently owned by a thread: None

Heap:
 PSYoungGen      total 188928K, used 70359K [0x00000000f0b80000, 0x00000000fd280000, 0x0000000100000000)
  eden space 178688K, 34% used [0x00000000f0b80000,0x00000000f46ed748,0x00000000fba00000)
  from space 10240K, 92% used [0x00000000fc580000,0x00000000fcec8820,0x00000000fcf80000)
  to   space 11776K, 0% used [0x00000000fba00000,0x00000000fba00000,0x00000000fc580000)
 ParOldGen       total 28672K, used 15111K [0x00000000d2200000, 0x00000000d3e00000, 0x00000000f0b80000)
  object space 28672K, 52% used [0x00000000d2200000,0x00000000d30c1e40,0x00000000d3e00000)
 Metaspace       used 21723K, capacity 21878K, committed 22272K, reserved 1069056K
  class space    used 2150K, capacity 2217K, committed 2304K, reserved 1048576K

Card table byte_map: [0x0000000011c60000,0x0000000011dd0000] byte_map_base: 0x00000000115cf000

Marking Bits: (ParMarkBitMap*) 0x000000005fdda5b0
 Begin Bits: [0x0000000012470000, 0x0000000012fe8000)
 End Bits:   [0x0000000012fe8000, 0x0000000013b60000)

Polling page: 0x0000000000140000

CodeCache: size=245760Kb used=7390Kb max_used=7398Kb free=238369Kb
 bounds [0x00000000028a0000, 0x0000000003010000, 0x00000000118a0000]
 total_blobs=2980 nmethods=1903 adapters=990
 compilation: enabled

Compilation events (10 events):
Event: 12.242 Thread 0x0000000055cd5000 1964       1       com.github.sarxos.webcam.WebcamPanel::access$1600 (5 bytes)
Event: 12.242 Thread 0x0000000055cd5000 nmethod 1964 0x0000000002a2b790 code [0x0000000002a2b8e0, 0x0000000002a2b9d0]
Event: 12.271 Thread 0x0000000055cd5000 1965       3       java.util.concurrent.locks.AbstractQueuedSynchronizer::transferForSignal (45 bytes)
Event: 12.272 Thread 0x0000000055cd5000 nmethod 1965 0x0000000002abfc10 code [0x0000000002abfda0, 0x0000000002ac0258]
Event: 12.273 Thread 0x0000000055ccb800 1966       4       java.util.concurrent.SynchronousQueue$TransferQueue::awaitFulfill (162 bytes)
Event: 12.276 Thread 0x0000000055ccb800 nmethod 1966 0x0000000002abe150 code [0x0000000002abe2a0, 0x0000000002abe4d8]
Event: 12.417 Thread 0x0000000055ccc000 1968       4       java.lang.Character::codePointAtImpl (41 bytes)
Event: 12.418 Thread 0x0000000055ccc000 nmethod 1968 0x0000000002abdb10 code [0x0000000002abdc40, 0x0000000002abdcd8]
Event: 12.500 Thread 0x0000000055cd5000 1969       3       java.lang.AbstractStringBuilder::append (54 bytes)
Event: 12.500 Thread 0x0000000055cd5000 nmethod 1969 0x0000000002abefd0 code [0x0000000002abf1a0, 0x0000000002abfa88]

GC Heap History (10 events):
Event: 8.843 GC heap before
{Heap before GC invocations=5 (full 0):
 PSYoungGen      total 50688K, used 50664K [0x00000000f0b80000, 0x00000000f3e80000, 0x0000000100000000)
  eden space 49152K, 100% used [0x00000000f0b80000,0x00000000f3b80000,0x00000000f3b80000)
  from space 1536K, 98% used [0x00000000f3d00000,0x00000000f3e7a090,0x00000000f3e80000)
  to   space 1536K, 0% used [0x00000000f3b80000,0x00000000f3b80000,0x00000000f3d00000)
 ParOldGen       total 31744K, used 4269K [0x00000000d2200000, 0x00000000d4100000, 0x00000000f0b80000)
  object space 31744K, 13% used [0x00000000d2200000,0x00000000d262b5c8,0x00000000d4100000)
 Metaspace       used 16742K, capacity 16952K, committed 17152K, reserved 1064960K
  class space    used 1882K, capacity 1961K, committed 2048K, reserved 1048576K
Event: 8.861 GC heap after
Heap after GC invocations=5 (full 0):
 PSYoungGen      total 50688K, used 1505K [0x00000000f0b80000, 0x00000000f7780000, 0x0000000100000000)
  eden space 49152K, 0% used [0x00000000f0b80000,0x00000000f0b80000,0x00000000f3b80000)
  from space 1536K, 97% used [0x00000000f3b80000,0x00000000f3cf8410,0x00000000f3d00000)
  to   space 6144K, 0% used [0x00000000f7180000,0x00000000f7180000,0x00000000f7780000)
 ParOldGen       total 31744K, used 8157K [0x00000000d2200000, 0x00000000d4100000, 0x00000000f0b80000)
  object space 31744K, 25% used [0x00000000d2200000,0x00000000d29f74e0,0x00000000d4100000)
 Metaspace       used 16742K, capacity 16952K, committed 17152K, reserved 1064960K
  class space    used 1882K, capacity 1961K, committed 2048K, reserved 1048576K
}
Event: 9.239 GC heap before
{Heap before GC invocations=6 (full 0):
 PSYoungGen      total 50688K, used 29533K [0x00000000f0b80000, 0x00000000f7780000, 0x0000000100000000)
  eden space 49152K, 57% used [0x00000000f0b80000,0x00000000f26df330,0x00000000f3b80000)
  from space 1536K, 97% used [0x00000000f3b80000,0x00000000f3cf8410,0x00000000f3d00000)
  to   space 6144K, 0% used [0x00000000f7180000,0x00000000f7180000,0x00000000f7780000)
 ParOldGen       total 31744K, used 8157K [0x00000000d2200000, 0x00000000d4100000, 0x00000000f0b80000)
  object space 31744K, 25% used [0x00000000d2200000,0x00000000d29f74e0,0x00000000d4100000)
 Metaspace       used 20877K, capacity 21014K, committed 21248K, reserved 1069056K
  class space    used 2098K, capacity 2185K, committed 2304K, reserved 1048576K
Event: 9.262 GC heap after
Heap after GC invocations=6 (full 0):
 PSYoungGen      total 104448K, used 3730K [0x00000000f0b80000, 0x00000000f7780000, 0x0000000100000000)
  eden space 98304K, 0% used [0x00000000f0b80000,0x00000000f0b80000,0x00000000f6b80000)
  from space 6144K, 60% used [0x00000000f7180000,0x00000000f7524bf0,0x00000000f7780000)
  to   space 6144K, 0% used [0x00000000f6b80000,0x00000000f6b80000,0x00000000f7180000)
 ParOldGen       total 31744K, used 8157K [0x00000000d2200000, 0x00000000d4100000, 0x00000000f0b80000)
  object space 31744K, 25% used [0x00000000d2200000,0x00000000d29f74e0,0x00000000d4100000)
 Metaspace       used 20877K, capacity 21014K, committed 21248K, reserved 1069056K
  class space    used 2098K, capacity 2185K, committed 2304K, reserved 1048576K
}
Event: 9.262 GC heap before
{Heap before GC invocations=7 (full 1):
 PSYoungGen      total 104448K, used 3730K [0x00000000f0b80000, 0x00000000f7780000, 0x0000000100000000)
  eden space 98304K, 0% used [0x00000000f0b80000,0x00000000f0b80000,0x00000000f6b80000)
  from space 6144K, 60% used [0x00000000f7180000,0x00000000f7524bf0,0x00000000f7780000)
  to   space 6144K, 0% used [0x00000000f6b80000,0x00000000f6b80000,0x00000000f7180000)
 ParOldGen       total 31744K, used 8157K [0x00000000d2200000, 0x00000000d4100000, 0x00000000f0b80000)
  object space 31744K, 25% used [0x00000000d2200000,0x00000000d29f74e0,0x00000000d4100000)
 Metaspace       used 20877K, capacity 21014K, committed 21248K, reserved 1069056K
  class space    used 2098K, capacity 2185K, committed 2304K, reserved 1048576K
Event: 9.321 GC heap after
Heap after GC invocations=7 (full 1):
 PSYoungGen      total 104448K, used 0K [0x00000000f0b80000, 0x00000000f7780000, 0x0000000100000000)
  eden space 98304K, 0% used [0x00000000f0b80000,0x00000000f0b80000,0x00000000f6b80000)
  from space 6144K, 0% used [0x00000000f7180000,0x00000000f7180000,0x00000000f7780000)
  to   space 6144K, 0% used [0x00000000f6b80000,0x00000000f6b80000,0x00000000f7180000)
 ParOldGen       total 28672K, used 9301K [0x00000000d2200000, 0x00000000d3e00000, 0x00000000f0b80000)
  object space 28672K, 32% used [0x00000000d2200000,0x00000000d2b155e8,0x00000000d3e00000)
 Metaspace       used 20877K, capacity 21014K, committed 21248K, reserved 1069056K
  class space    used 2098K, capacity 2185K, committed 2304K, reserved 1048576K
}
Event: 10.596 GC heap before
{Heap before GC invocations=8 (full 1):
 PSYoungGen      total 104448K, used 98304K [0x00000000f0b80000, 0x00000000f7780000, 0x0000000100000000)
  eden space 98304K, 100% used [0x00000000f0b80000,0x00000000f6b80000,0x00000000f6b80000)
  from space 6144K, 0% used [0x00000000f7180000,0x00000000f7180000,0x00000000f7780000)
  to   space 6144K, 0% used [0x00000000f6b80000,0x00000000f6b80000,0x00000000f7180000)
 ParOldGen       total 28672K, used 9301K [0x00000000d2200000, 0x00000000d3e00000, 0x00000000f0b80000)
  object space 28672K, 32% used [0x00000000d2200000,0x00000000d2b155e8,0x00000000d3e00000)
 Metaspace       used 21682K, capacity 21878K, committed 22272K, reserved 1069056K
  class space    used 2150K, capacity 2217K, committed 2304K, reserved 1048576K
Event: 10.634 GC heap after
Heap after GC invocations=8 (full 1):
 PSYoungGen      total 104448K, used 6132K [0x00000000f0b80000, 0x00000000fcf80000, 0x0000000100000000)
  eden space 98304K, 0% used [0x00000000f0b80000,0x00000000f0b80000,0x00000000f6b80000)
  from space 6144K, 99% used [0x00000000f6b80000,0x00000000f717d230,0x00000000f7180000)
  to   space 10240K, 0% used [0x00000000fc580000,0x00000000fc580000,0x00000000fcf80000)
 ParOldGen       total 28672K, used 15103K [0x00000000d2200000, 0x00000000d3e00000, 0x00000000f0b80000)
  object space 28672K, 52% used [0x00000000d2200000,0x00000000d30bfe40,0x00000000d3e00000)
 Metaspace       used 21682K, capacity 21878K, committed 22272K, reserved 1069056K
  class space    used 2150K, capacity 2217K, committed 2304K, reserved 1048576K
}
Event: 11.936 GC heap before
{Heap before GC invocations=9 (full 1):
 PSYoungGen      total 104448K, used 104436K [0x00000000f0b80000, 0x00000000fcf80000, 0x0000000100000000)
  eden space 98304K, 100% used [0x00000000f0b80000,0x00000000f6b80000,0x00000000f6b80000)
  from space 6144K, 99% used [0x00000000f6b80000,0x00000000f717d230,0x00000000f7180000)
  to   space 10240K, 0% used [0x00000000fc580000,0x00000000fc580000,0x00000000fcf80000)
 ParOldGen       total 28672K, used 15103K [0x00000000d2200000, 0x00000000d3e00000, 0x00000000f0b80000)
  object space 28672K, 52% used [0x00000000d2200000,0x00000000d30bfe40,0x00000000d3e00000)
 Metaspace       used 21705K, capacity 21878K, committed 22272K, reserved 1069056K
  class space    used 2150K, capacity 2217K, committed 2304K, reserved 1048576K
Event: 11.980 GC heap after
Heap after GC invocations=9 (full 1):
 PSYoungGen      total 188928K, used 9506K [0x00000000f0b80000, 0x00000000fd280000, 0x0000000100000000)
  eden space 178688K, 0% used [0x00000000f0b80000,0x00000000f0b80000,0x00000000fba00000)
  from space 10240K, 92% used [0x00000000fc580000,0x00000000fcec8820,0x00000000fcf80000)
  to   space 11776K, 0% used [0x00000000fba00000,0x00000000fba00000,0x00000000fc580000)
 ParOldGen       total 28672K, used 15111K [0x00000000d2200000, 0x00000000d3e00000, 0x00000000f0b80000)
  object space 28672K, 52% used [0x00000000d2200000,0x00000000d30c1e40,0x00000000d3e00000)
 Metaspace       used 21705K, capacity 21878K, committed 22272K, reserved 1069056K
  class space    used 2150K, capacity 2217K, committed 2304K, reserved 1048576K
}

Deoptimization events (10 events):
Event: 9.681 Thread 0x000000000221b800 Uncommon trap: reason=unstable_if action=reinterpret pc=0x0000000002ccb374 method=java.io.DataInputStream.readUTF(Ljava/io/DataInput;)Ljava/lang/String; @ 112
Event: 9.735 Thread 0x000000000221b800 Uncommon trap: reason=unstable_if action=reinterpret pc=0x0000000002e225d8 method=javassist.bytecode.AttributeInfo.read(Ljavassist/bytecode/ConstPool;Ljava/io/DataInputStream;)Ljavassist/bytecode/AttributeInfo; @ 314
Event: 9.764 Thread 0x000000000221b800 Uncommon trap: reason=unstable_if action=reinterpret pc=0x0000000002dd6ff4 method=org.nd4j.linalg.api.ndarray.BaseNDArray.isScalar()Z @ 100
Event: 9.943 Thread 0x000000000221b800 Uncommon trap: reason=unstable_if action=reinterpret pc=0x0000000002e77508 method=org.deeplearning4j.nn.modelimport.keras.Hdf5Archive.readDataSet(Lorg/bytedeco/javacpp/hdf5$CommonFG;Ljava/lang/String;)Lorg/nd4j/linalg/api/ndarray/INDArray; @ 539
Event: 10.523 Thread 0x000000000221b800 Uncommon trap: reason=class_check action=maybe_recompile pc=0x0000000002f58820 method=org.nd4j.linalg.api.ops.executioner.DefaultOpExecutioner.interceptIntDataType(Lorg/nd4j/linalg/api/ops/Op;)V @ 92
Event: 10.523 Thread 0x000000000221b800 Uncommon trap: reason=class_check action=maybe_recompile pc=0x0000000002f58820 method=org.nd4j.linalg.api.ops.executioner.DefaultOpExecutioner.interceptIntDataType(Lorg/nd4j/linalg/api/ops/Op;)V @ 92
Event: 10.524 Thread 0x000000000221b800 Uncommon trap: reason=class_check action=maybe_recompile pc=0x0000000002f58820 method=org.nd4j.linalg.api.ops.executioner.DefaultOpExecutioner.interceptIntDataType(Lorg/nd4j/linalg/api/ops/Op;)V @ 92
Event: 10.524 Thread 0x000000000221b800 Uncommon trap: reason=class_check action=maybe_recompile pc=0x0000000002f58820 method=org.nd4j.linalg.api.ops.executioner.DefaultOpExecutioner.interceptIntDataType(Lorg/nd4j/linalg/api/ops/Op;)V @ 92
Event: 10.524 Thread 0x000000000221b800 Uncommon trap: reason=class_check action=maybe_recompile pc=0x0000000002f5cb60 method=org.nd4j.linalg.api.ops.executioner.DefaultOpExecutioner.interceptIntDataType(Lorg/nd4j/linalg/api/ops/Op;)V @ 92
Event: 10.711 Thread 0x0000000057b4a000 Uncommon trap: reason=unstable_if action=reinterpret pc=0x0000000002e00e84 method=java.util.concurrent.SynchronousQueue$TransferQueue.awaitFulfill(Ljava/util/concurrent/SynchronousQueue$TransferQueue$QNode;Ljava/lang/Object;ZJ)Ljava/lang/Object; @ 29

Internal exceptions (10 events):
Event: 1.650 Thread 0x0000000057359800 Exception <a 'java/lang/ArrayIndexOutOfBoundsException'> (0x00000000f191fd00) thrown at [C:\re\workspace\8-2-build-windows-amd64-cygwin\jdk8u66\5298\hotspot\src\share\vm\runtime\sharedRuntime.cpp, line 605]
Event: 1.653 Thread 0x0000000057359800 Exception <a 'java/lang/ArrayIndexOutOfBoundsException': 24> (0x00000000f192de30) thrown at [C:\re\workspace\8-2-build-windows-amd64-cygwin\jdk8u66\5298\hotspot\src\share\vm\interpreter\interpreterRuntime.cpp, line 366]
Event: 1.654 Thread 0x0000000057359800 Exception <a 'java/lang/ArrayIndexOutOfBoundsException': 79> (0x00000000f192f618) thrown at [C:\re\workspace\8-2-build-windows-amd64-cygwin\jdk8u66\5298\hotspot\src\share\vm\interpreter\interpreterRuntime.cpp, line 366]
Event: 1.654 Thread 0x0000000057359800 Exception <a 'java/lang/ArrayIndexOutOfBoundsException': 79> (0x00000000f19305f8) thrown at [C:\re\workspace\8-2-build-windows-amd64-cygwin\jdk8u66\5298\hotspot\src\share\vm\interpreter\interpreterRuntime.cpp, line 366]
Event: 1.668 Thread 0x0000000057359800 Exception <a 'java/lang/NoSuchMethodError': getDevice> (0x00000000f193a318) thrown at [C:\re\workspace\8-2-build-windows-amd64-cygwin\jdk8u66\5298\hotspot\src\share\vm\prims\jni.cpp, line 1591]
Event: 1.668 Thread 0x0000000057359800 Exception <a 'java/lang/NoSuchMethodError': getNumDevices> (0x00000000f193a578) thrown at [C:\re\workspace\8-2-build-windows-amd64-cygwin\jdk8u66\5298\hotspot\src\share\vm\prims\jni.cpp, line 1591]
Event: 1.669 Thread 0x0000000057359800 Exception <a 'java/lang/NoSuchMethodError': getName> (0x00000000f1940ba0) thrown at [C:\re\workspace\8-2-build-windows-amd64-cygwin\jdk8u66\5298\hotspot\src\share\vm\prims\jni.cpp, line 1591]
Event: 1.669 Thread 0x0000000057359800 Exception <a 'java/lang/NoSuchMethodError': getIdentifier> (0x00000000f1940e08) thrown at [C:\re\workspace\8-2-build-windows-amd64-cygwin\jdk8u66\5298\hotspot\src\share\vm\prims\jni.cpp, line 1591]
Event: 1.771 Thread 0x000000000221b800 Exception <a 'java/io/FileNotFoundException'> (0x00000000f1bf92a0) thrown at [C:\re\workspace\8-2-build-windows-amd64-cygwin\jdk8u66\5298\hotspot\src\share\vm\prims\jni.cpp, line 709]
Event: 1.803 Thread 0x000000000221b800 Implicit null exception at 0x0000000002b6cfc5 to 0x0000000002b6d199

Events (10 events):
Event: 12.112 Executing VM operation: RevokeBias
Event: 12.113 Executing VM operation: RevokeBias done
Event: 12.113 Executing VM operation: RevokeBias
Event: 12.113 Executing VM operation: RevokeBias done
Event: 12.113 Executing VM operation: RevokeBias
Event: 12.113 Executing VM operation: RevokeBias done
Event: 12.144 Thread 0x0000000057b50000 DEOPT PACKING pc=0x0000000002f78c0e sp=0x000000005bf0e660
Event: 12.144 Thread 0x0000000057b50000 DEOPT UNPACKING pc=0x00000000028e747f sp=0x000000005bf0e408 mode 0
Event: 12.277 Thread 0x0000000057b50000 DEOPT PACKING pc=0x0000000002f78c0e sp=0x000000005bf0e660
Event: 12.277 Thread 0x0000000057b50000 DEOPT UNPACKING pc=0x00000000028e747f sp=0x000000005bf0e408 mode 0


Dynamic libraries:
0x000000013f1e0000 - 0x000000013f217000 	C:\Program Files\Java\jre1.8.0_66\bin\javaw.exe
0x0000000077c80000 - 0x0000000077e29000 	C:\windows\SYSTEM32\ntdll.dll
0x000007fef29f0000 - 0x000007fef2a23000 	C:\Program Files\AVAST Software\Avast\x64\aswhooka.dll
0x0000000077b60000 - 0x0000000077c80000 	C:\windows\system32\kernel32.dll
0x000007fefdbd0000 - 0x000007fefdc3c000 	C:\windows\system32\KERNELBASE.dll
0x000007feff9b0000 - 0x000007feffa8b000 	C:\windows\system32\ADVAPI32.dll
0x000007feff1c0000 - 0x000007feff25f000 	C:\windows\system32\msvcrt.dll
0x000007fefdf00000 - 0x000007fefdf1f000 	C:\windows\SYSTEM32\sechost.dll
0x000007feff410000 - 0x000007feff53d000 	C:\windows\system32\RPCRT4.dll
0x0000000077a60000 - 0x0000000077b5a000 	C:\windows\system32\USER32.dll
0x000007fefde80000 - 0x000007fefdee7000 	C:\windows\system32\GDI32.dll
0x000007feffab0000 - 0x000007feffabe000 	C:\windows\system32\LPK.dll
0x000007feff750000 - 0x000007feff819000 	C:\windows\system32\USP10.dll
0x000007fefc400000 - 0x000007fefc5f4000 	C:\windows\WinSxS\amd64_microsoft.windows.common-controls_6595b64144ccf1df_6.0.7601.18837_none_fa3b1e3d17594757\COMCTL32.dll
0x000007fefff10000 - 0x000007fefff81000 	C:\windows\system32\SHLWAPI.dll
0x000007feffee0000 - 0x000007fefff0e000 	C:\windows\system32\IMM32.DLL
0x000007feffdd0000 - 0x000007feffed9000 	C:\windows\system32\MSCTF.dll
0x000000006e310000 - 0x000000006e3e2000 	C:\Program Files\Java\jre1.8.0_66\bin\msvcr100.dll
0x000000005f5d0000 - 0x000000005fe59000 	C:\Program Files\Java\jre1.8.0_66\bin\server\jvm.dll
0x000007fef6090000 - 0x000007fef6099000 	C:\windows\system32\WSOCK32.dll
0x000007feff260000 - 0x000007feff2ad000 	C:\windows\system32\WS2_32.dll
0x000007fefdef0000 - 0x000007fefdef8000 	C:\windows\system32\NSI.dll
0x000007fefb900000 - 0x000007fefb93b000 	C:\windows\system32\WINMM.dll
0x000007fefcac0000 - 0x000007fefcacc000 	C:\windows\system32\VERSION.dll
0x0000000077e40000 - 0x0000000077e47000 	C:\windows\system32\PSAPI.DLL
0x0000000071500000 - 0x000000007150f000 	C:\Program Files\Java\jre1.8.0_66\bin\verify.dll
0x000000006e750000 - 0x000000006e779000 	C:\Program Files\Java\jre1.8.0_66\bin\java.dll
0x000000006e790000 - 0x000000006e7a6000 	C:\Program Files\Java\jre1.8.0_66\bin\zip.dll
0x000007fefe1f0000 - 0x000007fefef79000 	C:\windows\system32\SHELL32.dll
0x000007feff540000 - 0x000007feff743000 	C:\windows\system32\ole32.dll
0x000007fefda20000 - 0x000007fefda2f000 	C:\windows\system32\profapi.dll
0x000000006e170000 - 0x000000006e308000 	C:\Program Files\Java\jre1.8.0_66\bin\awt.dll
0x000007feff330000 - 0x000007feff407000 	C:\windows\system32\OLEAUT32.dll
0x000007fefd240000 - 0x000007fefd258000 	C:\windows\system32\CRYPTSP.dll
0x000007fefcf50000 - 0x000007fefcf97000 	C:\windows\system32\rsaenh.dll
0x000007fefdcf0000 - 0x000007fefdd0e000 	C:\windows\system32\USERENV.dll
0x000007fefd8c0000 - 0x000007fefd8cf000 	C:\windows\system32\CRYPTBASE.dll
0x000000006e730000 - 0x000000006e74a000 	C:\Program Files\Java\jre1.8.0_66\bin\net.dll
0x000007fefd1e0000 - 0x000007fefd235000 	C:\windows\system32\mswsock.dll
0x000007fefd460000 - 0x000007fefd467000 	C:\windows\System32\wship6.dll
0x000007fefb020000 - 0x000007fefb047000 	C:\windows\system32\IPHLPAPI.DLL
0x000007fefb010000 - 0x000007fefb01b000 	C:\windows\system32\WINNSI.DLL
0x000007fefacd0000 - 0x000007feface1000 	C:\windows\system32\dhcpcsvc6.DLL
0x000007fefacb0000 - 0x000007fefacc8000 	C:\windows\system32\dhcpcsvc.DLL
0x000000006e710000 - 0x000000006e721000 	C:\Program Files\Java\jre1.8.0_66\bin\nio.dll
0x000007fef2e00000 - 0x000007fef2e29000 	C:\Users\seibert\AppData\Local\Temp\BridJExtractedLibraries1246720899915310132\bridj.dll
0x000007fef23b0000 - 0x000007fef23e6000 	C:\Users\seibert\AppData\Local\Temp\BridJExtractedLibraries1246720899915310132\OpenIMAJGrabber.dll
0x000007fefc220000 - 0x000007fefc276000 	C:\windows\system32\uxtheme.dll
0x000007feffd30000 - 0x000007feffdc9000 	C:\windows\system32\CLBCatQ.DLL
0x000007fef3b40000 - 0x000007fef3b56000 	C:\Windows\system32\devenum.dll
0x000007fefef80000 - 0x000007feff157000 	C:\windows\system32\setupapi.dll
0x000007fefdc50000 - 0x000007fefdc86000 	C:\windows\system32\CFGMGR32.dll
0x000007fefda40000 - 0x000007fefda5a000 	C:\windows\system32\DEVOBJ.dll
0x000007fefbd10000 - 0x000007fefbd3d000 	C:\windows\system32\ntmarta.dll
0x000007feff160000 - 0x000007feff1b2000 	C:\windows\system32\WLDAP32.dll
0x000007fefdc90000 - 0x000007fefdccb000 	C:\windows\system32\WINTRUST.dll
0x000007fefda60000 - 0x000007fefdbcd000 	C:\windows\system32\CRYPT32.dll
0x000007fefda30000 - 0x000007fefda3f000 	C:\windows\system32\MSASN1.dll
0x000007fefbb70000 - 0x000007fefbb7d000 	C:\windows\system32\msdmo.dll
0x000007fefbcf0000 - 0x000007fefbd08000 	C:\windows\system32\dwmapi.dll
0x000007fef2380000 - 0x000007fef23af000 	C:\Windows\system32\qcap.dll
0x000007feeeb50000 - 0x000007feeed03000 	C:\Windows\system32\quartz.dll
0x000007fef11a0000 - 0x000007fef11e1000 	C:\Windows\system32\ksproxy.ax
0x0000000074c10000 - 0x0000000074c16000 	C:\Windows\system32\ksuser.dll
0x000007feeef90000 - 0x000007feef18f000 	C:\Windows\system32\d3d9.dll
0x000007fef2e60000 - 0x000007fef2e67000 	C:\Windows\system32\d3d8thk.dll
0x000007fef3bb0000 - 0x000007fef3bbb000 	C:\Windows\system32\vidcap.ax
0x000007fef0e30000 - 0x000007fef0e54000 	C:\Windows\system32\kswdmcap.ax
0x000007feef4c0000 - 0x000007feef61c000 	C:\Windows\system32\MFC42.dll
0x000007fef6960000 - 0x000007fef6a11000 	C:\Windows\system32\ODBC32.dll
0x0000000074c70000 - 0x0000000074ca8000 	C:\Windows\system32\odbcint.dll
0x000007feef6a0000 - 0x000007feef73b000 	C:\Windows\System32\qedit.dll
0x000007fef0970000 - 0x000007fef0999000 	C:\Windows\System32\MSVFW32.dll
0x000007fefdde0000 - 0x000007fefde77000 	C:\windows\system32\COMDLG32.dll
0x000007fefc000000 - 0x000007fefc216000 	C:\windows\WinSxS\amd64_microsoft.windows.gdiplus_6595b64144ccf1df_1.1.7601.19054_none_2b28591471e9a18f\gdiplus.dll
0x000007feef3c0000 - 0x000007feef4b1000 	C:\windows\system32\DDRAW.dll
0x000007fef3020000 - 0x000007fef3028000 	C:\windows\system32\DCIMAN32.dll
0x000007fef2e40000 - 0x000007fef2e4b000 	C:\windows\system32\msyuv.dll
0x000007feeeaa0000 - 0x000007feeeb46000 	C:\Users\seibert\.javacpp\cache\hdf5-1.10.0-patch1-1.3-windows-x86_64.jar\org\bytedeco\javacpp\windows-x86_64\msvcp120.dll
0x000007feedf50000 - 0x000007feee03f000 	C:\Program Files\Java\jre1.8.0_66\bin\MSVCR120.dll
0x000007feede60000 - 0x000007feedf4f000 	C:\Users\seibert\.javacpp\cache\hdf5-1.10.0-patch1-1.3-windows-x86_64.jar\org\bytedeco\javacpp\windows-x86_64\msvcr120.dll
0x000007feeda10000 - 0x000007feede52000 	C:\Users\seibert\.javacpp\cache\hdf5-1.10.0-patch1-1.3-windows-x86_64.jar\org\bytedeco\javacpp\windows-x86_64\jnihdf5.dll
0x0000000069480000 - 0x00000000698c2000 	C:\Users\seibert\.javacpp\cache\nd4j-native-0.8.0-windows-x86_64.jar\org\nd4j\nativeblas\windows-x86_64\libnd4jcpu.dll
0x0000000066880000 - 0x000000006691b000 	C:\Users\seibert\.javacpp\cache\nd4j-native-0.8.0-windows-x86_64.jar\org\nd4j\nativeblas\windows-x86_64\jnind4jcpu.dll
0x000000005cee0000 - 0x000000005f342000 	C:\Users\seibert\.javacpp\cache\openblas-0.2.19-1.3-windows-x86_64.jar\org\bytedeco\javacpp\windows-x86_64\libopenblas.dll
0x0000000067800000 - 0x0000000068599000 	C:\Users\seibert\.javacpp\cache\openblas-0.2.19-1.3-windows-x86_64.jar\org\bytedeco\javacpp\windows-x86_64\jniopenblas.dll
0x000007fee9b60000 - 0x000007feea727000 	F:\Anaconda\Library\bin\mkl_rt.dll
0x000007fee84a0000 - 0x000007fee9b59000 	F:\Anaconda\Library\bin\mkl_intel_thread.dll
0x000007fee38e0000 - 0x000007fee50df000 	F:\Anaconda\Library\bin\mkl_core.dll
0x000007feed8c0000 - 0x000007feeda0e000 	F:\Anaconda\Library\bin\libiomp5md.dll
0x000007fef40a0000 - 0x000007fef41c5000 	C:\windows\system32\dbghelp.dll

VM Arguments:
jvm_args: -Djava.library.path=F:\Workspaces\CameraVision\CameraVision\dll -Dfile.encoding=UTF-8 
java_command: cameraUI.Start
java_class_path (initial): F:\Workspaces\CameraVision\CameraVision\target\classes;F:\Workspaces\CameraVision\CameraVision\jar\ufdw-jogamp2.jar;C:\Users\seibert\.m2\repository\org\nd4j\nd4j-native-platform\0.8.0\nd4j-native-platform-0.8.0.jar;C:\Users\seibert\.m2\repository\org\nd4j\nd4j-native\0.8.0\nd4j-native-0.8.0.jar;C:\Users\seibert\.m2\repository\org\bytedeco\javacpp\1.3.2\javacpp-1.3.2.jar;C:\Users\seibert\.m2\repository\org\bytedeco\javacpp-presets\openblas-platform\0.2.19-1.3\openblas-platform-0.2.19-1.3.jar;C:\Users\seibert\.m2\repository\org\bytedeco\javacpp-presets\openblas\0.2.19-1.3\openblas-0.2.19-1.3.jar;C:\Users\seibert\.m2\repository\org\bytedeco\javacpp-presets\openblas\0.2.19-1.3\openblas-0.2.19-1.3-android-arm.jar;C:\Users\seibert\.m2\repository\org\bytedeco\javacpp-presets\openblas\0.2.19-1.3\openblas-0.2.19-1.3-android-x86.jar;C:\Users\seibert\.m2\repository\org\bytedeco\javacpp-presets\openblas\0.2.19-1.3\openblas-0.2.19-1.3-linux-x86.jar;C:\Users\seibert\.m2\repository\org\bytedeco\javacpp-presets\openblas\0.2.19-1.3\openblas-0.2.19-1.3-linux-x86_64.jar;C:\Users\seibert\.m2\repository\org\bytedeco\javacpp-presets\openblas\0.2.19-1.3\openblas-0.2.19-1.3-linux-armhf.jar;C:\Users\seibert\.m2\repository\org\bytedeco\javacpp-presets\openblas\0.2.19-1.3\openblas-0.2.19-1.3-linux-ppc64le.jar;C:\Users\seibert\.m2\repository\org\bytedeco\javacpp-presets\openblas\0.2.19-1.3\openblas-0.2.19-1.3-macosx-x86_64.jar;C:\Users\seibert\.m2\repository\org\bytedeco\javacpp-presets\openblas\0.2.19-1.3\openblas-0.2.19-1.3-windows-x86.jar;C:\Users\seibert\.m2\repository\org\bytedeco\javacpp-presets\openblas\0.2.19-1.3\openblas-0.2.19-1.3-windows-x86_64.jar;C:\Users\seibert\.m2\repository\org\nd4j\nd4j-native-api\0.8.0\nd4j-native-api-0.8.0.jar;C:\Users\seibert\.m2\repository\org\nd4j\nd4j-native\0.8.0\nd4j-native-0.8.0-android-arm.jar;C:\Users\seibert\.m2\repository\org\nd4j\nd4j-native\0.8.0\nd4j-native-0.8.0-android-x86.jar;C:\Users\seibert\.m2\repository\org\
Launcher Type: SUN_STANDARD

Environment Variables:
CLASSPATH=.;.;C:\PROGRA~2\JMF21~1.1E\lib\sound.jar;C:\PROGRA~2\JMF21~1.1E\lib\jmf.jar;C:\PROGRA~2\JMF21~1.1E\lib;
PATH=C:/Program Files/Java/jre1.8.0_66/bin/server;C:/Program Files/Java/jre1.8.0_66/bin;C:/Program Files/Java/jre1.8.0_66/lib/amd64;C:\ProgramData\Oracle\Java\javapath;C:\Program Files\Common Files\Microsoft Shared\Windows Live;C:\Program Files (x86)\Common Files\Microsoft Shared\Windows Live;C:\windows\system32;C:\windows;C:\windows\System32\Wbem;C:\windows\System32\WindowsPowerShell\v1.0\;c:\Program Files (x86)\Common Files\Roxio Shared\OEM\DLLShared\;c:\Program Files (x86)\Common Files\Roxio Shared\OEM\DLLShared\;c:\Program Files (x86)\Common Files\Roxio Shared\OEM\12.0\DLLShared\;c:\Program Files (x86)\Roxio\OEM\AudioCore\;C:\Program Files\WIDCOMM\Bluetooth Software\;C:\Program Files\WIDCOMM\Bluetooth Software\syswow64;C:\Program Files (x86)\Windows Live\Shared;C:\Ruby22-x64\bin;C:\Program Files\Microsoft SQL Server\120\Tools\Binn\;C:\TDM-GCC-64\bin;F:\Anaconda;F:\Anaconda\Scripts;F:\Anaconda\Library\bin;C:\Program Files (x86)\Skype\Phone\;F:\Anaconda\;F:\Anaconda\Scripts;F:\Anaconda\Library\bin;C:\Program Files\Zenmap;C:\Users\seibert\Desktop;
USERNAME=seibert
OS=Windows_NT
PROCESSOR_IDENTIFIER=Intel64 Family 6 Model 37 Stepping 5, GenuineIntel



---------------  S Y S T E M  ---------------

OS: Windows 7 , 64 bit Build 7601 (6.1.7601.19045)

CPU:total 4 (2 cores per cpu, 2 threads per core) family 6 model 37 stepping 5, cmov, cx8, fxsr, mmx, sse, sse2, sse3, ssse3, sse4.1, sse4.2, popcnt, ht, tsc, tscinvbit

Memory: 4k page, physical 3005116k(1003996k free), swap 6008396k(2933144k free)

vm_info: Java HotSpot(TM) 64-Bit Server VM (25.66-b18) for windows-amd64 JRE (1.8.0_66-b18), built on Nov  9 2015 10:51:13 by "java_re" with MS VC++ 10.0 (VS2010)

time: Tue Mar 28 13:22:25 2017
elapsed time: 12 seconds (0d 0h 0m 12s)

