#
# A fatal error has been detected by the Java Runtime Environment:
#
#  SIGSEGV (0xb) at pc=0x00007fe720c20680, pid=18059, tid=140630654392064
#
# JRE version: Java(TM) SE Runtime Environment (8.0_72-b15) (build 1.8.0_72-b15)
# Java VM: Java HotSpot(TM) 64-Bit Server VM (25.72-b15 mixed mode linux-amd64 compressed oops)
# Problematic frame:
# C  [libhdf5.so.100+0x216680]  H5SL_search+0x820
#
# Core dump written. Default location: /home/jessica/workspace/pictures workspace/CameraVision/CameraVision/core or core.18059
#
# If you would like to submit a bug report, please visit:
#   http://bugreport.java.com/bugreport/crash.jsp
# The crash happened outside the Java Virtual Machine in native code.
# See problematic frame for where to report the bug.
#

---------------  T H R E A D  ---------------

Current thread (0x00007fe76c870000):  JavaThread "JavaCPP Deallocator" daemon [_thread_in_native, id=18082, stack(0x00007fe720231000,0x00007fe720332000)]

siginfo: si_signo: 11 (SIGSEGV), si_code: 1 (SEGV_MAPERR), si_addr: 0x0000000000000008

Registers:
RAX=0x0000000000000008, RBX=0x00007fe720330488, RCX=0x00007fe6c4ec8a80, RDX=0x0000000000000000
RSP=0x00007fe720330420, RBP=0xfffffffffffffff8, RSI=0x03000000000001e4, RDI=0x00007fe6c4ec5c80
R8 =0x00007fe6c4ec7860, R9 =0x00007fe6c4eca500, R10=0x00000000ffffffff, R11=0x00007fe76c7553b0
R12=0x00007fe76c767680, R13=0x0000000000000003, R14=0x00007fe720330488, R15=0x00007fe76c870000
RIP=0x00007fe720c20680, EFLAGS=0x0000000000010203, CSGSFS=0x002b000000000033, ERR=0x0000000000000004
  TRAPNO=0x000000000000000e

Top of Stack: (sp=0x00007fe720330420)
0x00007fe720330420:   00007fe76c7553b0 00007fe720c23ae5
0x00007fe720330430:   00007fe7203304ef 03000000000001e4
0x00007fe720330440:   00007fe720f83ca0 00007fe720f83cc0
0x00007fe720330450:   0000000000000003 00007fe720330488
0x00007fe720330460:   00007fe76c870000 00007fe720b76273
0x00007fe720330470:   0000000000000005 00007fe720bbcc8a
0x00007fe720330480:   0000000000000000 03000000000001e4
0x00007fe720330490:   00007fe6c4ec7820 0000000000000000
0x00007fe7203304a0:   00007fe76c7bbd50 0000000000000005
0x00007fe7203304b0:   0000000000000000 00007fe720abd508
0x00007fe7203304c0:   00007fe720f83ca0 0b00000000000000
0x00007fe7203304d0:   00007fe720f83ca0 00007fe6c4ec7880
0x00007fe7203304e0:   000000000000000b 00007fe720330518
0x00007fe7203304f0:   0000000000000002 0500000000000017
0x00007fe720330500:   00007fe720f83ca0 00007fe76c7bbd50
0x00007fe720330510:   0000000000000005 00007fe720330548
0x00007fe720330520:   00007fe76c870000 00007fe720b7634e
0x00007fe720330530:   0000000000000002 00007fe720b8760e
0x00007fe720330540:   0000000000000001 0500000000000017
0x00007fe720330550:   00007fe720f83ca0 0500000000000017
0x00007fe720330560:   0000000000000000 00007fe771353fe8
0x00007fe720330570:   00007fe720330780 00007fe720b76e5b
0x00007fe720330580:   00007fe771353fe8 0500000000000017
0x00007fe720330590:   00007fe720f82a2c 0000000000000000
0x00007fe7203305a0:   00007fe771353fe8 0500000000000017
0x00007fe7203305b0:   00007fe720f82a2c 00007fe720b772db
0x00007fe7203305c0:   0500000000000017 0500000000000017
0x00007fe7203305d0:   0500000000000017 00007fe720a99bc3
0x00007fe7203305e0:   00007fe720330740 00007fe6c4ec76d0
0x00007fe7203305f0:   00007fe720330740 00007fe6c4ec76d0
0x00007fe720330600:   00007fe720330740 00007fe72037a6f1
0x00007fe720330610:   00007fe76c870000 00007fe7743e1050 

Instructions: (pc=0x00007fe720c20680)
0x00007fe720c20660:   89 c9 48 8b 55 28 48 8d 04 f5 00 00 00 00 48 29
0x00007fe720c20670:   ce 48 8d 2c f5 f8 ff ff ff 0f 1f 80 00 00 00 00
0x00007fe720c20680:   48 8b 0c 02 48 85 c9 74 39 48 8b 39 48 8b 33 48
0x00007fe720c20690:   39 37 7d 2e 48 8b 51 28 48 8b 0c 02 48 85 c9 74 

Register to memory mapping:

RAX=0x0000000000000008 is an unknown value
RBX=0x00007fe720330488 is pointing into the stack for thread: 0x00007fe76c870000
RCX=0x00007fe6c4ec8a80 is an unknown value
RDX=0x0000000000000000 is an unknown value
RSP=0x00007fe720330420 is pointing into the stack for thread: 0x00007fe76c870000
RBP=0xfffffffffffffff8 is an unknown value
RSI=0x03000000000001e4 is an unknown value
RDI=0x00007fe6c4ec5c80 is an unknown value
R8 =0x00007fe6c4ec7860 is an unknown value
R9 =0x00007fe6c4eca500 is an unknown value
R10=0x00000000ffffffff is an unallocated location in the heap
R11=0x00007fe76c7553b0 is an unknown value
R12=0x00007fe76c767680 is an unknown value
R13=0x0000000000000003 is an unknown value
R14=0x00007fe720330488 is pointing into the stack for thread: 0x00007fe76c870000
R15=0x00007fe76c870000 is a thread


Stack: [0x00007fe720231000,0x00007fe720332000],  sp=0x00007fe720330420,  free space=1021k
Native frames: (J=compiled Java code, j=interpreted, Vv=VM code, C=native code)
C  [libhdf5.so.100+0x216680]  H5SL_search+0x820

Java frames: (J=compiled Java code, j=interpreted, Vv=VM code)
j  org.bytedeco.javacpp.Pointer$NativeDeallocator.deallocate(JJ)V+0
j  org.bytedeco.javacpp.Pointer$NativeDeallocator.deallocate()V+27
J 1213 C1 org.bytedeco.javacpp.Pointer$DeallocatorReference.clear()V (60 bytes) @ 0x00007fe75d459504 [0x00007fe75d4589a0+0xb64]
j  org.bytedeco.javacpp.Pointer$DeallocatorThread.run()V+11
v  ~StubRoutines::call_stub

---------------  P R O C E S S  ---------------

Java Threads: ( => current thread )
  0x00007fe6c4c0a000 JavaThread "UniGC thread 5" daemon [_thread_blocked, id=18095, stack(0x00007fe6fcbd4000,0x00007fe6fccd5000)]
  0x00007fe6c4c08000 JavaThread "UniGC thread 4" daemon [_thread_blocked, id=18094, stack(0x00007fe704071000,0x00007fe704172000)]
  0x00007fe6c4c06800 JavaThread "UniGC thread 3" daemon [_thread_blocked, id=18093, stack(0x00007fe704172000,0x00007fe704273000)]
  0x00007fe6c4c02800 JavaThread "UniGC thread 2" daemon [_thread_blocked, id=18092, stack(0x00007fe704273000,0x00007fe704374000)]
  0x00007fe6c4bfe000 JavaThread "UniGC thread 1" daemon [_thread_blocked, id=18091, stack(0x00007fe704374000,0x00007fe704475000)]
  0x00007fe6c4c04800 JavaThread "UniGC thread 0" daemon [_thread_blocked, id=18090, stack(0x00007fe704475000,0x00007fe704576000)]
  0x00007fe76d0f8800 JavaThread "ResourceGC thread 3" daemon [_thread_blocked, id=18089, stack(0x00007fe718afa000,0x00007fe718bfb000)]
  0x00007fe76d0f7800 JavaThread "ResourceGC thread 2" daemon [_thread_blocked, id=18088, stack(0x00007fe718bfb000,0x00007fe718cfc000)]
  0x00007fe76d0f5000 JavaThread "ResourceGC thread 1" daemon [_thread_blocked, id=18087, stack(0x00007fe718cfc000,0x00007fe718dfd000)]
  0x00007fe76d0f1800 JavaThread "ResourceGC thread 0" daemon [_thread_blocked, id=18086, stack(0x00007fe718dfd000,0x00007fe718efe000)]
=>0x00007fe76c870000 JavaThread "JavaCPP Deallocator" daemon [_thread_in_native, id=18082, stack(0x00007fe720231000,0x00007fe720332000)]
  0x00007fe76c6e0000 JavaThread "webcam-discovery-service" daemon [_thread_blocked, id=18081, stack(0x00007fe72259a000,0x00007fe72269b000)]
  0x00007fe71c006000 JavaThread "atomic-processor-1" daemon [_thread_blocked, id=18080, stack(0x00007fe722499000,0x00007fe72259a000)]
  0x00007fe76c0c5800 JavaThread "Service Thread" daemon [_thread_blocked, id=18077, stack(0x00007fe7581a1000,0x00007fe7582a2000)]
  0x00007fe76c0c2800 JavaThread "C1 CompilerThread2" daemon [_thread_blocked, id=18076, stack(0x00007fe7582a2000,0x00007fe7583a3000)]
  0x00007fe76c0c0800 JavaThread "C2 CompilerThread1" daemon [_thread_in_native, id=18075, stack(0x00007fe7583a3000,0x00007fe7584a4000)]
  0x00007fe76c0bd800 JavaThread "C2 CompilerThread0" daemon [_thread_blocked, id=18074, stack(0x00007fe7584a4000,0x00007fe7585a5000)]
  0x00007fe76c0bc000 JavaThread "Signal Dispatcher" daemon [_thread_blocked, id=18073, stack(0x00007fe7585a5000,0x00007fe7586a6000)]
  0x00007fe76c089000 JavaThread "Finalizer" daemon [_thread_blocked, id=18072, stack(0x00007fe758887000,0x00007fe758988000)]
  0x00007fe76c084000 JavaThread "Reference Handler" daemon [_thread_blocked, id=18071, stack(0x00007fe758988000,0x00007fe758a89000)]
  0x00007fe76c00f000 JavaThread "main" [_thread_in_vm, id=18063, stack(0x00007fe7754a8000,0x00007fe7755a9000)]

Other Threads:
  0x00007fe76c07c800 VMThread [stack: 0x00007fe758a89000,0x00007fe758b8a000] [id=18070]
  0x00007fe76c0c9000 WatcherThread [stack: 0x00007fe7580a0000,0x00007fe7581a1000] [id=18078]

VM state:not at safepoint (normal execution)

VM Mutex/Monitor currently owned by a thread:  ([mutex/lock_event])
[0x00007fe76c00ab00] SystemDictionary_lock - owner thread: 0x00007fe76c00f000

Heap:
 PSYoungGen      total 136192K, used 2302K [0x00000000d6600000, 0x00000000df000000, 0x0000000100000000)
  eden space 131072K, 1% used [0x00000000d6600000,0x00000000d683fac0,0x00000000de600000)
  from space 5120K, 0% used [0x00000000de600000,0x00000000de600000,0x00000000deb00000)
  to   space 5120K, 0% used [0x00000000deb00000,0x00000000deb00000,0x00000000df000000)
 ParOldGen       total 86016K, used 3622K [0x0000000083200000, 0x0000000088600000, 0x00000000d6600000)
  object space 86016K, 4% used [0x0000000083200000,0x0000000083589a80,0x0000000088600000)
 Metaspace       used 18612K, capacity 18777K, committed 18944K, reserved 1067008K
  class space    used 1974K, capacity 2040K, committed 2048K, reserved 1048576K

Card table byte_map: [0x00007fe771eaf000,0x00007fe772297000] byte_map_base: 0x00007fe771a96000

Marking Bits: (ParMarkBitMap*) 0x00007fe7749bb100
 Begin Bits: [0x00007fe759190000, 0x00007fe75b0c8000)
 End Bits:   [0x00007fe75b0c8000, 0x00007fe75d000000)

Polling page: 0x00007fe7755e1000

CodeCache: size=245760Kb used=4803Kb max_used=4803Kb free=240956Kb
 bounds [0x00007fe75d000000, 0x00007fe75d4c0000, 0x00007fe76c000000]
 total_blobs=2117 nmethods=1336 adapters=697
 compilation: enabled

Compilation events (10 events):
Event: 4.191 Thread 0x00007fe76c0c2800 nmethod 1335 0x00007fe75d4ae950 code [0x00007fe75d4aeac0, 0x00007fe75d4aecf0]
Event: 4.191 Thread 0x00007fe76c0c2800 1336       3       java.lang.ref.PhantomReference::<init> (7 bytes)
Event: 4.191 Thread 0x00007fe76c0bd800 nmethod 1333 0x00007fe75d4ae6d0 code [0x00007fe75d4ae820, 0x00007fe75d4ae898]
Event: 4.191 Thread 0x00007fe76c0c2800 nmethod 1336 0x00007fe75d4ae1d0 code [0x00007fe75d4ae340, 0x00007fe75d4ae5f0]
Event: 4.191 Thread 0x00007fe76c0c2800 1337       3       org.bytedeco.javacpp.Pointer::init (52 bytes)
Event: 4.249 Thread 0x00007fe76c0c2800 nmethod 1337 0x00007fe75d4b5cd0 code [0x00007fe75d4b5e60, 0x00007fe75d4b6258]
Event: 4.250 Thread 0x00007fe76c0c2800 1344       3       java.util.regex.Pattern$BmpCharProperty::match (50 bytes)
Event: 4.250 Thread 0x00007fe76c0c2800 nmethod 1344 0x00007fe75d4b5510 code [0x00007fe75d4b56c0, 0x00007fe75d4b5b68]
Event: 4.250 Thread 0x00007fe76c0c2800 1338       3       org.bytedeco.javacpp.Pointer$NativeDeallocator::<init> (23 bytes)
Event: 4.250 Thread 0x00007fe76c0c2800 nmethod 1338 0x00007fe75d4b5110 code [0x00007fe75d4b5280, 0x00007fe75d4b5468]

GC Heap History (10 events):
Event: 3.189 GC heap before
{Heap before GC invocations=3 (full 0):
 PSYoungGen      total 70656K, used 68676K [0x00000000d6600000, 0x00000000db000000, 0x0000000100000000)
  eden space 65536K, 100% used [0x00000000d6600000,0x00000000da600000,0x00000000da600000)
  from space 5120K, 61% used [0x00000000dab00000,0x00000000dae111c8,0x00000000db000000)
  to   space 5120K, 0% used [0x00000000da600000,0x00000000da600000,0x00000000dab00000)
 ParOldGen       total 86016K, used 16K [0x0000000083200000, 0x0000000088600000, 0x00000000d6600000)
  object space 86016K, 0% used [0x0000000083200000,0x0000000083204000,0x0000000088600000)
 Metaspace       used 17230K, capacity 17401K, committed 17664K, reserved 1064960K
  class space    used 1861K, capacity 1944K, committed 2048K, reserved 1048576K
Event: 3.208 GC heap after
Heap after GC invocations=3 (full 0):
 PSYoungGen      total 70656K, used 5088K [0x00000000d6600000, 0x00000000df000000, 0x0000000100000000)
  eden space 65536K, 0% used [0x00000000d6600000,0x00000000d6600000,0x00000000da600000)
  from space 5120K, 99% used [0x00000000da600000,0x00000000daaf8068,0x00000000dab00000)
  to   space 5120K, 0% used [0x00000000deb00000,0x00000000deb00000,0x00000000df000000)
 ParOldGen       total 86016K, used 4889K [0x0000000083200000, 0x0000000088600000, 0x00000000d6600000)
  object space 86016K, 5% used [0x0000000083200000,0x00000000836c65a8,0x0000000088600000)
 Metaspace       used 17230K, capacity 17401K, committed 17664K, reserved 1064960K
  class space    used 1861K, capacity 1944K, committed 2048K, reserved 1048576K
}
Event: 4.041 GC heap before
{Heap before GC invocations=4 (full 0):
 PSYoungGen      total 70656K, used 20143K [0x00000000d6600000, 0x00000000df000000, 0x0000000100000000)
  eden space 65536K, 22% used [0x00000000d6600000,0x00000000d74b3c78,0x00000000da600000)
  from space 5120K, 99% used [0x00000000da600000,0x00000000daaf8068,0x00000000dab00000)
  to   space 5120K, 0% used [0x00000000deb00000,0x00000000deb00000,0x00000000df000000)
 ParOldGen       total 86016K, used 4889K [0x0000000083200000, 0x0000000088600000, 0x00000000d6600000)
  object space 86016K, 5% used [0x0000000083200000,0x00000000836c65a8,0x0000000088600000)
 Metaspace       used 18173K, capacity 18297K, committed 18432K, reserved 1064960K
  class space    used 1940K, capacity 2008K, committed 2048K, reserved 1048576K
Event: 4.055 GC heap after
Heap after GC invocations=4 (full 0):
 PSYoungGen      total 136192K, used 3723K [0x00000000d6600000, 0x00000000df000000, 0x0000000100000000)
  eden space 131072K, 0% used [0x00000000d6600000,0x00000000d6600000,0x00000000de600000)
  from space 5120K, 72% used [0x00000000deb00000,0x00000000deea2e20,0x00000000df000000)
  to   space 5120K, 0% used [0x00000000de600000,0x00000000de600000,0x00000000deb00000)
 ParOldGen       total 86016K, used 4897K [0x0000000083200000, 0x0000000088600000, 0x00000000d6600000)
  object space 86016K, 5% used [0x0000000083200000,0x00000000836c85a8,0x0000000088600000)
 Metaspace       used 18173K, capacity 18297K, committed 18432K, reserved 1064960K
  class space    used 1940K, capacity 2008K, committed 2048K, reserved 1048576K
}
Event: 4.055 GC heap before
{Heap before GC invocations=5 (full 1):
 PSYoungGen      total 136192K, used 3723K [0x00000000d6600000, 0x00000000df000000, 0x0000000100000000)
  eden space 131072K, 0% used [0x00000000d6600000,0x00000000d6600000,0x00000000de600000)
  from space 5120K, 72% used [0x00000000deb00000,0x00000000deea2e20,0x00000000df000000)
  to   space 5120K, 0% used [0x00000000de600000,0x00000000de600000,0x00000000deb00000)
 ParOldGen       total 86016K, used 4897K [0x0000000083200000, 0x0000000088600000, 0x00000000d6600000)
  object space 86016K, 5% used [0x0000000083200000,0x00000000836c85a8,0x0000000088600000)
 Metaspace       used 18173K, capacity 18297K, committed 18432K, reserved 1064960K
  class space    used 1940K, capacity 2008K, committed 2048K, reserved 1048576K
Event: 4.091 GC heap after
Heap after GC invocations=5 (full 1):
 PSYoungGen      total 136192K, used 0K [0x00000000d6600000, 0x00000000df000000, 0x0000000100000000)
  eden space 131072K, 0% used [0x00000000d6600000,0x00000000d6600000,0x00000000de600000)
  from space 5120K, 0% used [0x00000000deb00000,0x00000000deb00000,0x00000000df000000)
  to   space 5120K, 0% used [0x00000000de600000,0x00000000de600000,0x00000000deb00000)
 ParOldGen       total 86016K, used 3579K [0x0000000083200000, 0x0000000088600000, 0x00000000d6600000)
  object space 86016K, 4% used [0x0000000083200000,0x000000008357efb0,0x0000000088600000)
 Metaspace       used 18173K, capacity 18297K, committed 18432K, reserved 1064960K
  class space    used 1940K, capacity 2008K, committed 2048K, reserved 1048576K
}
Event: 4.192 GC heap before
{Heap before GC invocations=6 (full 1):
 PSYoungGen      total 136192K, used 12194K [0x00000000d6600000, 0x00000000df000000, 0x0000000100000000)
  eden space 131072K, 9% used [0x00000000d6600000,0x00000000d71e8b80,0x00000000de600000)
  from space 5120K, 0% used [0x00000000deb00000,0x00000000deb00000,0x00000000df000000)
  to   space 5120K, 0% used [0x00000000de600000,0x00000000de600000,0x00000000deb00000)
 ParOldGen       total 86016K, used 3579K [0x0000000083200000, 0x0000000088600000, 0x00000000d6600000)
  object space 86016K, 4% used [0x0000000083200000,0x000000008357efb0,0x0000000088600000)
 Metaspace       used 18612K, capacity 18777K, committed 18944K, reserved 1067008K
  class space    used 1974K, capacity 2040K, committed 2048K, reserved 1048576K
Event: 4.194 GC heap after
Heap after GC invocations=6 (full 1):
 PSYoungGen      total 136192K, used 414K [0x00000000d6600000, 0x00000000df000000, 0x0000000100000000)
  eden space 131072K, 0% used [0x00000000d6600000,0x00000000d6600000,0x00000000de600000)
  from space 5120K, 8% used [0x00000000de600000,0x00000000de6679b8,0x00000000deb00000)
  to   space 5120K, 0% used [0x00000000deb00000,0x00000000deb00000,0x00000000df000000)
 ParOldGen       total 86016K, used 3587K [0x0000000083200000, 0x0000000088600000, 0x00000000d6600000)
  object space 86016K, 4% used [0x0000000083200000,0x0000000083580fb0,0x0000000088600000)
 Metaspace       used 18612K, capacity 18777K, committed 18944K, reserved 1067008K
  class space    used 1974K, capacity 2040K, committed 2048K, reserved 1048576K
}
Event: 4.194 GC heap before
{Heap before GC invocations=7 (full 2):
 PSYoungGen      total 136192K, used 414K [0x00000000d6600000, 0x00000000df000000, 0x0000000100000000)
  eden space 131072K, 0% used [0x00000000d6600000,0x00000000d6600000,0x00000000de600000)
  from space 5120K, 8% used [0x00000000de600000,0x00000000de6679b8,0x00000000deb00000)
  to   space 5120K, 0% used [0x00000000deb00000,0x00000000deb00000,0x00000000df000000)
 ParOldGen       total 86016K, used 3587K [0x0000000083200000, 0x0000000088600000, 0x00000000d6600000)
  object space 86016K, 4% used [0x0000000083200000,0x0000000083580fb0,0x0000000088600000)
 Metaspace       used 18612K, capacity 18777K, committed 18944K, reserved 1067008K
  class space    used 1974K, capacity 2040K, committed 2048K, reserved 1048576K
Event: 4.249 GC heap after
Heap after GC invocations=7 (full 2):
 PSYoungGen      total 136192K, used 0K [0x00000000d6600000, 0x00000000df000000, 0x0000000100000000)
  eden space 131072K, 0% used [0x00000000d6600000,0x00000000d6600000,0x00000000de600000)
  from space 5120K, 0% used [0x00000000de600000,0x00000000de600000,0x00000000deb00000)
  to   space 5120K, 0% used [0x00000000deb00000,0x00000000deb00000,0x00000000df000000)
 ParOldGen       total 86016K, used 3622K [0x0000000083200000, 0x0000000088600000, 0x00000000d6600000)
  object space 86016K, 4% used [0x0000000083200000,0x0000000083589a80,0x0000000088600000)
 Metaspace       used 18612K, capacity 18777K, committed 18944K, reserved 1067008K
  class space    used 1974K, capacity 2040K, committed 2048K, reserved 1048576K
}

Deoptimization events (10 events):
Event: 2.896 Thread 0x00007fe76c00f000 Uncommon trap: reason=unstable_if action=reinterpret pc=0x00007fe75d3e6c3c method=java.util.regex.Pattern$CharProperty.match(Ljava/util/regex/Matcher;ILjava/lang/CharSequence;)Z @ 40
Event: 2.896 Thread 0x00007fe76c00f000 Uncommon trap: reason=unstable_if action=reinterpret pc=0x00007fe75d3e6c3c method=java.util.regex.Pattern$CharProperty.match(Ljava/util/regex/Matcher;ILjava/lang/CharSequence;)Z @ 40
Event: 2.964 Thread 0x00007fe76c00f000 Uncommon trap: reason=class_check action=maybe_recompile pc=0x00007fe75d407848 method=java.util.regex.Pattern$CharProperty.match(Ljava/util/regex/Matcher;ILjava/lang/CharSequence;)Z @ 18
Event: 2.964 Thread 0x00007fe76c00f000 Uncommon trap: reason=class_check action=maybe_recompile pc=0x00007fe75d407848 method=java.util.regex.Pattern$CharProperty.match(Ljava/util/regex/Matcher;ILjava/lang/CharSequence;)Z @ 18
Event: 3.117 Thread 0x00007fe76c00f000 Uncommon trap: reason=class_check action=maybe_recompile pc=0x00007fe75d421a50 method=java.util.regex.Pattern$Curly.match0(Ljava/util/regex/Matcher;IILjava/lang/CharSequence;)Z @ 31
Event: 3.118 Thread 0x00007fe76c00f000 Uncommon trap: reason=class_check action=maybe_recompile pc=0x00007fe75d421a50 method=java.util.regex.Pattern$Curly.match0(Ljava/util/regex/Matcher;IILjava/lang/CharSequence;)Z @ 31
Event: 4.127 Thread 0x00007fe76c00f000 Uncommon trap: reason=bimorphic action=maybe_recompile pc=0x00007fe75d421b24 method=java.util.regex.Pattern$Curly.match0(Ljava/util/regex/Matcher;IILjava/lang/CharSequence;)Z @ 141
Event: 4.129 Thread 0x00007fe76c00f000 Uncommon trap: reason=bimorphic action=maybe_recompile pc=0x00007fe75d421b24 method=java.util.regex.Pattern$Curly.match0(Ljava/util/regex/Matcher;IILjava/lang/CharSequence;)Z @ 141
Event: 4.131 Thread 0x00007fe76c00f000 Uncommon trap: reason=bimorphic action=maybe_recompile pc=0x00007fe75d421b24 method=java.util.regex.Pattern$Curly.match0(Ljava/util/regex/Matcher;IILjava/lang/CharSequence;)Z @ 141
Event: 4.134 Thread 0x00007fe76c00f000 Uncommon trap: reason=bimorphic action=maybe_recompile pc=0x00007fe75d421b24 method=java.util.regex.Pattern$Curly.match0(Ljava/util/regex/Matcher;IILjava/lang/CharSequence;)Z @ 141

Internal exceptions (10 events):
Event: 1.075 Thread 0x00007fe71c006000 Exception <a 'java/lang/ArrayIndexOutOfBoundsException'> (0x00000000d7abf608) thrown at [/HUDSON/workspace/8-2-build-linux-amd64/jdk8u72/5732/hotspot/src/share/vm/runtime/sharedRuntime.cpp, line 605]
Event: 1.075 Thread 0x00007fe71c006000 Exception <a 'java/lang/ArrayIndexOutOfBoundsException'> (0x00000000d7ac0028) thrown at [/HUDSON/workspace/8-2-build-linux-amd64/jdk8u72/5732/hotspot/src/share/vm/runtime/sharedRuntime.cpp, line 605]
Event: 1.075 Thread 0x00007fe71c006000 Exception <a 'java/lang/ArrayIndexOutOfBoundsException'> (0x00000000d7ac0e50) thrown at [/HUDSON/workspace/8-2-build-linux-amd64/jdk8u72/5732/hotspot/src/share/vm/runtime/sharedRuntime.cpp, line 605]
Event: 1.075 Thread 0x00007fe71c006000 Exception <a 'java/lang/ArrayIndexOutOfBoundsException'> (0x00000000d7ac1910) thrown at [/HUDSON/workspace/8-2-build-linux-amd64/jdk8u72/5732/hotspot/src/share/vm/runtime/sharedRuntime.cpp, line 605]
Event: 1.078 Thread 0x00007fe71c006000 Exception <a 'java/lang/ArrayIndexOutOfBoundsException'> (0x00000000d7ac6378) thrown at [/HUDSON/workspace/8-2-build-linux-amd64/jdk8u72/5732/hotspot/src/share/vm/runtime/sharedRuntime.cpp, line 605]
Event: 1.078 Thread 0x00007fe71c006000 Exception <a 'java/lang/NoSuchMethodError': getNumDevices> (0x00000000d7ac94c0) thrown at [/HUDSON/workspace/8-2-build-linux-amd64/jdk8u72/5732/hotspot/src/share/vm/prims/jni.cpp, line 1591]
Event: 1.078 Thread 0x00007fe71c006000 Exception <a 'java/lang/NoSuchMethodError': getDevice> (0x00000000d7ac9720) thrown at [/HUDSON/workspace/8-2-build-linux-amd64/jdk8u72/5732/hotspot/src/share/vm/prims/jni.cpp, line 1591]
Event: 1.557 Thread 0x00007fe76c00f000 Exception <a 'java/lang/ArrayIndexOutOfBoundsException': 107> (0x00000000d76273e0) thrown at [/HUDSON/workspace/8-2-build-linux-amd64/jdk8u72/5732/hotspot/src/share/vm/interpreter/interpreterRuntime.cpp, line 366]
Event: 1.557 Thread 0x00007fe76c00f000 Exception <a 'java/lang/ArrayIndexOutOfBoundsException': 139> (0x00000000d76292c8) thrown at [/HUDSON/workspace/8-2-build-linux-amd64/jdk8u72/5732/hotspot/src/share/vm/interpreter/interpreterRuntime.cpp, line 366]
Event: 1.557 Thread 0x00007fe76c00f000 Exception <a 'java/lang/ArrayIndexOutOfBoundsException': 117> (0x00000000d762aab8) thrown at [/HUDSON/workspace/8-2-build-linux-amd64/jdk8u72/5732/hotspot/src/share/vm/interpreter/interpreterRuntime.cpp, line 366]

Events (10 events):
Event: 4.142 Thread 0x00007fe6c4c27800 Thread exited: 0x00007fe6c4c27800
Event: 4.144 Executing VM operation: RevokeBias
Event: 4.144 Executing VM operation: RevokeBias done
Event: 4.144 Thread 0x00007fe6c4e84000 Thread exited: 0x00007fe6c4e84000
Event: 4.182 Thread 0x00007fe6c4edc000 Thread added: 0x00007fe6c4edc000
Event: 4.184 Executing VM operation: RevokeBias
Event: 4.184 Executing VM operation: RevokeBias done
Event: 4.184 Thread 0x00007fe6c4edc000 Thread exited: 0x00007fe6c4edc000
Event: 4.192 Executing VM operation: ParallelGCSystemGC
Event: 4.249 Executing VM operation: ParallelGCSystemGC done


Dynamic libraries:
00400000-00401000 r-xp 00000000 08:13 2771022                            /usr/lib/jvm/java-8-jdk/jre/bin/java
00600000-00601000 rw-p 00000000 08:13 2771022                            /usr/lib/jvm/java-8-jdk/jre/bin/java
01434000-01455000 rw-p 00000000 00:00 0                                  [heap]
83200000-88600000 rw-p 00000000 00:00 0 
88600000-d6600000 ---p 00000000 00:00 0 
d6600000-df000000 rw-p 00000000 00:00 0 
df000000-100000000 ---p 00000000 00:00 0 
100000000-100200000 rw-p 00000000 00:00 0 
100200000-140000000 ---p 00000000 00:00 0 
200000000-200100000 rw-s 1366d2000 00:06 14594                           /dev/nvidiactl
200100000-200104000 rw-s 11e4f2000 00:06 14594                           /dev/nvidiactl
200104000-200120000 ---p 00000000 00:00 0 
200120000-200520000 rw-s 11e4f6000 00:06 14594                           /dev/nvidiactl
200520000-200524000 rw-s 101911000 00:06 14594                           /dev/nvidiactl
200524000-200540000 ---p 00000000 00:00 0 
200540000-200940000 rw-s 101915000 00:06 14594                           /dev/nvidiactl
200940000-200944000 rw-s 149300000 00:06 14594                           /dev/nvidiactl
200944000-200960000 ---p 00000000 00:00 0 
200960000-200d60000 rw-s 149304000 00:06 14594                           /dev/nvidiactl
200d60000-200d64000 rw-s 216b3f000 00:06 14594                           /dev/nvidiactl
200d64000-200d80000 ---p 00000000 00:00 0 
200d80000-201180000 rw-s 14f963000 00:06 14594                           /dev/nvidiactl
201180000-201184000 rw-s 16215e000 00:06 14594                           /dev/nvidiactl
201184000-2011a0000 ---p 00000000 00:00 0 
2011a0000-2015a0000 rw-s 160b42000 00:06 14594                           /dev/nvidiactl
2015a0000-2015a4000 rw-s 1094d4000 00:06 14594                           /dev/nvidiactl
2015a4000-2015c0000 ---p 00000000 00:00 0 
2015c0000-2019c0000 rw-s 1fcfa5000 00:06 14594                           /dev/nvidiactl
2019c0000-2019c4000 rw-s 11ff54000 00:06 14594                           /dev/nvidiactl
2019c4000-2019e0000 ---p 00000000 00:00 0 
2019e0000-201de0000 rw-s 12bd60000 00:06 14594                           /dev/nvidiactl
201de0000-201de4000 rw-s 104a2c000 00:06 14594                           /dev/nvidiactl
201de4000-201e00000 ---p 00000000 00:00 0 
201e00000-202200000 rw-s 104a38000 00:06 14594                           /dev/nvidiactl
202200000-202204000 rw-s 107704000 00:06 14594                           /dev/nvidiactl
202204000-202220000 ---p 00000000 00:00 0 
202220000-202620000 rw-s 107711000 00:06 14594                           /dev/nvidiactl
202620000-202624000 rw-s 19575c000 00:06 14594                           /dev/nvidiactl
202624000-202640000 ---p 00000000 00:00 0 
202640000-202a40000 rw-s 195768000 00:06 14594                           /dev/nvidiactl
202a40000-202a44000 rw-s 107e74000 00:06 14594                           /dev/nvidiactl
202a44000-202a60000 ---p 00000000 00:00 0 
202a60000-202e60000 rw-s 131888000 00:06 14594                           /dev/nvidiactl
202e60000-202e64000 rw-s 13830b000 00:06 14594                           /dev/nvidiactl
202e64000-202e80000 ---p 00000000 00:00 0 
202e80000-203280000 rw-s 138317000 00:06 14594                           /dev/nvidiactl
203280000-203284000 rw-s 11e422000 00:06 14594                           /dev/nvidiactl
203284000-2032a0000 ---p 00000000 00:00 0 
2032a0000-2036a0000 rw-s 11e446000 00:06 14594                           /dev/nvidiactl
2036a0000-2036a4000 rw-s 129b49000 00:06 14594                           /dev/nvidiactl
2036a4000-2036c0000 ---p 00000000 00:00 0 
2036c0000-203ac0000 rw-s 129b55000 00:06 14594                           /dev/nvidiactl
203ac0000-203ac4000 rw-s 11e560000 00:06 14594                           /dev/nvidiactl
203ac4000-203ae0000 ---p 00000000 00:00 0 
203ae0000-203ee0000 rw-s 11e574000 00:06 14594                           /dev/nvidiactl
203ee0000-203ee4000 rw-s 156bf7000 00:06 14594                           /dev/nvidiactl
203ee4000-203f00000 ---p 00000000 00:00 0 
203f00000-204300000 rw-s 14cd03000 00:06 14594                           /dev/nvidiactl
204300000-204400000 rw-s 136712000 00:06 14594                           /dev/nvidiactl
204400000-204500000 rw-s 1203f5000 00:06 14594                           /dev/nvidiactl
204500000-204600000 rw-s 1202a9000 00:06 14594                           /dev/nvidiactl
204600000-204700000 rw-s 14e189000 00:06 14594                           /dev/nvidiactl
204700000-204800000 rw-s 12a212000 00:06 14594                           /dev/nvidiactl
204800000-204900000 rw-s 136d59000 00:06 14594                           /dev/nvidiactl
204900000-2049e0000 rw-s 12336f000 00:06 14594                           /dev/nvidiactl
2049e0000-204ae0000 rw-s 00000000 00:05 6798948                          /dev/zero (deleted)
204ae0000-204be0000 rw-s 00000000 00:05 6798949                          /dev/zero (deleted)
204be0000-700000000 ---p 00000000 00:00 0 
7fe6a4000000-7fe6a4021000 rw-p 00000000 00:00 0 
7fe6a4021000-7fe6a8000000 ---p 00000000 00:00 0 
7fe6ac000000-7fe6ac021000 rw-p 00000000 00:00 0 
7fe6ac021000-7fe6b0000000 ---p 00000000 00:00 0 
7fe6b0000000-7fe6b0021000 rw-p 00000000 00:00 0 
7fe6b0021000-7fe6b4000000 ---p 00000000 00:00 0 
7fe6b4000000-7fe6b4021000 rw-p 00000000 00:00 0 
7fe6b4021000-7fe6b8000000 ---p 00000000 00:00 0 
7fe6b8000000-7fe6b8021000 rw-p 00000000 00:00 0 
7fe6b8021000-7fe6bc000000 ---p 00000000 00:00 0 
7fe6bc000000-7fe6bc021000 rw-p 00000000 00:00 0 
7fe6bc021000-7fe6c0000000 ---p 00000000 00:00 0 
7fe6c0000000-7fe6c0021000 rw-p 00000000 00:00 0 
7fe6c0021000-7fe6c4000000 ---p 00000000 00:00 0 
7fe6c4000000-7fe6c4efc000 rw-p 00000000 00:00 0 
7fe6c4efc000-7fe6c8000000 ---p 00000000 00:00 0 
7fe6c8000000-7fe6c8021000 rw-p 00000000 00:00 0 
7fe6c8021000-7fe6cc000000 ---p 00000000 00:00 0 
7fe6cc000000-7fe6cff4a000 rw-p 00000000 00:00 0 
7fe6cff4a000-7fe6d0000000 ---p 00000000 00:00 0 
7fe6d0000000-7fe6d3f38000 rw-p 00000000 00:00 0 
7fe6d3f38000-7fe6d4000000 ---p 00000000 00:00 0 
7fe6d4a92000-7fe6d7ddc000 r-xp 00000000 08:13 1842509                    /opt/cuda/lib64/libcusolver.so.8.0.61
7fe6d7ddc000-7fe6d7fdb000 ---p 0334a000 08:13 1842509                    /opt/cuda/lib64/libcusolver.so.8.0.61
7fe6d7fdb000-7fe6d7ff1000 rw-p 03349000 08:13 1842509                    /opt/cuda/lib64/libcusolver.so.8.0.61
7fe6d7ff1000-7fe6d8000000 rw-p 00000000 00:00 0 
7fe6d8000000-7fe6d8021000 rw-p 00000000 00:00 0 
7fe6d8021000-7fe6dc000000 ---p 00000000 00:00 0 
7fe6dc000000-7fe6e0000000 rw-p 00000000 00:00 0 
7fe6e0000000-7fe6e0021000 rw-p 00000000 00:00 0 
7fe6e0021000-7fe6e4000000 ---p 00000000 00:00 0 
7fe6e4000000-7fe6e4021000 rw-p 00000000 00:00 0 
7fe6e4021000-7fe6e8000000 ---p 00000000 00:00 0 
7fe6e8000000-7fe6ebf96000 rw-p 00000000 00:00 0 
7fe6ebf96000-7fe6ec000000 ---p 00000000 00:00 0 
7fe6ec000000-7fe6ec021000 rw-p 00000000 00:00 0 
7fe6ec021000-7fe6f0000000 ---p 00000000 00:00 0 
7fe6f0000000-7fe6f4000000 rw-p 00000000 00:00 0 
7fe6f43b2000-7fe6f8000000 rw-p 00000000 00:00 0 
7fe6f8000000-7fe6f8021000 rw-p 00000000 00:00 0 
7fe6f8021000-7fe6fc000000 ---p 00000000 00:00 0 
7fe6fc6d1000-7fe6fc6d4000 ---p 00000000 00:00 0 
7fe6fc6d4000-7fe6fc7d2000 rwxp 00000000 00:00 0 
7fe6fc7d2000-7fe6fc7d5000 ---p 00000000 00:00 0 
7fe6fc7d5000-7fe6fc8d3000 rwxp 00000000 00:00 0 
7fe6fc8d3000-7fe6fc953000 rw-p 00000000 00:00 0 
7fe6fc953000-7fe6fcad6000 ---p 00000000 00:00 0 
7fe6fcad6000-7fe6fcbd4000 rwxp 00000000 00:00 0 
7fe6fcbd4000-7fe6fcbd7000 ---p 00000000 00:00 0 
7fe6fcbd7000-7fe6fccd5000 rwxp 00000000 00:00 0 
7fe6fccd5000-7fe6ff5c6000 r-xp 00000000 08:13 1842514                    /opt/cuda/lib64/libcusparse.so.8.0.61
7fe6ff5c6000-7fe6ff7c6000 ---p 028f1000 08:13 1842514                    /opt/cuda/lib64/libcusparse.so.8.0.61
7fe6ff7c6000-7fe6ff7df000 rw-p 028f1000 08:13 1842514                    /opt/cuda/lib64/libcusparse.so.8.0.61
7fe6ff7df000-7fe700000000 rw-p 00000000 00:00 0 
7fe700000000-7fe700021000 rw-p 00000000 00:00 0 
7fe700021000-7fe704000000 ---p 00000000 00:00 0 
7fe704071000-7fe704074000 ---p 00000000 00:00 0 
7fe704074000-7fe704172000 rwxp 00000000 00:00 0 
7fe704172000-7fe704175000 ---p 00000000 00:00 0 
7fe704175000-7fe704273000 rwxp 00000000 00:00 0 
7fe704273000-7fe704276000 ---p 00000000 00:00 0 
7fe704276000-7fe704374000 rwxp 00000000 00:00 0 
7fe704374000-7fe704377000 ---p 00000000 00:00 0 
7fe704377000-7fe704475000 rwxp 00000000 00:00 0 
7fe704475000-7fe704478000 ---p 00000000 00:00 0 
7fe704478000-7fe704576000 rwxp 00000000 00:00 0 
7fe704576000-7fe704917000 rw-p 00000000 00:00 0 
7fe70492c000-7fe704ab7000 r-xp 00000000 08:13 395196                     /home/jessica/.javacpp/cache/cuda-8.0-1.3-linux-x86_64.jar/org/bytedeco/javacpp/linux-x86_64/libjnicusparse.so
7fe704ab7000-7fe704cb6000 ---p 0018b000 08:13 395196                     /home/jessica/.javacpp/cache/cuda-8.0-1.3-linux-x86_64.jar/org/bytedeco/javacpp/linux-x86_64/libjnicusparse.so
7fe704cb6000-7fe704cb8000 rw-p 0018a000 08:13 395196                     /home/jessica/.javacpp/cache/cuda-8.0-1.3-linux-x86_64.jar/org/bytedeco/javacpp/linux-x86_64/libjnicusparse.so
7fe704cb8000-7fe707524000 r-xp 00000000 08:13 1842528                    /opt/cuda/lib64/libcublas.so.8.0.61
7fe707524000-7fe707724000 ---p 0286c000 08:13 1842528                    /opt/cuda/lib64/libcublas.so.8.0.61
7fe707724000-7fe707741000 rw-p 0286c000 08:13 1842528                    /opt/cuda/lib64/libcublas.so.8.0.61
7fe707741000-7fe707750000 rw-p 00000000 00:00 0 
7fe707750000-7fe70fdd4000 r-xp 00000000 08:13 3545020                    /home/jessica/.javacpp/cache/nd4j-cuda-8.0-0.8.0-linux-x86_64.jar/org/nd4j/nativeblas/linux-x86_64/libnd4jcuda.so
7fe70fdd4000-7fe70ffd3000 ---p 08684000 08:13 3545020                    /home/jessica/.javacpp/cache/nd4j-cuda-8.0-0.8.0-linux-x86_64.jar/org/nd4j/nativeblas/linux-x86_64/libnd4jcuda.so
7fe70ffd3000-7fe70ffec000 rw-p 08683000 08:13 3545020                    /home/jessica/.javacpp/cache/nd4j-cuda-8.0-0.8.0-linux-x86_64.jar/org/nd4j/nativeblas/linux-x86_64/libnd4jcuda.so
7fe70ffec000-7fe710000000 rw-p 00000000 00:00 0 
7fe710000000-7fe710021000 rw-p 00000000 00:00 0 
7fe710021000-7fe714000000 ---p 00000000 00:00 0 
7fe714000000-7fe714583000 rw-p 00000000 00:00 0 
7fe714583000-7fe718000000 ---p 00000000 00:00 0 
7fe718011000-7fe7180ba000 r-xp 00000000 08:13 395197                     /home/jessica/.javacpp/cache/cuda-8.0-1.3-linux-x86_64.jar/org/bytedeco/javacpp/linux-x86_64/libjnicusolver.so
7fe7180ba000-7fe7182ba000 ---p 000a9000 08:13 395197                     /home/jessica/.javacpp/cache/cuda-8.0-1.3-linux-x86_64.jar/org/bytedeco/javacpp/linux-x86_64/libjnicusolver.so
7fe7182ba000-7fe7182bb000 rw-p 000a9000 08:13 395197                     /home/jessica/.javacpp/cache/cuda-8.0-1.3-linux-x86_64.jar/org/bytedeco/javacpp/linux-x86_64/libjnicusolver.so
7fe7182bb000-7fe71839b000 r-xp 00000000 08:13 395195                     /home/jessica/.javacpp/cache/cuda-8.0-1.3-linux-x86_64.jar/org/bytedeco/javacpp/linux-x86_64/libjnicublas.so
7fe71839b000-7fe71859b000 ---p 000e0000 08:13 395195                     /home/jessica/.javacpp/cache/cuda-8.0-1.3-linux-x86_64.jar/org/bytedeco/javacpp/linux-x86_64/libjnicublas.so
7fe71859b000-7fe71859d000 rw-p 000e0000 08:13 395195                     /home/jessica/.javacpp/cache/cuda-8.0-1.3-linux-x86_64.jar/org/bytedeco/javacpp/linux-x86_64/libjnicublas.so
7fe71859d000-7fe7185ff000 r-xp 00000000 08:13 1842519                    /opt/cuda/lib64/libcudart.so.8.0.61
7fe7185ff000-7fe7187ff000 ---p 00062000 08:13 1842519                    /opt/cuda/lib64/libcudart.so.8.0.61
7fe7187ff000-7fe718802000 rw-p 00062000 08:13 1842519                    /opt/cuda/lib64/libcudart.so.8.0.61
7fe718802000-7fe718803000 rw-p 00000000 00:00 0 
7fe71883a000-7fe7188f9000 r-xp 00000000 08:13 395194                     /home/jessica/.javacpp/cache/cuda-8.0-1.3-linux-x86_64.jar/org/bytedeco/javacpp/linux-x86_64/libjnicuda.so
7fe7188f9000-7fe718af8000 ---p 000bf000 08:13 395194                     /home/jessica/.javacpp/cache/cuda-8.0-1.3-linux-x86_64.jar/org/bytedeco/javacpp/linux-x86_64/libjnicuda.so
7fe718af8000-7fe718afa000 rw-p 000be000 08:13 395194                     /home/jessica/.javacpp/cache/cuda-8.0-1.3-linux-x86_64.jar/org/bytedeco/javacpp/linux-x86_64/libjnicuda.so
7fe718afa000-7fe718afd000 ---p 00000000 00:00 0 
7fe718afd000-7fe718bfb000 rwxp 00000000 00:00 0 
7fe718bfb000-7fe718bfe000 ---p 00000000 00:00 0 
7fe718bfe000-7fe718cfc000 rwxp 00000000 00:00 0 
7fe718cfc000-7fe718cff000 ---p 00000000 00:00 0 
7fe718cff000-7fe718dfd000 rwxp 00000000 00:00 0 
7fe718dfd000-7fe718e00000 ---p 00000000 00:00 0 
7fe718e00000-7fe718efe000 rwxp 00000000 00:00 0 
7fe718efe000-7fe7190fe000 rw-p 00000000 00:00 0 
7fe7190fe000-7fe7190ff000 ---p 00000000 00:00 0 
7fe7190ff000-7fe7198ff000 rwxp 00000000 00:00 0 
7fe7198ff000-7fe719900000 ---p 00000000 00:00 0 
7fe719900000-7fe71a100000 rwxp 00000000 00:00 0 
7fe71a100000-7fe71a101000 ---p 00000000 00:00 0 
7fe71a101000-7fe71a901000 rwxp 00000000 00:00 0 
7fe71a901000-7fe71a943000 r-xp 00000000 08:13 2655842                    /usr/lib/libnvidia-fatbinaryloader.so.378.13
7fe71a943000-7fe71ab42000 ---p 00042000 08:13 2655842                    /usr/lib/libnvidia-fatbinaryloader.so.378.13
7fe71ab42000-7fe71ab4d000 rw-p 00041000 08:13 2655842                    /usr/lib/libnvidia-fatbinaryloader.so.378.13
7fe71ab4d000-7fe71ab52000 rw-p 00000000 00:00 0 
7fe71ab52000-7fe71b27f000 r-xp 00000000 08:13 2655869                    /usr/lib/libcuda.so.378.13
7fe71b27f000-7fe71b47e000 ---p 0072d000 08:13 2655869                    /usr/lib/libcuda.so.378.13
7fe71b47e000-7fe71b59b000 rw-p 0072c000 08:13 2655869                    /usr/lib/libcuda.so.378.13
7fe71b59b000-7fe71b5a9000 rw-p 00000000 00:00 0 
7fe71b5a9000-7fe71b627000 r-xp 00000000 08:13 3545021                    /home/jessica/.javacpp/cache/nd4j-cuda-8.0-0.8.0-linux-x86_64.jar/org/nd4j/nativeblas/linux-x86_64/libjnind4jcuda.so
7fe71b627000-7fe71b826000 ---p 0007e000 08:13 3545021                    /home/jessica/.javacpp/cache/nd4j-cuda-8.0-0.8.0-linux-x86_64.jar/org/nd4j/nativeblas/linux-x86_64/libjnind4jcuda.so
7fe71b826000-7fe71b827000 rw-p 0007d000 08:13 3545021                    /home/jessica/.javacpp/cache/nd4j-cuda-8.0-0.8.0-linux-x86_64.jar/org/nd4j/nativeblas/linux-x86_64/libjnind4jcuda.so
7fe71b827000-7fe71ba27000 rw-p 00000000 00:00 0 
7fe71ba27000-7fe71bc27000 rw-p 00000000 00:00 0 
7fe71bc27000-7fe71bdfc000 r-xp 00000000 08:13 3674978                    /home/jessica/.javacpp/cache/hdf5-1.10.0-patch1-1.3-linux-x86_64.jar/org/bytedeco/javacpp/linux-x86_64/libjnihdf5.so
7fe71bdfc000-7fe71bffb000 ---p 001d5000 08:13 3674978                    /home/jessica/.javacpp/cache/hdf5-1.10.0-patch1-1.3-linux-x86_64.jar/org/bytedeco/javacpp/linux-x86_64/libjnihdf5.so
7fe71bffb000-7fe71bfff000 rw-p 001d4000 08:13 3674978                    /home/jessica/.javacpp/cache/hdf5-1.10.0-patch1-1.3-linux-x86_64.jar/org/bytedeco/javacpp/linux-x86_64/libjnihdf5.so
7fe71bfff000-7fe71c000000 rw-p 00000000 00:00 0 
7fe71c000000-7fe71c021000 rw-p 00000000 00:00 0 
7fe71c021000-7fe720000000 ---p 00000000 00:00 0 
7fe720031000-7fe720231000 rw-p 00000000 00:00 0 
7fe720231000-7fe720234000 ---p 00000000 00:00 0 
7fe720234000-7fe720332000 rwxp 00000000 00:00 0 
7fe720332000-7fe720397000 r-xp 00000000 08:13 3674976                    /home/jessica/.javacpp/cache/hdf5-1.10.0-patch1-1.3-linux-x86_64.jar/org/bytedeco/javacpp/linux-x86_64/libhdf5_cpp.so.100
7fe720397000-7fe720597000 ---p 00065000 08:13 3674976                    /home/jessica/.javacpp/cache/hdf5-1.10.0-patch1-1.3-linux-x86_64.jar/org/bytedeco/javacpp/linux-x86_64/libhdf5_cpp.so.100
7fe720597000-7fe72059b000 rw-p 00065000 08:13 3674976                    /home/jessica/.javacpp/cache/hdf5-1.10.0-patch1-1.3-linux-x86_64.jar/org/bytedeco/javacpp/linux-x86_64/libhdf5_cpp.so.100
7fe72059b000-7fe7205bb000 r-xp 00000000 08:13 3674974                    /home/jessica/.javacpp/cache/hdf5-1.10.0-patch1-1.3-linux-x86_64.jar/org/bytedeco/javacpp/linux-x86_64/libhdf5_hl.so.100
7fe7205bb000-7fe7207ba000 ---p 00020000 08:13 3674974                    /home/jessica/.javacpp/cache/hdf5-1.10.0-patch1-1.3-linux-x86_64.jar/org/bytedeco/javacpp/linux-x86_64/libhdf5_hl.so.100
7fe7207ba000-7fe7207bb000 rw-p 0001f000 08:13 3674974                    /home/jessica/.javacpp/cache/hdf5-1.10.0-patch1-1.3-linux-x86_64.jar/org/bytedeco/javacpp/linux-x86_64/libhdf5_hl.so.100
7fe7207bb000-7fe7207bc000 rw-p 00000000 00:00 0 
7fe7207bc000-7fe7207d2000 r-xp 00000000 08:13 2627691                    /usr/lib/libz.so.1.2.11
7fe7207d2000-7fe7209d1000 ---p 00016000 08:13 2627691                    /usr/lib/libz.so.1.2.11
7fe7209d1000-7fe7209d2000 r--p 00015000 08:13 2627691                    /usr/lib/libz.so.1.2.11
7fe7209d2000-7fe7209d3000 rw-p 00016000 08:13 2627691                    /usr/lib/libz.so.1.2.11
7fe720a06000-7fe720a07000 rw-s cfde6000 00:06 14595                      /dev/nvidia0
7fe720a07000-7fe720a08000 rw-s 13670e000 00:06 14594                     /dev/nvidiactl
7fe720a08000-7fe720a09000 rw-s cfde6000 00:06 14595                      /dev/nvidia0
7fe720a09000-7fe720a0a000 rw-s 156bf6000 00:06 14594                     /dev/nvidiactl
7fe720a0a000-7fe720d73000 r-xp 00000000 08:13 3674972                    /home/jessica/.javacpp/cache/hdf5-1.10.0-patch1-1.3-linux-x86_64.jar/org/bytedeco/javacpp/linux-x86_64/libhdf5.so.100
7fe720d73000-7fe720f72000 ---p 00369000 08:13 3674972                    /home/jessica/.javacpp/cache/hdf5-1.10.0-patch1-1.3-linux-x86_64.jar/org/bytedeco/javacpp/linux-x86_64/libhdf5.so.100
7fe720f72000-7fe720f83000 rw-p 00368000 08:13 3674972                    /home/jessica/.javacpp/cache/hdf5-1.10.0-patch1-1.3-linux-x86_64.jar/org/bytedeco/javacpp/linux-x86_64/libhdf5.so.100
7fe720f83000-7fe720f85000 rw-p 00000000 00:00 0 
7fe720f85000-7fe720f9b000 r-xp 00000000 08:13 2898237                    /usr/lib/jvm/java-8-jdk/jre/lib/amd64/libnet.so
7fe720f9b000-7fe72119b000 ---p 00016000 08:13 2898237                    /usr/lib/jvm/java-8-jdk/jre/lib/amd64/libnet.so
7fe72119b000-7fe72119c000 rw-p 00016000 08:13 2898237                    /usr/lib/jvm/java-8-jdk/jre/lib/amd64/libnet.so
7fe72119c000-7fe7211ad000 r-xp 00000000 08:13 2898215                    /usr/lib/jvm/java-8-jdk/jre/lib/amd64/libnio.so
7fe7211ad000-7fe7213ac000 ---p 00011000 08:13 2898215                    /usr/lib/jvm/java-8-jdk/jre/lib/amd64/libnio.so
7fe7213ac000-7fe7213ad000 rw-p 00010000 08:13 2898215                    /usr/lib/jvm/java-8-jdk/jre/lib/amd64/libnio.so
7fe7213ad000-7fe721416000 r-xp 00000000 08:13 2660169                    /usr/lib/libjpeg.so.8.1.2
7fe721416000-7fe721615000 ---p 00069000 08:13 2660169                    /usr/lib/libjpeg.so.8.1.2
7fe721615000-7fe721616000 r--p 00068000 08:13 2660169                    /usr/lib/libjpeg.so.8.1.2
7fe721616000-7fe721617000 rw-p 00069000 08:13 2660169                    /usr/lib/libjpeg.so.8.1.2
7fe721617000-7fe72163d000 r-xp 00000000 08:13 2653006                    /usr/lib/libv4lconvert.so.0.0.0
7fe72163d000-7fe72183c000 ---p 00026000 08:13 2653006                    /usr/lib/libv4lconvert.so.0.0.0
7fe72183c000-7fe72183e000 r--p 00025000 08:13 2653006                    /usr/lib/libv4lconvert.so.0.0.0
7fe72183e000-7fe72183f000 rw-p 00027000 08:13 2653006                    /usr/lib/libv4lconvert.so.0.0.0
7fe72183f000-7fe721891000 rw-p 00000000 00:00 0 
7fe721891000-7fe7218a7000 r-xp 00000000 08:13 2633982                    /usr/lib/libgcc_s.so.1
7fe7218a7000-7fe721aa6000 ---p 00016000 08:13 2633982                    /usr/lib/libgcc_s.so.1
7fe721aa6000-7fe721aa7000 r--p 00015000 08:13 2633982                    /usr/lib/libgcc_s.so.1
7fe721aa7000-7fe721aa8000 rw-p 00016000 08:13 2633982                    /usr/lib/libgcc_s.so.1
7fe721aa8000-7fe721c20000 r-xp 00000000 08:13 2624961                    /usr/lib/libstdc++.so.6.0.22
7fe721c20000-7fe721e20000 ---p 00178000 08:13 2624961                    /usr/lib/libstdc++.so.6.0.22
7fe721e20000-7fe721e2a000 r--p 00178000 08:13 2624961                    /usr/lib/libstdc++.so.6.0.22
7fe721e2a000-7fe721e2c000 rw-p 00182000 08:13 2624961                    /usr/lib/libstdc++.so.6.0.22
7fe721e2c000-7fe721e30000 rw-p 00000000 00:00 0 
7fe721e30000-7fe721e39000 r-xp 00000000 08:13 2653007                    /usr/lib/libv4l2.so.0.0.0
7fe721e39000-7fe722038000 ---p 00009000 08:13 2653007                    /usr/lib/libv4l2.so.0.0.0
7fe722038000-7fe722039000 r--p 00008000 08:13 2653007                    /usr/lib/libv4l2.so.0.0.0
7fe722039000-7fe72203e000 rw-p 00009000 08:13 2653007                    /usr/lib/libv4l2.so.0.0.0
7fe72203e000-7fe72203f000 rw-s cfde6000 00:06 14595                      /dev/nvidia0
7fe72203f000-7fe722040000 rw-s 11e55f000 00:06 14594                     /dev/nvidiactl
7fe722040000-7fe722041000 rw-s cfde6000 00:06 14595                      /dev/nvidia0
7fe722041000-7fe722042000 rw-s 129b48000 00:06 14594                     /dev/nvidiactl
7fe722042000-7fe722043000 rw-s cfde6000 00:06 14595                      /dev/nvidia0
7fe722043000-7fe722044000 rw-s 11e421000 00:06 14594                     /dev/nvidiactl
7fe722044000-7fe722045000 rw-s cfde6000 00:06 14595                      /dev/nvidia0
7fe722045000-7fe722046000 rw-s 13830a000 00:06 14594                     /dev/nvidiactl
7fe722046000-7fe722047000 rw-s cfde6000 00:06 14595                      /dev/nvidia0
7fe722047000-7fe722048000 rw-s 107e72000 00:06 14594                     /dev/nvidiactl
7fe722048000-7fe722049000 rw-s cfde6000 00:06 14595                      /dev/nvidia0
7fe722049000-7fe72204a000 rw-s 19575b000 00:06 14594                     /dev/nvidiactl
7fe72204a000-7fe72204b000 rw-s cfde5000 00:06 14595                      /dev/nvidia0
7fe72204b000-7fe72204c000 rw-s 107702000 00:06 14594                     /dev/nvidiactl
7fe72204c000-7fe72204d000 rw-s cfde5000 00:06 14595                      /dev/nvidia0
7fe72204d000-7fe72204e000 rw-s 104a2a000 00:06 14594                     /dev/nvidiactl
7fe72204e000-7fe72204f000 rw-s cfde5000 00:06 14595                      /dev/nvidia0
7fe72204f000-7fe722050000 rw-s 11ff53000 00:06 14594                     /dev/nvidiactl
7fe722050000-7fe722051000 rw-s cfde5000 00:06 14595                      /dev/nvidia0
7fe722051000-7fe722052000 rw-s 1094c5000 00:06 14594                     /dev/nvidiactl
7fe722052000-7fe722053000 rw-s cfde5000 00:06 14595                      /dev/nvidia0
7fe722053000-7fe722054000 rw-s 16215d000 00:06 14594                     /dev/nvidiactl
7fe722054000-7fe722055000 rw-s cfde5000 00:06 14595                      /dev/nvidia0
7fe722055000-7fe722056000 rw-s 216b3e000 00:06 14594                     /dev/nvidiactl
7fe722056000-7fe722057000 rw-s cfde5000 00:06 14595                      /dev/nvidia0
7fe722057000-7fe722058000 rw-s 14934f000 00:06 14594                     /dev/nvidiactl
7fe722058000-7fe722059000 rw-s cfde5000 00:06 14595                      /dev/nvidia0
7fe722059000-7fe72205a000 rw-s 101910000 00:06 14594                     /dev/nvidiactl
7fe72205a000-7fe722068000 rwxp 00000000 00:00 0 
7fe722068000-7fe722075000 r--s 00000000 00:24 6804426                    /tmp/BridJExtractedLibraries2080067008202951700/OpenIMAJGrabber.so
7fe722075000-7fe72207a000 r-xp 00000000 00:24 6804426                    /tmp/BridJExtractedLibraries2080067008202951700/OpenIMAJGrabber.so
7fe72207a000-7fe722279000 ---p 00005000 00:24 6804426                    /tmp/BridJExtractedLibraries2080067008202951700/OpenIMAJGrabber.so
7fe722279000-7fe72227a000 r--p 00004000 00:24 6804426                    /tmp/BridJExtractedLibraries2080067008202951700/OpenIMAJGrabber.so
7fe72227a000-7fe72227b000 rw-p 00005000 00:24 6804426                    /tmp/BridJExtractedLibraries2080067008202951700/OpenIMAJGrabber.so
7fe72227b000-7fe722294000 r-xp 00000000 00:24 6804575                    /tmp/BridJExtractedLibraries2080067008202951700/libbridj.so
7fe722294000-7fe722493000 ---p 00019000 00:24 6804575                    /tmp/BridJExtractedLibraries2080067008202951700/libbridj.so
7fe722493000-7fe722494000 r--p 00018000 00:24 6804575                    /tmp/BridJExtractedLibraries2080067008202951700/libbridj.so
7fe722494000-7fe722495000 rw-p 00019000 00:24 6804575                    /tmp/BridJExtractedLibraries2080067008202951700/libbridj.so
7fe722495000-7fe722499000 r--s 00097000 08:13 2768532                    /usr/lib/jvm/java-8-jdk/jre/lib/jsse.jar
7fe722499000-7fe72249c000 ---p 00000000 00:00 0 
7fe72249c000-7fe72259a000 rwxp 00000000 00:00 0 
7fe72259a000-7fe72259d000 ---p 00000000 00:00 0 
7fe72259d000-7fe72269b000 rwxp 00000000 00:00 0 
7fe72269b000-7fe7226a6000 r--s 00088000 08:13 3807578                    /home/jessica/.m2/repository/com/github/jai-imageio/jai-imageio-core/1.3.1/jai-imageio-core-1.3.1.jar
7fe7226a6000-7fe7226a8000 r--s 0000e000 08:13 3807576                    /home/jessica/.m2/repository/com/beust/jcommander/1.48/jcommander-1.48.jar
7fe7226a8000-7fe7226aa000 r--s 00009000 08:13 3807574                    /home/jessica/.m2/repository/com/google/zxing/javase/3.3.0/javase-3.3.0.jar
7fe7226aa000-7fe7226b2000 r--s 0007d000 08:13 3675276                    /home/jessica/.m2/repository/com/google/zxing/core/3.3.0/core-3.3.0.jar
7fe7226b2000-7fe7226b7000 r-xp 00000000 08:13 2641953                    /usr/lib/libXdmcp.so.6.0.0
7fe7226b7000-7fe7228b6000 ---p 00005000 08:13 2641953                    /usr/lib/libXdmcp.so.6.0.0
7fe7228b6000-7fe7228b7000 r--p 00004000 08:13 2641953                    /usr/lib/libXdmcp.so.6.0.0
7fe7228b7000-7fe7228b8000 rw-p 00005000 08:13 2641953                    /usr/lib/libXdmcp.so.6.0.0
7fe7228b8000-7fe7228ba000 r-xp 00000000 08:13 2641998                    /usr/lib/libXau.so.6.0.0
7fe7228ba000-7fe722aba000 ---p 00002000 08:13 2641998                    /usr/lib/libXau.so.6.0.0
7fe722aba000-7fe722abb000 r--p 00002000 08:13 2641998                    /usr/lib/libXau.so.6.0.0
7fe722abb000-7fe722abc000 rw-p 00003000 08:13 2641998                    /usr/lib/libXau.so.6.0.0
7fe722abc000-7fe722ae4000 r-xp 00000000 08:13 2642131                    /usr/lib/libxcb.so.1.1.0
7fe722ae4000-7fe722ce3000 ---p 00028000 08:13 2642131                    /usr/lib/libxcb.so.1.1.0
7fe722ce3000-7fe722ce4000 r--p 00027000 08:13 2642131                    /usr/lib/libxcb.so.1.1.0
7fe722ce4000-7fe722ce5000 rw-p 00028000 08:13 2642131                    /usr/lib/libxcb.so.1.1.0
7fe722ce5000-7fe722cf4000 r-xp 00000000 08:13 2660969                    /usr/lib/libXi.so.6.1.0
7fe722cf4000-7fe722ef4000 ---p 0000f000 08:13 2660969                    /usr/lib/libXi.so.6.1.0
7fe722ef4000-7fe722ef5000 r--p 0000f000 08:13 2660969                    /usr/lib/libXi.so.6.1.0
7fe722ef5000-7fe722ef6000 rw-p 00010000 08:13 2660969                    /usr/lib/libXi.so.6.1.0
7fe722ef6000-7fe722efb000 r-xp 00000000 08:13 2649106                    /usr/lib/libXtst.so.6.1.0
7fe722efb000-7fe7230fa000 ---p 00005000 08:13 2649106                    /usr/lib/libXtst.so.6.1.0
7fe7230fa000-7fe7230fb000 r--p 00004000 08:13 2649106                    /usr/lib/libXtst.so.6.1.0
7fe7230fb000-7fe7230fc000 rw-p 00005000 08:13 2649106                    /usr/lib/libXtst.so.6.1.0
7fe7230fc000-7fe723105000 r-xp 00000000 08:13 2646820                    /usr/lib/libXrender.so.1.3.0
7fe723105000-7fe723305000 ---p 00009000 08:13 2646820                    /usr/lib/libXrender.so.1.3.0
7fe723305000-7fe723306000 r--p 00009000 08:13 2646820                    /usr/lib/libXrender.so.1.3.0
7fe723306000-7fe723307000 rw-p 0000a000 08:13 2646820                    /usr/lib/libXrender.so.1.3.0
7fe723307000-7fe723440000 r-xp 00000000 08:13 2645279                    /usr/lib/libX11.so.6.3.0
7fe723440000-7fe723640000 ---p 00139000 08:13 2645279                    /usr/lib/libX11.so.6.3.0
7fe723640000-7fe723641000 r--p 00139000 08:13 2645279                    /usr/lib/libX11.so.6.3.0
7fe723641000-7fe723646000 rw-p 0013a000 08:13 2645279                    /usr/lib/libX11.so.6.3.0
7fe723646000-7fe723657000 r-xp 00000000 08:13 2646485                    /usr/lib/libXext.so.6.4.0
7fe723657000-7fe723856000 ---p 00011000 08:13 2646485                    /usr/lib/libXext.so.6.4.0
7fe723856000-7fe723857000 r--p 00010000 08:13 2646485                    /usr/lib/libXext.so.6.4.0
7fe723857000-7fe723858000 rw-p 00011000 08:13 2646485                    /usr/lib/libXext.so.6.4.0
7fe723858000-7fe723859000 r--s 00003000 08:13 3545055                    /home/jessica/.m2/repository/org/slf4j/slf4j-simple/1.7.25/slf4j-simple-1.7.25.jar
7fe723859000-7fe72385a000 r--s 00031000 08:13 3544880                    /home/jessica/.m2/repository/org/jogamp/jogl/jogl-all/2.3.1/jogl-all-2.3.1-natives-windows-i586.jar
7fe72385a000-7fe72385c000 r--s 00038000 08:13 3544878                    /home/jessica/.m2/repository/org/jogamp/jogl/jogl-all/2.3.1/jogl-all-2.3.1-natives-windows-amd64.jar
7fe72385c000-7fe72387f000 r--s 00308000 08:13 3544876                    /home/jessica/.m2/repository/org/jogamp/jogl/jogl-all/2.3.1/jogl-all-2.3.1.jar
7fe72387f000-7fe723880000 r--s 00001000 08:13 3544871                    /home/jessica/.m2/repository/org/jogamp/gluegen/gluegen-rt/2.3.1/gluegen-rt-2.3.1-natives-windows-i586.jar
7fe723880000-7fe723881000 r--s 00001000 08:13 3544869                    /home/jessica/.m2/repository/org/jogamp/gluegen/gluegen-rt/2.3.1/gluegen-rt-2.3.1-natives-windows-amd64.jar
7fe723881000-7fe723887000 r--s 0004a000 08:13 3544867                    /home/jessica/.m2/repository/org/jogamp/gluegen/gluegen-rt/2.3.1/gluegen-rt-2.3.1.jar
7fe723887000-7fe72388f000 r--s 000cf000 08:13 3544983                    /home/jessica/.m2/repository/com/nativelibs4java/bridj/0.6.2/bridj-0.6.2.jar
7fe72388f000-7fe7238e3000 r-xp 00000000 08:13 2898227                    /usr/lib/jvm/java-8-jdk/jre/lib/amd64/libawt_xawt.so
7fe7238e3000-7fe723ae3000 ---p 00054000 08:13 2898227                    /usr/lib/jvm/java-8-jdk/jre/lib/amd64/libawt_xawt.so
7fe723ae3000-7fe723ae7000 rw-p 00054000 08:13 2898227                    /usr/lib/jvm/java-8-jdk/jre/lib/amd64/libawt_xawt.so
7fe723ae7000-7fe723ae8000 rw-p 00000000 00:00 0 
7fe723ae8000-7fe723b8a000 r-xp 00000000 08:13 2898221                    /usr/lib/jvm/java-8-jdk/jre/lib/amd64/libawt.so
7fe723b8a000-7fe723d8a000 ---p 000a2000 08:13 2898221                    /usr/lib/jvm/java-8-jdk/jre/lib/amd64/libawt.so
7fe723d8a000-7fe723d96000 rw-p 000a2000 08:13 2898221                    /usr/lib/jvm/java-8-jdk/jre/lib/amd64/libawt.so
7fe723d96000-7fe723dba000 rw-p 00000000 00:00 0 
7fe723dba000-7fe723dbe000 r--s 00060000 08:13 3544971                    /home/jessica/.m2/repository/com/github/sarxos/webcam-capture/0.3.10/webcam-capture-0.3.10.jar
7fe723dbe000-7fe723dbf000 r--s 002c2000 08:13 1576523                    /home/jessica/.m2/repository/org/bytedeco/javacpp-presets/cuda/8.0-1.3/cuda-8.0-1.3-windows-x86_64.jar
7fe723dbf000-7fe723dc0000 r--s 00321000 08:13 1576521                    /home/jessica/.m2/repository/org/bytedeco/javacpp-presets/cuda/8.0-1.3/cuda-8.0-1.3-macosx-x86_64.jar
7fe723dc0000-7fe723dc2000 r--s 002e0000 08:13 1576525                    /home/jessica/.m2/repository/org/bytedeco/javacpp-presets/cuda/8.0-1.3/cuda-8.0-1.3-linux-ppc64le.jar
7fe723dc2000-7fe723dc3000 r--s 002ea000 08:13 1576506                    /home/jessica/.m2/repository/org/bytedeco/javacpp-presets/cuda/8.0-1.3/cuda-8.0-1.3-linux-x86_64.jar
7fe723dc3000-7fe723dc8000 r--s 0004c000 08:13 1576502                    /home/jessica/.m2/repository/org/bytedeco/javacpp-presets/cuda/8.0-1.3/cuda-8.0-1.3.jar
7fe723dc8000-7fe723dc9000 r--s 00000000 08:13 3670307                    /home/jessica/.m2/repository/org/bytedeco/javacpp-presets/cuda-platform/8.0-1.3/cuda-platform-8.0-1.3.jar
7fe723dc9000-7fe723dce000 r--s 00049000 08:13 3801998                    /home/jessica/.m2/repository/org/bytedeco/javacpp/1.3.2/javacpp-1.3.2.jar
7fe723dce000-7fe723dd0000 r--s 00007000 08:13 3544918                    /home/jessica/.m2/repository/org/deeplearning4j/deeplearning4j-cuda-8.0/0.8.0/deeplearning4j-cuda-8.0-0.8.0.jar
7fe723dd0000-7fe723dd7000 r--s 0003f000 08:13 3542617                    /home/jessica/.m2/repository/commons-codec/commons-codec/1.10/commons-codec-1.10.jar
7fe723dd7000-7fe723dda000 r--s 00014000 08:13 4204479                    /home/jessica/.m2/repository/org/deeplearning4j/deeplearning4j-ui-components/0.8.0/deeplearning4j-ui-components-0.8.0.jar
7fe723dda000-7fe723ddc000 r--s 00291000 08:13 1451544                    /home/jessica/.m2/repository/org/bytedeco/javacpp-presets/leptonica/1.73-1.3/leptonica-1.73-1.3-windows-x86_64.jar
7fe723ddc000-7fe723dde000 r--s 002ac000 08:13 1441806                    /home/jessica/.m2/repository/org/bytedeco/javacpp-presets/leptonica/1.73-1.3/leptonica-1.73-1.3-windows-x86.jar
7fe723dde000-7fe723ddf000 r--s 00254000 08:13 1451542                    /home/jessica/.m2/repository/org/bytedeco/javacpp-presets/leptonica/1.73-1.3/leptonica-1.73-1.3-macosx-x86_64.jar
7fe723ddf000-7fe723de0000 r--s 00239000 08:13 1451546                    /home/jessica/.m2/repository/org/bytedeco/javacpp-presets/leptonica/1.73-1.3/leptonica-1.73-1.3-linux-ppc64le.jar
7fe723de0000-7fe723de2000 r--s 001e0000 08:13 1441797                    /home/jessica/.m2/repository/org/bytedeco/javacpp-presets/leptonica/1.73-1.3/leptonica-1.73-1.3-linux-armhf.jar
7fe723de2000-7fe723de4000 r--s 00242000 08:13 1451540                    /home/jessica/.m2/repository/org/bytedeco/javacpp-presets/leptonica/1.73-1.3/leptonica-1.73-1.3-linux-x86_64.jar
7fe723de4000-7fe723de5000 r--s 00204000 08:13 1441794                    /home/jessica/.m2/repository/org/bytedeco/javacpp-presets/leptonica/1.73-1.3/leptonica-1.73-1.3-linux-x86.jar
7fe723de5000-7fe723de6000 r--s 00245000 08:13 1451538                    /home/jessica/.m2/repository/org/bytedeco/javacpp-presets/leptonica/1.73-1.3/leptonica-1.73-1.3-android-x86.jar
7fe723de6000-7fe723de7000 r--s 001e0000 08:13 1451536                    /home/jessica/.m2/repository/org/bytedeco/javacpp-presets/leptonica/1.73-1.3/leptonica-1.73-1.3-android-arm.jar
7fe723de7000-7fe723dea000 r--s 00021000 08:13 1451534                    /home/jessica/.m2/repository/org/bytedeco/javacpp-presets/leptonica/1.73-1.3/leptonica-1.73-1.3.jar
7fe723dea000-7fe723deb000 r--s 00000000 08:13 1575688                    /home/jessica/.m2/repository/org/bytedeco/javacpp-presets/leptonica-platform/1.73-1.3/leptonica-platform-1.73-1.3.jar
7fe723deb000-7fe723dee000 r--s 009d8000 08:13 1322479                    /home/jessica/.m2/repository/org/bytedeco/javacpp-presets/opencv/3.1.0-1.3/opencv-3.1.0-1.3-windows-x86_64.jar
7fe723dee000-7fe723df0000 r--s 00813000 08:13 1312034                    /home/jessica/.m2/repository/org/bytedeco/javacpp-presets/opencv/3.1.0-1.3/opencv-3.1.0-1.3-windows-x86.jar
7fe723df0000-7fe723df2000 r--s 00821000 08:13 1322477                    /home/jessica/.m2/repository/org/bytedeco/javacpp-presets/opencv/3.1.0-1.3/opencv-3.1.0-1.3-macosx-x86_64.jar
7fe723df2000-7fe723df4000 r--s 00988000 08:13 1322481                    /home/jessica/.m2/repository/org/bytedeco/javacpp-presets/opencv/3.1.0-1.3/opencv-3.1.0-1.3-linux-ppc64le.jar
7fe723df4000-7fe723df6000 r--s 007a4000 08:13 1312032                    /home/jessica/.m2/repository/org/bytedeco/javacpp-presets/opencv/3.1.0-1.3/opencv-3.1.0-1.3-linux-armhf.jar
7fe723df6000-7fe723df9000 r--s 007bf000 08:13 1322475                    /home/jessica/.m2/repository/org/bytedeco/javacpp-presets/opencv/3.1.0-1.3/opencv-3.1.0-1.3-linux-x86_64.jar
7fe723df9000-7fe723dfb000 r--s 00796000 08:13 1310725                    /home/jessica/.m2/repository/org/bytedeco/javacpp-presets/opencv/3.1.0-1.3/opencv-3.1.0-1.3-linux-x86.jar
7fe723dfb000-7fe723dfd000 r--s 00bf0000 08:13 1322473                    /home/jessica/.m2/repository/org/bytedeco/javacpp-presets/opencv/3.1.0-1.3/opencv-3.1.0-1.3-android-x86.jar
7fe723dfd000-7fe723dff000 r--s 008f3000 08:13 1322471                    /home/jessica/.m2/repository/org/bytedeco/javacpp-presets/opencv/3.1.0-1.3/opencv-3.1.0-1.3-android-arm.jar
7fe723dff000-7fe723e00000 r--s 00000000 08:13 1575675                    /home/jessica/.m2/repository/org/bytedeco/javacpp-presets/opencv-platform/3.1.0-1.3/opencv-platform-3.1.0-1.3.jar
7fe723e00000-7fe723e01000 r--s 00002000 08:13 1451532                    /home/jessica/.m2/repository/org/bytedeco/javacpp-presets/flandmark/1.07-1.3/flandmark-1.07-1.3.jar
7fe723e01000-7fe723e02000 r--s 00005000 08:13 1451530                    /home/jessica/.m2/repository/org/bytedeco/javacpp-presets/artoolkitplus/2.3.1-1.3/artoolkitplus-2.3.1-1.3.jar
7fe723e02000-7fe723e03000 r--s 00003000 08:13 1451528                    /home/jessica/.m2/repository/org/bytedeco/javacpp-presets/videoinput/0.200-1.3/videoinput-0.200-1.3.jar
7fe723e03000-7fe723e06000 r--s 00009000 08:13 1451526                    /home/jessica/.m2/repository/org/bytedeco/javacpp-presets/librealsense/1.9.6-1.3/librealsense-1.9.6-1.3.jar
7fe723e06000-7fe723e08000 r--s 00004000 08:13 1451524                    /home/jessica/.m2/repository/org/bytedeco/javacpp-presets/libfreenect/0.5.3-1.3/libfreenect-0.5.3-1.3.jar
7fe723e08000-7fe723e0a000 r--s 00006000 08:13 1451522                    /home/jessica/.m2/repository/org/bytedeco/javacpp-presets/libdc1394/2.2.4-1.3/libdc1394-2.2.4-1.3.jar
7fe723e0a000-7fe723e0e000 r--s 0001f000 08:13 1451520                    /home/jessica/.m2/repository/org/bytedeco/javacpp-presets/flycapture/2.9.3.43-1.3/flycapture-2.9.3.43-1.3.jar
7fe723e0e000-7fe723e15000 r--s 00033000 08:13 1451518                    /home/jessica/.m2/repository/org/bytedeco/javacpp-presets/ffmpeg/3.2.1-1.3/ffmpeg-3.2.1-1.3.jar
7fe723e15000-7fe723e25000 r--s 00098000 08:13 1322469                    /home/jessica/.m2/repository/org/bytedeco/javacpp-presets/opencv/3.1.0-1.3/opencv-3.1.0-1.3.jar
7fe723e25000-7fe723e2a000 r--s 0005a000 08:13 1575686                    /home/jessica/.m2/repository/org/bytedeco/javacv/1.3.1/javacv-1.3.1.jar
7fe723e2a000-7fe723e2c000 r--s 0000b000 08:13 1575676                    /home/jessica/.m2/repository/com/twelvemonkeys/imageio/imageio-bmp/3.1.1/imageio-bmp-3.1.1.jar
7fe723e2c000-7fe723e2e000 r--s 0000f000 08:13 1575672                    /home/jessica/.m2/repository/com/twelvemonkeys/imageio/imageio-psd/3.1.1/imageio-psd-3.1.1.jar
7fe723e2e000-7fe723e30000 r--s 0000e000 08:13 1575669                    /home/jessica/.m2/repository/com/twelvemonkeys/imageio/imageio-tiff/3.1.1/imageio-tiff-3.1.1.jar
7fe723e30000-7fe723e33000 r--s 00012000 08:13 1315151                    /home/jessica/.m2/repository/com/twelvemonkeys/common/common-image/3.1.1/common-image-3.1.1.jar
7fe723e33000-7fe723e35000 r--s 00014000 08:13 1315149                    /home/jessica/.m2/repository/com/twelvemonkeys/common/common-io/3.1.1/common-io-3.1.1.jar
7fe723e35000-7fe723e38000 r--s 0001a000 08:13 1315147                    /home/jessica/.m2/repository/com/twelvemonkeys/common/common-lang/3.1.1/common-lang-3.1.1.jar
7fe723e38000-7fe723e3b000 r--s 0000e000 08:13 1315145                    /home/jessica/.m2/repository/com/twelvemonkeys/imageio/imageio-metadata/3.1.1/imageio-metadata-3.1.1.jar
7fe723e3b000-7fe723e3e000 r--s 0000c000 08:13 1315143                    /home/jessica/.m2/repository/com/twelvemonkeys/imageio/imageio-core/3.1.1/imageio-core-3.1.1.jar
7fe723e3e000-7fe723e40000 r--s 0000d000 08:13 1575667                    /home/jessica/.m2/repository/com/twelvemonkeys/imageio/imageio-jpeg/3.1.1/imageio-jpeg-3.1.1.jar
7fe723e40000-7fe723e42000 r--s 0000f000 08:13 4204477                    /home/jessica/.m2/repository/org/datavec/datavec-data-image/0.8.0/datavec-data-image-0.8.0.jar
7fe723e42000-7fe723e6c000 rw-p 00000000 00:00 0 
7fe723e6c000-7fe723f91000 r--s 00efa000 08:13 4204475                    /home/jessica/.m2/repository/it/unimi/dsi/fastutil/6.5.7/fastutil-6.5.7.jar
7fe723f91000-7fe723f94000 r--s 00028000 08:13 3542640                    /home/jessica/.m2/repository/com/clearspring/analytics/stream/2.7.0/stream-2.7.0.jar
7fe723f94000-7fe723f96000 r--s 0001f000 08:13 3807447                    /home/jessica/.m2/repository/org/nd4j/nd4j-common/0.8.0/nd4j-common-0.8.0.jar
7fe723f96000-7fe723f9a000 r--s 0000f000 08:13 3542547                    /home/jessica/.m2/repository/com/google/code/findbugs/annotations/2.0.1/annotations-2.0.1.jar
7fe723f9a000-7fe723fa3000 r--s 000ae000 08:13 3542545                    /home/jessica/.m2/repository/org/javassist/javassist/3.19.0-GA/javassist-3.19.0-GA.jar
7fe723fa3000-7fe723fa6000 r--s 0001d000 08:13 3539522                    /home/jessica/.m2/repository/org/reflections/reflections/0.9.10/reflections-0.9.10.jar
7fe723fa6000-7fe723fbe000 r--s 00132000 08:13 3542598                    /home/jessica/.m2/repository/org/freemarker/freemarker/2.3.23/freemarker-2.3.23.jar
7fe723fbe000-7fe723fcb000 r--s 00091000 08:13 4067819                    /home/jessica/.m2/repository/org/datavec/datavec-api/0.8.0/datavec-api-0.8.0.jar
7fe723fcb000-7fe723fe0000 r--s 00141000 08:13 3542557                    /home/jessica/.m2/repository/org/projectlombok/lombok/1.16.10/lombok-1.16.10.jar
7fe723fe0000-7fe724000000 r--s 001ac000 08:13 3807385                    /home/jessica/.m2/repository/org/nd4j/jackson/0.8.0/jackson-0.8.0.jar
7fe724000000-7fe724021000 rw-p 00000000 00:00 0 
7fe724021000-7fe728000000 ---p 00000000 00:00 0 
7fe728000000-7fe728021000 rw-p 00000000 00:00 0 
7fe728021000-7fe72c000000 ---p 00000000 00:00 0 
7fe72c000000-7fe72c3f1000 rw-p 00000000 00:00 0 
7fe72c3f1000-7fe730000000 ---p 00000000 00:00 0 
7fe730000000-7fe73033f000 rw-p 00000000 00:00 0 
7fe73033f000-7fe734000000 ---p 00000000 00:00 0 
7fe734000000-7fe734021000 rw-p 00000000 00:00 0 
7fe734021000-7fe738000000 ---p 00000000 00:00 0 
7fe738000000-7fe738474000 rw-p 00000000 00:00 0 
7fe738474000-7fe73c000000 ---p 00000000 00:00 0 
7fe73c000000-7fe73c021000 rw-p 00000000 00:00 0 
7fe73c021000-7fe740000000 ---p 00000000 00:00 0 
7fe740000000-7fe740021000 rw-p 00000000 00:00 0 
7fe740021000-7fe744000000 ---p 00000000 00:00 0 
7fe744000000-7fe744021000 rw-p 00000000 00:00 0 
7fe744021000-7fe748000000 ---p 00000000 00:00 0 
7fe748000000-7fe748021000 rw-p 00000000 00:00 0 
7fe748021000-7fe74c000000 ---p 00000000 00:00 0 
7fe74c000000-7fe74c021000 rw-p 00000000 00:00 0 
7fe74c021000-7fe750000000 ---p 00000000 00:00 0 
7fe750000000-7fe750021000 rw-p 00000000 00:00 0 
7fe750021000-7fe754000000 ---p 00000000 00:00 0 
7fe754000000-7fe754021000 rw-p 00000000 00:00 0 
7fe754021000-7fe758000000 ---p 00000000 00:00 0 
7fe758000000-7fe758001000 r--s 00005000 08:13 1576185                    /home/jessica/.m2/repository/org/bytedeco/javacpp-presets/libfreenect2/0.2.0-1.3/libfreenect2-0.2.0-1.3.jar
7fe758001000-7fe758002000 r--s 00002000 08:13 4067817                    /home/jessica/.m2/repository/org/datavec/datavec-nd4j-common/0.8.0/datavec-nd4j-common-0.8.0.jar
7fe758002000-7fe758003000 r--s 0000f000 08:13 1575999                    /home/jessica/.m2/repository/org/json/json/20131018/json-20131018.jar
7fe758003000-7fe758013000 r--s 0007d000 08:13 4065954                    /home/jessica/.m2/repository/joda-time/joda-time/2.2/joda-time-2.2.jar
7fe758013000-7fe758017000 r--s 00024000 08:13 3539524                    /home/jessica/.m2/repository/org/codehaus/woodstox/stax2-api/3.1.4/stax2-api-3.1.4.jar
7fe758017000-7fe75801e000 r--s 0003c000 08:13 3802742                    /home/jessica/.m2/repository/org/yaml/snakeyaml/1.12/snakeyaml-1.12.jar
7fe75801e000-7fe758025000 r--s 0005e000 08:13 4066006                    /home/jessica/.m2/repository/org/apache/commons/commons-lang3/3.3.1/commons-lang3-3.3.1.jar
7fe758025000-7fe758028000 r--s 0000b000 08:13 3542763                    /home/jessica/.m2/repository/net/ericaro/neoitertools/1.0.0/neoitertools-1.0.0.jar
7fe758028000-7fe75802a000 r--s 00001000 08:13 3807383                    /home/jessica/.m2/repository/org/nd4j/nd4j-context/0.8.0/nd4j-context-0.8.0.jar
7fe75802a000-7fe75802c000 r--s 0000d000 08:13 3807381                    /home/jessica/.m2/repository/org/nd4j/nd4j-buffer/0.8.0/nd4j-buffer-0.8.0.jar
7fe75802c000-7fe75803b000 r--s 000da000 08:13 3807379                    /home/jessica/.m2/repository/org/nd4j/nd4j-api/0.8.0/nd4j-api-0.8.0.jar
7fe75803b000-7fe75803e000 r--s 00006000 08:13 4065959                    /home/jessica/.m2/repository/com/google/code/findbugs/jsr305/1.3.9/jsr305-1.3.9.jar
7fe75803e000-7fe75805e000 r--s 00173000 08:13 1575900                    /home/jessica/.m2/repository/com/google/guava/guava/11.0/guava-11.0.jar
7fe75805e000-7fe758062000 r--s 00015000 08:13 3670260                    /home/jessica/.m2/repository/org/tukaani/xz/1.5/xz-1.5.jar
7fe758062000-7fe758069000 r--s 00053000 08:13 3670259                    /home/jessica/.m2/repository/org/apache/commons/commons-compress/1.8/commons-compress-1.8.jar
7fe758069000-7fe75806d000 r--s 0002a000 08:13 3542692                    /home/jessica/.m2/repository/commons-io/commons-io/2.4/commons-io-2.4.jar
7fe75806d000-7fe758091000 r--s 001cd000 08:13 4065956                    /home/jessica/.m2/repository/org/apache/commons/commons-math3/3.4.1/commons-math3-3.4.1.jar
7fe758091000-7fe75809e000 r--s 000cf000 08:13 4067680                    /home/jessica/.m2/repository/org/deeplearning4j/deeplearning4j-nn/0.8.0/deeplearning4j-nn-0.8.0.jar
7fe75809e000-7fe7580a0000 r--s 00206000 08:13 1576012                    /home/jessica/.m2/repository/org/bytedeco/javacpp-presets/hdf5/1.10.0-patch1-1.3/hdf5-1.10.0-patch1-1.3-windows-x86_64.jar
7fe7580a0000-7fe7580a1000 ---p 00000000 00:00 0 
7fe7580a1000-7fe7581a1000 rwxp 00000000 00:00 0 
7fe7581a1000-7fe7581a4000 ---p 00000000 00:00 0 
7fe7581a4000-7fe7582a2000 rwxp 00000000 00:00 0 
7fe7582a2000-7fe7582a5000 ---p 00000000 00:00 0 
7fe7582a5000-7fe7583a3000 rwxp 00000000 00:00 0 
7fe7583a3000-7fe7583a6000 ---p 00000000 00:00 0 
7fe7583a6000-7fe7584a4000 rwxp 00000000 00:00 0 
7fe7584a4000-7fe7584a7000 ---p 00000000 00:00 0 
7fe7584a7000-7fe7585a5000 rwxp 00000000 00:00 0 
7fe7585a5000-7fe7585a8000 ---p 00000000 00:00 0 
7fe7585a8000-7fe7586a6000 rwxp 00000000 00:00 0 
7fe7586a6000-7fe758887000 r--p 00000000 08:13 2666459                    /usr/lib/locale/locale-archive
7fe758887000-7fe75888a000 ---p 00000000 00:00 0 
7fe75888a000-7fe758988000 rwxp 00000000 00:00 0 
7fe758988000-7fe75898b000 ---p 00000000 00:00 0 
7fe75898b000-7fe758a89000 rwxp 00000000 00:00 0 
7fe758a89000-7fe758a8a000 ---p 00000000 00:00 0 
7fe758a8a000-7fe758b8a000 rwxp 00000000 00:00 0 
7fe758b8a000-7fe75d000000 rw-p 00000000 00:00 0 
7fe75d000000-7fe75d4c0000 rwxp 00000000 00:00 0 
7fe75d4c0000-7fe76c000000 ---p 00000000 00:00 0 
7fe76c000000-7fe770000000 rw-p 00000000 00:00 0 
7fe770000000-7fe7709dc000 rw-p 00000000 00:00 0 
7fe7709dc000-7fe770bb4000 r--s 03d1d000 08:13 2768535                    /usr/lib/jvm/java-8-jdk/jre/lib/rt.jar
7fe770bb4000-7fe771811000 rw-p 00000000 00:00 0 
7fe771811000-7fe771812000 ---p 00000000 00:00 0 
7fe771812000-7fe771912000 rwxp 00000000 00:00 0 
7fe771912000-7fe771913000 ---p 00000000 00:00 0 
7fe771913000-7fe771a13000 rwxp 00000000 00:00 0 
7fe771a13000-7fe771a14000 ---p 00000000 00:00 0 
7fe771a14000-7fe771b14000 rwxp 00000000 00:00 0 
7fe771b14000-7fe771b15000 ---p 00000000 00:00 0 
7fe771b15000-7fe771c15000 rwxp 00000000 00:00 0 
7fe771c15000-7fe771c3f000 rw-p 00000000 00:00 0 
7fe771c3f000-7fe771eaf000 ---p 00000000 00:00 0 
7fe771eaf000-7fe771ed9000 rw-p 00000000 00:00 0 
7fe771ed9000-7fe772149000 ---p 00000000 00:00 0 
7fe772149000-7fe77218e000 rw-p 00000000 00:00 0 
7fe77218e000-7fe772296000 ---p 00000000 00:00 0 
7fe772296000-7fe7722aa000 rw-p 00000000 00:00 0 
7fe7722aa000-7fe772657000 ---p 00000000 00:00 0 
7fe772657000-7fe772671000 r-xp 00000000 08:13 2898242                    /usr/lib/jvm/java-8-jdk/jre/lib/amd64/libzip.so
7fe772671000-7fe772871000 ---p 0001a000 08:13 2898242                    /usr/lib/jvm/java-8-jdk/jre/lib/amd64/libzip.so
7fe772871000-7fe772872000 rw-p 0001a000 08:13 2898242                    /usr/lib/jvm/java-8-jdk/jre/lib/amd64/libzip.so
7fe772872000-7fe77287d000 r-xp 00000000 08:13 2623450                    /usr/lib/libnss_files-2.25.so
7fe77287d000-7fe772a7c000 ---p 0000b000 08:13 2623450                    /usr/lib/libnss_files-2.25.so
7fe772a7c000-7fe772a7d000 r--p 0000a000 08:13 2623450                    /usr/lib/libnss_files-2.25.so
7fe772a7d000-7fe772a7e000 rw-p 0000b000 08:13 2623450                    /usr/lib/libnss_files-2.25.so
7fe772a7e000-7fe772a84000 rw-p 00000000 00:00 0 
7fe772a84000-7fe772a8f000 r-xp 00000000 08:13 2623448                    /usr/lib/libnss_nis-2.25.so
7fe772a8f000-7fe772c8e000 ---p 0000b000 08:13 2623448                    /usr/lib/libnss_nis-2.25.so
7fe772c8e000-7fe772c8f000 r--p 0000a000 08:13 2623448                    /usr/lib/libnss_nis-2.25.so
7fe772c8f000-7fe772c90000 rw-p 0000b000 08:13 2623448                    /usr/lib/libnss_nis-2.25.so
7fe772c90000-7fe772ca5000 r-xp 00000000 08:13 2623444                    /usr/lib/libnsl-2.25.so
7fe772ca5000-7fe772ea4000 ---p 00015000 08:13 2623444                    /usr/lib/libnsl-2.25.so
7fe772ea4000-7fe772ea5000 r--p 00014000 08:13 2623444                    /usr/lib/libnsl-2.25.so
7fe772ea5000-7fe772ea6000 rw-p 00015000 08:13 2623444                    /usr/lib/libnsl-2.25.so
7fe772ea6000-7fe772ea8000 rw-p 00000000 00:00 0 
7fe772ea8000-7fe772eaf000 r-xp 00000000 08:13 2623453                    /usr/lib/libnss_compat-2.25.so
7fe772eaf000-7fe7730ae000 ---p 00007000 08:13 2623453                    /usr/lib/libnss_compat-2.25.so
7fe7730ae000-7fe7730af000 r--p 00006000 08:13 2623453                    /usr/lib/libnss_compat-2.25.so
7fe7730af000-7fe7730b0000 rw-p 00007000 08:13 2623453                    /usr/lib/libnss_compat-2.25.so
7fe7730b0000-7fe7730da000 r-xp 00000000 08:13 2898262                    /usr/lib/jvm/java-8-jdk/jre/lib/amd64/libjava.so
7fe7730da000-7fe7732da000 ---p 0002a000 08:13 2898262                    /usr/lib/jvm/java-8-jdk/jre/lib/amd64/libjava.so
7fe7732da000-7fe7732dc000 rw-p 0002a000 08:13 2898262                    /usr/lib/jvm/java-8-jdk/jre/lib/amd64/libjava.so
7fe7732dc000-7fe7732e9000 r-xp 00000000 08:13 2898248                    /usr/lib/jvm/java-8-jdk/jre/lib/amd64/libverify.so
7fe7732e9000-7fe7734e9000 ---p 0000d000 08:13 2898248                    /usr/lib/jvm/java-8-jdk/jre/lib/amd64/libverify.so
7fe7734e9000-7fe7734eb000 rw-p 0000d000 08:13 2898248                    /usr/lib/jvm/java-8-jdk/jre/lib/amd64/libverify.so
7fe7734eb000-7fe7734f2000 r-xp 00000000 08:13 2623442                    /usr/lib/librt-2.25.so
7fe7734f2000-7fe7736f1000 ---p 00007000 08:13 2623442                    /usr/lib/librt-2.25.so
7fe7736f1000-7fe7736f2000 r--p 00006000 08:13 2623442                    /usr/lib/librt-2.25.so
7fe7736f2000-7fe7736f3000 rw-p 00007000 08:13 2623442                    /usr/lib/librt-2.25.so
7fe7736f3000-7fe773805000 r-xp 00000000 08:13 2623445                    /usr/lib/libm-2.25.so
7fe773805000-7fe773a04000 ---p 00112000 08:13 2623445                    /usr/lib/libm-2.25.so
7fe773a04000-7fe773a05000 r--p 00111000 08:13 2623445                    /usr/lib/libm-2.25.so
7fe773a05000-7fe773a06000 rw-p 00112000 08:13 2623445                    /usr/lib/libm-2.25.so
7fe773a06000-7fe7746c5000 r-xp 00000000 08:13 3029697                    /usr/lib/jvm/java-8-jdk/jre/lib/amd64/server/libjvm.so
7fe7746c5000-7fe7748c4000 ---p 00cbf000 08:13 3029697                    /usr/lib/jvm/java-8-jdk/jre/lib/amd64/server/libjvm.so
7fe7748c4000-7fe77499d000 rw-p 00cbe000 08:13 3029697                    /usr/lib/jvm/java-8-jdk/jre/lib/amd64/server/libjvm.so
7fe77499d000-7fe7749e6000 rw-p 00000000 00:00 0 
7fe7749e6000-7fe774b81000 r-xp 00000000 08:13 2623504                    /usr/lib/libc-2.25.so
7fe774b81000-7fe774d80000 ---p 0019b000 08:13 2623504                    /usr/lib/libc-2.25.so
7fe774d80000-7fe774d84000 r--p 0019a000 08:13 2623504                    /usr/lib/libc-2.25.so
7fe774d84000-7fe774d86000 rw-p 0019e000 08:13 2623504                    /usr/lib/libc-2.25.so
7fe774d86000-7fe774d8a000 rw-p 00000000 00:00 0 
7fe774d8a000-7fe774d8d000 r-xp 00000000 08:13 2623446                    /usr/lib/libdl-2.25.so
7fe774d8d000-7fe774f8c000 ---p 00003000 08:13 2623446                    /usr/lib/libdl-2.25.so
7fe774f8c000-7fe774f8d000 r--p 00002000 08:13 2623446                    /usr/lib/libdl-2.25.so
7fe774f8d000-7fe774f8e000 rw-p 00003000 08:13 2623446                    /usr/lib/libdl-2.25.so
7fe774f8e000-7fe774fa3000 r-xp 00000000 08:13 3029696                    /usr/lib/jvm/java-8-jdk/jre/lib/amd64/jli/libjli.so
7fe774fa3000-7fe7751a3000 ---p 00015000 08:13 3029696                    /usr/lib/jvm/java-8-jdk/jre/lib/amd64/jli/libjli.so
7fe7751a3000-7fe7751a4000 rw-p 00015000 08:13 3029696                    /usr/lib/jvm/java-8-jdk/jre/lib/amd64/jli/libjli.so
7fe7751a4000-7fe7751bd000 r-xp 00000000 08:13 2623524                    /usr/lib/libpthread-2.25.so
7fe7751bd000-7fe7753bc000 ---p 00019000 08:13 2623524                    /usr/lib/libpthread-2.25.so
7fe7753bc000-7fe7753bd000 r--p 00018000 08:13 2623524                    /usr/lib/libpthread-2.25.so
7fe7753bd000-7fe7753be000 rw-p 00019000 08:13 2623524                    /usr/lib/libpthread-2.25.so
7fe7753be000-7fe7753c2000 rw-p 00000000 00:00 0 
7fe7753c2000-7fe7753e5000 r-xp 00000000 08:13 2623505                    /usr/lib/ld-2.25.so
7fe7753e5000-7fe7753e6000 r--s 00007000 08:13 4065192                    /home/jessica/.m2/repository/org/slf4j/slf4j-api/1.7.12/slf4j-api-1.7.12.jar
7fe7753e6000-7fe7753e7000 r--s 001d7000 08:13 1576009                    /home/jessica/.m2/repository/org/bytedeco/javacpp-presets/hdf5/1.10.0-patch1-1.3/hdf5-1.10.0-patch1-1.3-windows-x86.jar
7fe7753e7000-7fe7753e8000 r--s 001bf000 08:13 1576001                    /home/jessica/.m2/repository/org/bytedeco/javacpp-presets/hdf5/1.10.0-patch1-1.3/hdf5-1.10.0-patch1-1.3-macosx-x86_64.jar
7fe7753e8000-7fe7753ea000 r--s 001d0000 08:13 1576000                    /home/jessica/.m2/repository/org/bytedeco/javacpp-presets/hdf5/1.10.0-patch1-1.3/hdf5-1.10.0-patch1-1.3-linux-ppc64le.jar
7fe7753ea000-7fe7753eb000 r--s 001e7000 08:13 1575997                    /home/jessica/.m2/repository/org/bytedeco/javacpp-presets/hdf5/1.10.0-patch1-1.3/hdf5-1.10.0-patch1-1.3-linux-x86_64.jar
7fe7753eb000-7fe7753ec000 r--s 001bf000 08:13 1575995                    /home/jessica/.m2/repository/org/bytedeco/javacpp-presets/hdf5/1.10.0-patch1-1.3/hdf5-1.10.0-patch1-1.3-linux-x86.jar
7fe7753ec000-7fe7753f0000 r--s 00025000 08:13 1575953                    /home/jessica/.m2/repository/org/bytedeco/javacpp-presets/hdf5/1.10.0-patch1-1.3/hdf5-1.10.0-patch1-1.3.jar
7fe7753f0000-7fe7753f1000 r--s 00000000 08:13 1575691                    /home/jessica/.m2/repository/org/bytedeco/javacpp-presets/hdf5-platform/1.10.0-patch1-1.3/hdf5-platform-1.10.0-patch1-1.3.jar
7fe7753f1000-7fe7753f3000 r--s 00014000 08:13 3937900                    /home/jessica/.m2/repository/org/deeplearning4j/deeplearning4j-modelimport/0.8.0/deeplearning4j-modelimport-0.8.0.jar
7fe7753f3000-7fe7753f8000 r--s 0002e000 08:13 3937898                    /home/jessica/.m2/repository/org/deeplearning4j/deeplearning4j-core/0.8.0/deeplearning4j-core-0.8.0.jar
7fe7753f8000-7fe7753f9000 r--s 06a28000 08:13 3545012                    /home/jessica/.m2/repository/org/nd4j/nd4j-cuda-8.0/0.8.0/nd4j-cuda-8.0-0.8.0-linux-ppc64le.jar
7fe7753f9000-7fe7753fa000 r--s 069a9000 08:13 3545010                    /home/jessica/.m2/repository/org/nd4j/nd4j-cuda-8.0/0.8.0/nd4j-cuda-8.0-0.8.0-windows-x86_64.jar
7fe7753fa000-7fe7753fc000 r--s 06937000 08:13 3545008                    /home/jessica/.m2/repository/org/nd4j/nd4j-cuda-8.0/0.8.0/nd4j-cuda-8.0-0.8.0-macosx-x86_64.jar
7fe7753fc000-7fe7753fd000 r--s 0694e000 08:13 3545004                    /home/jessica/.m2/repository/org/nd4j/nd4j-cuda-8.0/0.8.0/nd4j-cuda-8.0-0.8.0-linux-x86_64.jar
7fe7753fd000-7fe775400000 r--s 00019000 08:13 3542732                    /home/jessica/.m2/repository/org/apache/commons/commons-pool2/2.4.2/commons-pool2-2.4.2.jar
7fe775400000-7fe775404000 r--s 00040000 08:13 3544999                    /home/jessica/.m2/repository/org/nd4j/nd4j-cuda-8.0/0.8.0/nd4j-cuda-8.0-0.8.0.jar
7fe775404000-7fe7754a8000 rw-p 00000000 00:00 0 
7fe7754a8000-7fe7754ab000 ---p 00000000 00:00 0 
7fe7754ab000-7fe7755a9000 rwxp 00000000 00:00 0 
7fe7755a9000-7fe7755ab000 rw-p 00000000 00:00 0 
7fe7755ab000-7fe7755ac000 r--s 00008000 08:13 3675154                    /home/jessica/.m2/repository/org/nd4j/nd4j-native-api/0.8.0/nd4j-native-api-0.8.0.jar
7fe7755ac000-7fe7755ad000 r--s 00000000 08:13 3544997                    /home/jessica/.m2/repository/org/nd4j/nd4j-cuda-8.0-platform/0.8.0/nd4j-cuda-8.0-platform-0.8.0.jar
7fe7755ad000-7fe7755b0000 r--s 0004b000 08:13 4849974                    /home/jessica/workspace/pictures workspace/CameraVision/CameraVision/jar/ufdw-jogamp2.jar
7fe7755b0000-7fe7755d8000 rw-p 00000000 00:00 0 
7fe7755d8000-7fe7755e0000 rw-s 00000000 00:24 6804572                    /tmp/hsperfdata_jessica/18059
7fe7755e0000-7fe7755e1000 rw-p 00000000 00:00 0 
7fe7755e1000-7fe7755e2000 r--p 00000000 00:00 0 
7fe7755e2000-7fe7755e4000 rw-p 00000000 00:00 0 
7fe7755e4000-7fe7755e5000 r--p 00022000 08:13 2623505                    /usr/lib/ld-2.25.so
7fe7755e5000-7fe7755e6000 rw-p 00023000 08:13 2623505                    /usr/lib/ld-2.25.so
7fe7755e6000-7fe7755e7000 rw-p 00000000 00:00 0 
7fff63bb3000-7fff63bd2000 rwxp 00000000 00:00 0                          [stack]
7fff63bd2000-7fff63bd6000 rw-p 00000000 00:00 0 
7fff63bdd000-7fff63bdf000 r--p 00000000 00:00 0                          [vvar]
7fff63bdf000-7fff63be1000 r-xp 00000000 00:00 0                          [vdso]
ffffffffff600000-ffffffffff601000 r-xp 00000000 00:00 0                  [vsyscall]

VM Arguments:
jvm_args: -Dfile.encoding=UTF-8 
java_command: cameraUI.Start
java_class_path (initial): /home/jessica/workspace/pictures workspace/CameraVision/CameraVision/target/classes:/home/jessica/workspace/pictures workspace/CameraVision/CameraVision/jar/ufdw-jogamp2.jar:/home/jessica/.m2/repository/org/nd4j/nd4j-cuda-8.0-platform/0.8.0/nd4j-cuda-8.0-platform-0.8.0.jar:/home/jessica/.m2/repository/org/nd4j/nd4j-cuda-8.0/0.8.0/nd4j-cuda-8.0-0.8.0.jar:/home/jessica/.m2/repository/org/apache/commons/commons-pool2/2.4.2/commons-pool2-2.4.2.jar:/home/jessica/.m2/repository/org/nd4j/nd4j-native-api/0.8.0/nd4j-native-api-0.8.0.jar:/home/jessica/.m2/repository/org/nd4j/nd4j-cuda-8.0/0.8.0/nd4j-cuda-8.0-0.8.0-linux-x86_64.jar:/home/jessica/.m2/repository/org/nd4j/nd4j-cuda-8.0/0.8.0/nd4j-cuda-8.0-0.8.0-macosx-x86_64.jar:/home/jessica/.m2/repository/org/nd4j/nd4j-cuda-8.0/0.8.0/nd4j-cuda-8.0-0.8.0-windows-x86_64.jar:/home/jessica/.m2/repository/org/nd4j/nd4j-cuda-8.0/0.8.0/nd4j-cuda-8.0-0.8.0-linux-ppc64le.jar:/home/jessica/.m2/repository/org/deeplearning4j/deeplearning4j-core/0.8.0/deeplearning4j-core-0.8.0.jar:/home/jessica/.m2/repository/org/deeplearning4j/deeplearning4j-modelimport/0.8.0/deeplearning4j-modelimport-0.8.0.jar:/home/jessica/.m2/repository/org/bytedeco/javacpp-presets/hdf5-platform/1.10.0-patch1-1.3/hdf5-platform-1.10.0-patch1-1.3.jar:/home/jessica/.m2/repository/org/bytedeco/javacpp-presets/hdf5/1.10.0-patch1-1.3/hdf5-1.10.0-patch1-1.3.jar:/home/jessica/.m2/repository/org/bytedeco/javacpp-presets/hdf5/1.10.0-patch1-1.3/hdf5-1.10.0-patch1-1.3-linux-x86.jar:/home/jessica/.m2/repository/org/bytedeco/javacpp-presets/hdf5/1.10.0-patch1-1.3/hdf5-1.10.0-patch1-1.3-linux-x86_64.jar:/home/jessica/.m2/repository/org/bytedeco/javacpp-presets/hdf5/1.10.0-patch1-1.3/hdf5-1.10.0-patch1-1.3-linux-ppc64le.jar:/home/jessica/.m2/repository/org/bytedeco/javacpp-presets/hdf5/1.10.0-patch1-1.3/hdf5-1.10.0-patch1-1.3-macosx-x86_64.jar:/home/jessica/.m2/repository/org/bytedeco/javacpp-presets/hdf5/1.10.0-patch1-1.3/hdf5-1.10.0-patch1-1.3-windows-x8
Launcher Type: SUN_STANDARD

Environment Variables:
PATH=/usr/local/sbin:/usr/local/bin:/usr/bin:/opt/cuda/bin:/usr/lib/jvm/default/bin:/usr/bin/site_perl:/usr/bin/vendor_perl:/usr/bin/core_perl
SHELL=/bin/bash
DISPLAY=:0

Signal Handlers:
SIGSEGV: [libjvm.so+0xabb070], sa_mask[0]=11111111011111111101111111111110, sa_flags=SA_RESTART|SA_SIGINFO
SIGBUS: [libjvm.so+0xabb070], sa_mask[0]=11111111011111111101111111111110, sa_flags=SA_RESTART|SA_SIGINFO
SIGFPE: [libjvm.so+0x918480], sa_mask[0]=11111111011111111101111111111110, sa_flags=SA_RESTART|SA_SIGINFO
SIGPIPE: [libjvm.so+0x918480], sa_mask[0]=11111111011111111101111111111110, sa_flags=SA_RESTART|SA_SIGINFO
SIGXFSZ: [libjvm.so+0x918480], sa_mask[0]=11111111011111111101111111111110, sa_flags=SA_RESTART|SA_SIGINFO
SIGILL: [libjvm.so+0x918480], sa_mask[0]=11111111011111111101111111111110, sa_flags=SA_RESTART|SA_SIGINFO
SIGUSR1: SIG_DFL, sa_mask[0]=00000000000000000000000000000000, sa_flags=none
SIGUSR2: [libjvm.so+0x919ab0], sa_mask[0]=00100000000000000000000000000000, sa_flags=SA_RESTART|SA_SIGINFO
SIGHUP: [libjvm.so+0x91aeb0], sa_mask[0]=11111111011111111101111111111110, sa_flags=SA_RESTART|SA_SIGINFO
SIGINT: SIG_IGN, sa_mask[0]=00000000000000000000000000000000, sa_flags=none
SIGTERM: [libjvm.so+0x91aeb0], sa_mask[0]=11111111011111111101111111111110, sa_flags=SA_RESTART|SA_SIGINFO
SIGQUIT: [libjvm.so+0x91aeb0], sa_mask[0]=11111111011111111101111111111110, sa_flags=SA_RESTART|SA_SIGINFO


---------------  S Y S T E M  ---------------

OS:LSB_VERSION=1.4
DISTRIB_ID=Arch
DISTRIB_RELEASE=rolling
DISTRIB_DESCRIPTION="Arch Linux"

uname:Linux 4.10.1-1-ARCH #1 SMP PREEMPT Sun Feb 26 21:08:53 UTC 2017 x86_64
libc:glibc 2.25 NPTL 2.25 
rlimit: STACK 8192k, CORE infinity, NPROC 31912, NOFILE 4096, AS infinity
load average:0.71 0.58 0.63

/proc/meminfo:
MemTotal:        8178604 kB
MemFree:         1174404 kB
MemAvailable:    3965220 kB
Buffers:          170052 kB
Cached:          2652220 kB
SwapCached:           28 kB
Active:          4339816 kB
Inactive:        2026108 kB
Active(anon):    2708980 kB
Inactive(anon):   878948 kB
Active(file):    1630836 kB
Inactive(file):  1147160 kB
Unevictable:           0 kB
Mlocked:               0 kB
SwapTotal:       8313852 kB
SwapFree:        8313600 kB
Dirty:               216 kB
Writeback:             0 kB
AnonPages:       3383588 kB
Mapped:           493052 kB
Shmem:             44020 kB
Slab:             356680 kB
SReclaimable:     318792 kB
SUnreclaim:        37888 kB
KernelStack:        7016 kB
PageTables:        31620 kB
NFS_Unstable:          0 kB
Bounce:                0 kB
WritebackTmp:          0 kB
CommitLimit:    12403152 kB
Committed_AS:    5367808 kB
VmallocTotal:   34359738367 kB
VmallocUsed:           0 kB
VmallocChunk:          0 kB
HardwareCorrupted:     0 kB
AnonHugePages:   1527808 kB
ShmemHugePages:        0 kB
ShmemPmdMapped:        0 kB
HugePages_Total:       0
HugePages_Free:        0
HugePages_Rsvd:        0
HugePages_Surp:        0
Hugepagesize:       2048 kB
DirectMap4k:     1391296 kB
DirectMap2M:     6995968 kB


CPU:total 4 (4 cores per cpu, 1 threads per core) family 6 model 15 stepping 11, cmov, cx8, fxsr, mmx, sse, sse2, sse3, ssse3, tsc

/proc/cpuinfo:
processor	: 0
vendor_id	: GenuineIntel
cpu family	: 6
model		: 15
model name	: Intel(R) Core(TM)2 Quad CPU    Q6600  @ 2.40GHz
stepping	: 11
microcode	: 0xb6
cpu MHz		: 1600.000
cache size	: 4096 KB
physical id	: 0
siblings	: 4
core id		: 0
cpu cores	: 4
apicid		: 0
initial apicid	: 0
fpu		: yes
fpu_exception	: yes
cpuid level	: 10
wp		: yes
flags		: fpu vme de pse tsc msr pae mce cx8 apic sep mtrr pge mca cmov pat pse36 clflush dts acpi mmx fxsr sse sse2 ss ht tm pbe syscall nx lm constant_tsc arch_perfmon pebs bts rep_good nopl aperfmperf pni dtes64 monitor ds_cpl vmx est tm2 ssse3 cx16 xtpr pdcm lahf_lm tpr_shadow vnmi flexpriority dtherm
bugs		:
bogomips	: 4802.17
clflush size	: 64
cache_alignment	: 64
address sizes	: 36 bits physical, 48 bits virtual
power management:

processor	: 1
vendor_id	: GenuineIntel
cpu family	: 6
model		: 15
model name	: Intel(R) Core(TM)2 Quad CPU    Q6600  @ 2.40GHz
stepping	: 11
microcode	: 0xb6
cpu MHz		: 1600.000
cache size	: 4096 KB
physical id	: 0
siblings	: 4
core id		: 3
cpu cores	: 4
apicid		: 3
initial apicid	: 3
fpu		: yes
fpu_exception	: yes
cpuid level	: 10
wp		: yes
flags		: fpu vme de pse tsc msr pae mce cx8 apic sep mtrr pge mca cmov pat pse36 clflush dts acpi mmx fxsr sse sse2 ss ht tm pbe syscall nx lm constant_tsc arch_perfmon pebs bts rep_good nopl aperfmperf pni dtes64 monitor ds_cpl vmx est tm2 ssse3 cx16 xtpr pdcm lahf_lm tpr_shadow vnmi flexpriority dtherm
bugs		:
bogomips	: 4802.09
clflush size	: 64
cache_alignment	: 64
address sizes	: 36 bits physical, 48 bits virtual
power management:

processor	: 2
vendor_id	: GenuineIntel
cpu family	: 6
model		: 15
model name	: Intel(R) Core(TM)2 Quad CPU    Q6600  @ 2.40GHz
stepping	: 11
microcode	: 0xb6
cpu MHz		: 2400.000
cache size	: 4096 KB
physical id	: 0
siblings	: 4
core id		: 1
cpu cores	: 4
apicid		: 1
initial apicid	: 1
fpu		: yes
fpu_exception	: yes
cpuid level	: 10
wp		: yes
flags		: fpu vme de pse tsc msr pae mce cx8 apic sep mtrr pge mca cmov pat pse36 clflush dts acpi mmx fxsr sse sse2 ss ht tm pbe syscall nx lm constant_tsc arch_perfmon pebs bts rep_good nopl aperfmperf pni dtes64 monitor ds_cpl vmx est tm2 ssse3 cx16 xtpr pdcm lahf_lm tpr_shadow vnmi flexpriority dtherm
bugs		:
bogomips	: 4869.92
clflush size	: 64
cache_alignment	: 64
address sizes	: 36 bits physical, 48 bits virtual
power management:

processor	: 3
vendor_id	: GenuineIntel
cpu family	: 6
model		: 15
model name	: Intel(R) Core(TM)2 Quad CPU    Q6600  @ 2.40GHz
stepping	: 11
microcode	: 0xb6
cpu MHz		: 1600.000
cache size	: 4096 KB
physical id	: 0
siblings	: 4
core id		: 2
cpu cores	: 4
apicid		: 2
initial apicid	: 2
fpu		: yes
fpu_exception	: yes
cpuid level	: 10
wp		: yes
flags		: fpu vme de pse tsc msr pae mce cx8 apic sep mtrr pge mca cmov pat pse36 clflush dts acpi mmx fxsr sse sse2 ss ht tm pbe syscall nx lm constant_tsc arch_perfmon pebs bts rep_good nopl aperfmperf pni dtes64 monitor ds_cpl vmx est tm2 ssse3 cx16 xtpr pdcm lahf_lm tpr_shadow vnmi flexpriority dtherm
bugs		:
bogomips	: 4778.90
clflush size	: 64
cache_alignment	: 64
address sizes	: 36 bits physical, 48 bits virtual
power management:



Memory: 4k page, physical 8178604k(1174404k free), swap 8313852k(8313600k free)

vm_info: Java HotSpot(TM) 64-Bit Server VM (25.72-b15) for linux-amd64 JRE (1.8.0_72-b15), built on Dec 22 2015 22:00:07 by "java_re" with gcc 4.3.0 20080428 (Red Hat 4.3.0-8)

time: Tue Mar 28 11:02:37 2017
elapsed time: 4 seconds (0d 0h 0m 4s)

