#
# A fatal error has been detected by the Java Runtime Environment:
#
#  SIGSEGV (0xb) at pc=0x00007f715068d603, pid=28871, tid=140126095390464
#
# JRE version: Java(TM) SE Runtime Environment (8.0_72-b15) (build 1.8.0_72-b15)
# Java VM: Java HotSpot(TM) 64-Bit Server VM (25.72-b15 mixed mode linux-amd64 compressed oops)
# Problematic frame:
# C  [libhdf5.so.100+0x211603]
#
# Core dump written. Default location: /home/jessica/workspace/pictures workspace/CameraVision/CameraVision/core or core.28871
#
# If you would like to submit a bug report, please visit:
#   http://bugreport.java.com/bugreport/crash.jsp
# The crash happened outside the Java Virtual Machine in native code.
# See problematic frame for where to report the bug.
#

---------------  T H R E A D  ---------------

Current thread (0x00007f71a000f000):  JavaThread "main" [_thread_in_native, id=28877, stack(0x00007f71a613b000,0x00007f71a623c000)]

siginfo: si_signo: 11 (SIGSEGV), si_code: 1 (SEGV_MAPERR), si_addr: 0x0000000000000000

Registers:
RAX=0x00007f71a07845e0, RBX=0x00007f70d4d1a0a0, RCX=0x0000000000000038, RDX=0x0000000000000000
RSP=0x00007f71a6239f60, RBP=0x00007f70d4d1a0a0, RSI=0x0000000000000000, RDI=0x00007f71a064e4d0
R8 =0x00000000ffffffff, R9 =0x00007f71a078bdf0, R10=0x0000000000000020, R11=0x00007f70d4cf9520
R12=0x0000000000000000, R13=0x00007f70d4d163c0, R14=0x0000000000000000, R15=0x0000000000000000
RIP=0x00007f715068d603, EFLAGS=0x0000000000010206, CSGSFS=0x002b000000000033, ERR=0x0000000000000004
  TRAPNO=0x000000000000000e

Top of Stack: (sp=0x00007f71a6239f60)
0x00007f71a6239f60:   0000000000000000 00007f715069f191
0x00007f71a6239f70:   00007f70d4d163c0 00007f70d4d163c0
0x00007f71a6239f80:   0000000000000000 0a00000000000025
0x00007f71a6239f90:   0000000000000008 00007f715068d6ad
0x00007f71a6239fa0:   00007f71a078c070 00007f70d4d16340
0x00007f71a6239fb0:   00007f70d4d163c0 00007f70d4d16340
0x00007f71a6239fc0:   00007f70d4d163c0 00007f7150662860
0x00007f71a6239fd0:   00007f71a623a148 00007f70d4d15200
0x00007f71a6239fe0:   00007f71a0793620 0100000000000000
0x00007f71a6239ff0:   0000000000000000 00007f70d4d15200
0x00007f71a623a000:   0a00000000000006 0000000000000000
0x00007f71a623a010:   0000000000000000 0a00000000000007
0x00007f71a623a020:   0a00000000000008 00007f715052d35c
0x00007f71a623a030:   000000000006d7f0 00007f7100000000
0x00007f71a623a040:   0a00000000000008 00007f70d4d18a20
0x00007f71a623a050:   0000000000000000 00007f70d4d18a38
0x00007f71a623a060:   00007f71509f4a2c 00007f7150530329
0x00007f71a623a070:   00007f71a623a110 0000000000000000
0x00007f71a623a080:   00007f70d4d202c0 00007f7150660216
0x00007f71a623a090:   00007f71a623a270 0000000000000000
0x00007f71a623a0a0:   00007f71509f4a1c 00007f71509f60e0
0x00007f71a623a0b0:   0000000000000000 00007f70d4d202c0
0x00007f71a623a0c0:   00007f71a623a110 00007f71505e6d40
0x00007f71a623a0d0:   00007f71a623a1b0 0000000000000000
0x00007f71a623a0e0:   00007f71a0795d00 00007f71504da594
0x00007f71a623a0f0:   00007f71a623a270 00007f71505fb1e0
0x00007f71a623a100:   0000000000000000 00007f71509e5ea0
0x00007f71a623a110:   0000000000000000 00007f7100000000
0x00007f71a623a120:   00007f71a623a1b0 0a00000000000008
0x00007f71a623a130:   0000000000000000 00007f71509f60e0
0x00007f71a623a140:   00007f71a623a20c 0000000000000000
0x00007f71a623a150:   00007f70d4d151a0 0000003000000018 

Instructions: (pc=0x00007f715068d603)
0x00007f715068d5e3:   10 5b 5d 41 5c 41 5d 41 5e c3 0f 1f 00 48 8b 53
0x00007f715068d5f3:   18 48 8b 05 b5 8c 36 00 48 8b 73 28 48 8b 3c d0
0x00007f715068d603:   48 8b 2e e8 75 ba e2 ff 48 8d 3d 6e 68 36 00 48
0x00007f715068d613:   89 43 28 48 89 de 48 89 eb e8 8f a8 e2 ff 48 85 

Register to memory mapping:

RAX=0x00007f71a07845e0 is an unknown value
RBX=0x00007f70d4d1a0a0 is an unknown value
RCX=0x0000000000000038 is an unknown value
RDX=0x0000000000000000 is an unknown value
RSP=0x00007f71a6239f60 is pointing into the stack for thread: 0x00007f71a000f000
RBP=0x00007f70d4d1a0a0 is an unknown value
RSI=0x0000000000000000 is an unknown value
RDI=0x00007f71a064e4d0 is an unknown value
R8 =0x00000000ffffffff is an unallocated location in the heap
R9 =0x00007f71a078bdf0 is an unknown value
R10=0x0000000000000020 is an unknown value
R11=0x00007f70d4cf9520 is an unknown value
R12=0x0000000000000000 is an unknown value
R13=0x00007f70d4d163c0 is an unknown value
R14=0x0000000000000000 is an unknown value
R15=0x0000000000000000 is an unknown value


Stack: [0x00007f71a613b000,0x00007f71a623c000],  sp=0x00007f71a6239f60,  free space=1019k
Native frames: (J=compiled Java code, j=interpreted, Vv=VM code, C=native code)
C  [libhdf5.so.100+0x211603]

Java frames: (J=compiled Java code, j=interpreted, Vv=VM code)
j  org.bytedeco.javacpp.hdf5$CommonFG.openDataSet(Ljava/lang/String;)Lorg/bytedeco/javacpp/hdf5$DataSet;+0
j  org.deeplearning4j.nn.modelimport.keras.Hdf5Archive.readDataSet(Lorg/bytedeco/javacpp/hdf5$CommonFG;Ljava/lang/String;)Lorg/nd4j/linalg/api/ndarray/INDArray;+2
j  org.deeplearning4j.nn.modelimport.keras.Hdf5Archive.readDataSet(Ljava/lang/String;[Ljava/lang/String;)Lorg/nd4j/linalg/api/ndarray/INDArray;+39
j  org.deeplearning4j.nn.modelimport.keras.KerasModel.helperImportWeights(Lorg/deeplearning4j/nn/modelimport/keras/Hdf5Archive;Ljava/lang/String;)V+485
j  org.deeplearning4j.nn.modelimport.keras.KerasModel.<init>(Ljava/lang/String;Ljava/lang/String;Lorg/deeplearning4j/nn/modelimport/keras/Hdf5Archive;Ljava/lang/String;Ljava/lang/String;Lorg/deeplearning4j/nn/modelimport/keras/Hdf5Archive;Z)V+430
j  org.deeplearning4j.nn.modelimport.keras.KerasModel.<init>(Lorg/deeplearning4j/nn/modelimport/keras/KerasModel$ModelBuilder;)V+29
j  org.deeplearning4j.nn.modelimport.keras.KerasModel$ModelBuilder.buildModel()Lorg/deeplearning4j/nn/modelimport/keras/KerasModel;+5
j  org.deeplearning4j.nn.modelimport.keras.KerasModelImport.importKerasModelAndWeights(Ljava/lang/String;Ljava/lang/String;)Lorg/deeplearning4j/nn/graph/ComputationGraph;+19
j  computervision.ResNet50.loadResNet50()V+9
j  computervision.SceneClassifier.<init>()V+41
j  cameraUI.Start.magic()V+16
j  cameraUI.Start.main([Ljava/lang/String;)V+9
v  ~StubRoutines::call_stub

---------------  P R O C E S S  ---------------

Java Threads: ( => current thread )
  0x00007f70d4cd1800 JavaThread "UniGC thread 5" daemon [_thread_blocked, id=28938, stack(0x00007f710c3c4000,0x00007f710c4c5000)]
  0x00007f70d4cd0000 JavaThread "UniGC thread 4" daemon [_thread_blocked, id=28937, stack(0x00007f710f468000,0x00007f710f569000)]
  0x00007f70d4cce800 JavaThread "UniGC thread 3" daemon [_thread_blocked, id=28936, stack(0x00007f710f569000,0x00007f710f66a000)]
  0x00007f70d4cca000 JavaThread "UniGC thread 2" daemon [_thread_blocked, id=28935, stack(0x00007f710f66a000,0x00007f710f76b000)]
  0x00007f70d4cc8000 JavaThread "UniGC thread 1" daemon [_thread_blocked, id=28934, stack(0x00007f710f76b000,0x00007f710f86c000)]
  0x00007f70d4ccc800 JavaThread "UniGC thread 0" daemon [_thread_blocked, id=28933, stack(0x00007f71146d5000,0x00007f71147d6000)]
  0x00007f71a10fe000 JavaThread "ResourceGC thread 3" daemon [_thread_blocked, id=28932, stack(0x00007f7128590000,0x00007f7128691000)]
  0x00007f71a10fb000 JavaThread "ResourceGC thread 2" daemon [_thread_blocked, id=28931, stack(0x00007f7128691000,0x00007f7128792000)]
  0x00007f71a10f9800 JavaThread "ResourceGC thread 1" daemon [_thread_blocked, id=28930, stack(0x00007f7128792000,0x00007f7128893000)]
  0x00007f71a10f7800 JavaThread "ResourceGC thread 0" daemon [_thread_blocked, id=28929, stack(0x00007f7128893000,0x00007f7128994000)]
  0x00007f7124001800 JavaThread "notificator-[Stereo Vision 1 /dev/video0]" daemon [_thread_blocked, id=28925, stack(0x00007f712b6bd000,0x00007f712b7be000)]
  0x00007f71a0834000 JavaThread "JavaCPP Deallocator" daemon [_thread_blocked, id=28924, stack(0x00007f715142e000,0x00007f715152f000)]
  0x00007f7140001800 JavaThread "webcam-panel-scheduled-executor-1" daemon [_thread_blocked, id=28923, stack(0x00007f7150e1f000,0x00007f7150f20000)]
  0x00007f71a00e4000 JavaThread "AWT-EventQueue-0" [_thread_blocked, id=28922, stack(0x00007f7150f20000,0x00007f7151021000)]
  0x00007f71a00e3800 JavaThread "AWT-Shutdown" [_thread_blocked, id=28921, stack(0x00007f715122c000,0x00007f715132d000)]
  0x00007f714451f000 JavaThread "frames-refresher-[/dev/video0]" daemon [_thread_blocked, id=28920, stack(0x00007f715112b000,0x00007f715122c000)]
  0x00007f71a06f9800 JavaThread "webcam-lock-[Stereo Vision 1 /dev/video0]" daemon [_thread_blocked, id=28897, stack(0x00007f715132d000,0x00007f715142e000)]
  0x00007f71a06e1000 JavaThread "AWT-XAWT" daemon [_thread_in_native, id=28895, stack(0x00007f715152f000,0x00007f7151630000)]
  0x00007f71a06bc800 JavaThread "Java2D Disposer" daemon [_thread_blocked, id=28894, stack(0x00007f718c031000,0x00007f718c132000)]
  0x00007f71a0662000 JavaThread "webcam-discovery-service" daemon [_thread_blocked, id=28893, stack(0x00007f7151eba000,0x00007f7151fbb000)]
  0x00007f714c007000 JavaThread "atomic-processor-1" daemon [_thread_in_native, id=28892, stack(0x00007f717808f000,0x00007f7178190000)]
  0x00007f71a00c5800 JavaThread "Service Thread" daemon [_thread_blocked, id=28889, stack(0x00007f718cc9d000,0x00007f718cd9e000)]
  0x00007f71a00c2000 JavaThread "C1 CompilerThread2" daemon [_thread_in_native, id=28888, stack(0x00007f718cd9e000,0x00007f718ce9f000)]
  0x00007f71a00c0800 JavaThread "C2 CompilerThread1" daemon [_thread_blocked, id=28887, stack(0x00007f718ce9f000,0x00007f718cfa0000)]
  0x00007f71a00bd800 JavaThread "C2 CompilerThread0" daemon [_thread_in_native, id=28886, stack(0x00007f718cfa0000,0x00007f718d0a1000)]
  0x00007f71a00bc000 JavaThread "Signal Dispatcher" daemon [_thread_blocked, id=28885, stack(0x00007f718d0a1000,0x00007f718d1a2000)]
  0x00007f71a0089000 JavaThread "Finalizer" daemon [_thread_blocked, id=28884, stack(0x00007f718d383000,0x00007f718d484000)]
  0x00007f71a0084000 JavaThread "Reference Handler" daemon [_thread_blocked, id=28883, stack(0x00007f718d484000,0x00007f718d585000)]
=>0x00007f71a000f000 JavaThread "main" [_thread_in_native, id=28877, stack(0x00007f71a613b000,0x00007f71a623c000)]

Other Threads:
  0x00007f71a007c800 VMThread [stack: 0x00007f718d585000,0x00007f718d686000] [id=28882]
  0x00007f71a00c8800 WatcherThread [stack: 0x00007f718cb9c000,0x00007f718cc9d000] [id=28890]

VM state:not at safepoint (normal execution)

VM Mutex/Monitor currently owned by a thread:  ([mutex/lock_event])
[0x00007f71a000bce0] Compile_lock - owner thread: 0x0000000000000000

Heap:
 PSYoungGen      total 126976K, used 3229K [0x00000000d6600000, 0x00000000def80000, 0x0000000100000000)
  eden space 117248K, 2% used [0x00000000d6600000,0x00000000d69277d8,0x00000000dd880000)
  from space 9728K, 0% used [0x00000000ddc80000,0x00000000ddc80000,0x00000000de600000)
  to   space 9728K, 0% used [0x00000000de600000,0x00000000de600000,0x00000000def80000)
 ParOldGen       total 48640K, used 4436K [0x0000000083200000, 0x0000000086180000, 0x00000000d6600000)
  object space 48640K, 9% used [0x0000000083200000,0x0000000083655340,0x0000000086180000)
 Metaspace       used 21374K, capacity 21551K, committed 21808K, reserved 1069056K
  class space    used 2280K, capacity 2374K, committed 2432K, reserved 1048576K

Card table byte_map: [0x00007f718f9c4000,0x00007f718fdac000] byte_map_base: 0x00007f718f5ab000

Marking Bits: (ParMarkBitMap*) 0x00007f71a564e100
 Begin Bits: [0x00007f7178190000, 0x00007f717a0c8000)
 End Bits:   [0x00007f717a0c8000, 0x00007f717c000000)

Polling page: 0x00007f71a6274000

CodeCache: size=245760Kb used=5019Kb max_used=5019Kb free=240740Kb
 bounds [0x00007f719016c000, 0x00007f719065c000, 0x00007f719f16c000]
 total_blobs=2324 nmethods=1416 adapters=824
 compilation: enabled

Compilation events (10 events):
Event: 9.245 Thread 0x00007f71a00c2000 1406       3       org.nd4j.linalg.factory.Nd4j::getExecutioner (4 bytes)
Event: 9.246 Thread 0x00007f71a00c2000 nmethod 1406 0x00007f719064aa50 code [0x00007f719064aba0, 0x00007f719064acf0]
Event: 9.246 Thread 0x00007f71a00c2000 1407       3       org.nd4j.linalg.api.ndarray.BaseNDArray::putScalar (8 bytes)
Event: 9.246 Thread 0x00007f71a00c2000 nmethod 1407 0x00007f7190651010 code [0x00007f7190651180, 0x00007f7190651388]
Event: 9.246 Thread 0x00007f71a00c2000 1409       3       org.nd4j.linalg.api.ndarray.BaseNDArray::putScalar (116 bytes)
Event: 9.248 Thread 0x00007f71a00c0800 1427       4       org.nd4j.linalg.jcublas.buffer.BaseCudaDataBuffer::getInt (13 bytes)
Event: 9.317 Thread 0x00007f71a00c2000 nmethod 1409 0x00007f7190651450 code [0x00007f7190651760, 0x00007f7190652f38]
Event: 9.317 Thread 0x00007f71a00c2000 1432       1       org.nd4j.linalg.factory.Nd4j::getExecutioner (4 bytes)
Event: 9.317 Thread 0x00007f71a00c2000 nmethod 1432 0x00007f7190653890 code [0x00007f71906539e0, 0x00007f7190653ad0]
Event: 9.317 Thread 0x00007f71a00c2000 1418       3       org.nd4j.linalg.api.buffer.BaseDataBuffer::put (241 bytes)

GC Heap History (10 events):
Event: 9.013 GC heap before
{Heap before GC invocations=6 (full 1):
 PSYoungGen      total 70656K, used 4529K [0x00000000d6600000, 0x00000000df800000, 0x0000000100000000)
  eden space 65536K, 0% used [0x00000000d6600000,0x00000000d6600000,0x00000000da600000)
  from space 5120K, 88% used [0x00000000da600000,0x00000000daa6c558,0x00000000dab00000)
  to   space 9216K, 0% used [0x00000000def00000,0x00000000def00000,0x00000000df800000)
 ParOldGen       total 86016K, used 4843K [0x0000000083200000, 0x0000000088600000, 0x00000000d6600000)
  object space 86016K, 5% used [0x0000000083200000,0x00000000836bad50,0x0000000088600000)
 Metaspace       used 20914K, capacity 21039K, committed 21296K, reserved 1069056K
  class space    used 2242K, capacity 2310K, committed 2432K, reserved 1048576K
Event: 9.060 GC heap after
Heap after GC invocations=6 (full 1):
 PSYoungGen      total 70656K, used 0K [0x00000000d6600000, 0x00000000df800000, 0x0000000100000000)
  eden space 65536K, 0% used [0x00000000d6600000,0x00000000d6600000,0x00000000da600000)
  from space 5120K, 0% used [0x00000000da600000,0x00000000da600000,0x00000000dab00000)
  to   space 9216K, 0% used [0x00000000def00000,0x00000000def00000,0x00000000df800000)
 ParOldGen       total 48640K, used 4908K [0x0000000083200000, 0x0000000086180000, 0x00000000d6600000)
  object space 48640K, 10% used [0x0000000083200000,0x00000000836cb3e0,0x0000000086180000)
 Metaspace       used 20914K, capacity 21039K, committed 21296K, reserved 1069056K
  class space    used 2242K, capacity 2310K, committed 2432K, reserved 1048576K
}
Event: 9.103 GC heap before
{Heap before GC invocations=7 (full 1):
 PSYoungGen      total 70656K, used 1841K [0x00000000d6600000, 0x00000000df800000, 0x0000000100000000)
  eden space 65536K, 2% used [0x00000000d6600000,0x00000000d67cc468,0x00000000da600000)
  from space 5120K, 0% used [0x00000000da600000,0x00000000da600000,0x00000000dab00000)
  to   space 9216K, 0% used [0x00000000def00000,0x00000000def00000,0x00000000df800000)
 ParOldGen       total 48640K, used 4908K [0x0000000083200000, 0x0000000086180000, 0x00000000d6600000)
  object space 48640K, 10% used [0x0000000083200000,0x00000000836cb3e0,0x0000000086180000)
 Metaspace       used 20963K, capacity 21135K, committed 21552K, reserved 1069056K
  class space    used 2246K, capacity 2342K, committed 2432K, reserved 1048576K
Event: 9.106 GC heap after
Heap after GC invocations=7 (full 1):
 PSYoungGen      total 117760K, used 321K [0x00000000d6600000, 0x00000000def80000, 0x0000000100000000)
  eden space 117248K, 0% used [0x00000000d6600000,0x00000000d6600000,0x00000000dd880000)
  from space 512K, 62% used [0x00000000def00000,0x00000000def50410,0x00000000def80000)
  to   space 9728K, 0% used [0x00000000ddc80000,0x00000000ddc80000,0x00000000de600000)
 ParOldGen       total 48640K, used 4908K [0x0000000083200000, 0x0000000086180000, 0x00000000d6600000)
  object space 48640K, 10% used [0x0000000083200000,0x00000000836cb3e0,0x0000000086180000)
 Metaspace       used 20963K, capacity 21135K, committed 21552K, reserved 1069056K
  class space    used 2246K, capacity 2342K, committed 2432K, reserved 1048576K
}
Event: 9.106 GC heap before
{Heap before GC invocations=8 (full 2):
 PSYoungGen      total 117760K, used 321K [0x00000000d6600000, 0x00000000def80000, 0x0000000100000000)
  eden space 117248K, 0% used [0x00000000d6600000,0x00000000d6600000,0x00000000dd880000)
  from space 512K, 62% used [0x00000000def00000,0x00000000def50410,0x00000000def80000)
  to   space 9728K, 0% used [0x00000000ddc80000,0x00000000ddc80000,0x00000000de600000)
 ParOldGen       total 48640K, used 4908K [0x0000000083200000, 0x0000000086180000, 0x00000000d6600000)
  object space 48640K, 10% used [0x0000000083200000,0x00000000836cb3e0,0x0000000086180000)
 Metaspace       used 20963K, capacity 21135K, committed 21552K, reserved 1069056K
  class space    used 2246K, capacity 2342K, committed 2432K, reserved 1048576K
Event: 9.155 GC heap after
Heap after GC invocations=8 (full 2):
 PSYoungGen      total 117760K, used 0K [0x00000000d6600000, 0x00000000def80000, 0x0000000100000000)
  eden space 117248K, 0% used [0x00000000d6600000,0x00000000d6600000,0x00000000dd880000)
  from space 512K, 0% used [0x00000000def00000,0x00000000def00000,0x00000000def80000)
  to   space 9728K, 0% used [0x00000000ddc80000,0x00000000ddc80000,0x00000000de600000)
 ParOldGen       total 48640K, used 4200K [0x0000000083200000, 0x0000000086180000, 0x00000000d6600000)
  object space 48640K, 8% used [0x0000000083200000,0x000000008361a128,0x0000000086180000)
 Metaspace       used 20963K, capacity 21135K, committed 21552K, reserved 1069056K
  class space    used 2246K, capacity 2342K, committed 2432K, reserved 1048576K
}
Event: 9.256 GC heap before
{Heap before GC invocations=9 (full 2):
 PSYoungGen      total 117760K, used 6549K [0x00000000d6600000, 0x00000000def80000, 0x0000000100000000)
  eden space 117248K, 5% used [0x00000000d6600000,0x00000000d6c65558,0x00000000dd880000)
  from space 512K, 0% used [0x00000000def00000,0x00000000def00000,0x00000000def80000)
  to   space 9728K, 0% used [0x00000000ddc80000,0x00000000ddc80000,0x00000000de600000)
 ParOldGen       total 48640K, used 4200K [0x0000000083200000, 0x0000000086180000, 0x00000000d6600000)
  object space 48640K, 8% used [0x0000000083200000,0x000000008361a128,0x0000000086180000)
 Metaspace       used 21373K, capacity 21551K, committed 21808K, reserved 1069056K
  class space    used 2280K, capacity 2374K, committed 2432K, reserved 1048576K
Event: 9.262 GC heap after
Heap after GC invocations=9 (full 2):
 PSYoungGen      total 126976K, used 1057K [0x00000000d6600000, 0x00000000def80000, 0x0000000100000000)
  eden space 117248K, 0% used [0x00000000d6600000,0x00000000d6600000,0x00000000dd880000)
  from space 9728K, 10% used [0x00000000ddc80000,0x00000000ddd885e8,0x00000000de600000)
  to   space 9728K, 0% used [0x00000000de600000,0x00000000de600000,0x00000000def80000)
 ParOldGen       total 48640K, used 4208K [0x0000000083200000, 0x0000000086180000, 0x00000000d6600000)
  object space 48640K, 8% used [0x0000000083200000,0x000000008361c128,0x0000000086180000)
 Metaspace       used 21373K, capacity 21551K, committed 21808K, reserved 1069056K
  class space    used 2280K, capacity 2374K, committed 2432K, reserved 1048576K
}
Event: 9.262 GC heap before
{Heap before GC invocations=10 (full 3):
 PSYoungGen      total 126976K, used 1057K [0x00000000d6600000, 0x00000000def80000, 0x0000000100000000)
  eden space 117248K, 0% used [0x00000000d6600000,0x00000000d6600000,0x00000000dd880000)
  from space 9728K, 10% used [0x00000000ddc80000,0x00000000ddd885e8,0x00000000de600000)
  to   space 9728K, 0% used [0x00000000de600000,0x00000000de600000,0x00000000def80000)
 ParOldGen       total 48640K, used 4208K [0x0000000083200000, 0x0000000086180000, 0x00000000d6600000)
  object space 48640K, 8% used [0x0000000083200000,0x000000008361c128,0x0000000086180000)
 Metaspace       used 21373K, capacity 21551K, committed 21808K, reserved 1069056K
  class space    used 2280K, capacity 2374K, committed 2432K, reserved 1048576K
Event: 9.316 GC heap after
Heap after GC invocations=10 (full 3):
 PSYoungGen      total 126976K, used 0K [0x00000000d6600000, 0x00000000def80000, 0x0000000100000000)
  eden space 117248K, 0% used [0x00000000d6600000,0x00000000d6600000,0x00000000dd880000)
  from space 9728K, 0% used [0x00000000ddc80000,0x00000000ddc80000,0x00000000de600000)
  to   space 9728K, 0% used [0x00000000de600000,0x00000000de600000,0x00000000def80000)
 ParOldGen       total 48640K, used 4436K [0x0000000083200000, 0x0000000086180000, 0x00000000d6600000)
  object space 48640K, 9% used [0x0000000083200000,0x0000000083655340,0x0000000086180000)
 Metaspace       used 21373K, capacity 21551K, committed 21808K, reserved 1069056K
  class space    used 2280K, capacity 2374K, committed 2432K, reserved 1048576K
}

Deoptimization events (10 events):
Event: 7.680 Thread 0x00007f71a000f000 Uncommon trap: reason=class_check action=maybe_recompile pc=0x00007f719057a648 method=java.util.regex.Pattern$CharProperty.match(Ljava/util/regex/Matcher;ILjava/lang/CharSequence;)Z @ 37
Event: 7.686 Thread 0x00007f71a000f000 Uncommon trap: reason=class_check action=maybe_recompile pc=0x00007f719057a648 method=java.util.regex.Pattern$CharProperty.match(Ljava/util/regex/Matcher;ILjava/lang/CharSequence;)Z @ 37
Event: 7.686 Thread 0x00007f71a000f000 Uncommon trap: reason=class_check action=maybe_recompile pc=0x00007f719057a648 method=java.util.regex.Pattern$CharProperty.match(Ljava/util/regex/Matcher;ILjava/lang/CharSequence;)Z @ 37
Event: 7.700 Thread 0x00007f71a000f000 Uncommon trap: reason=unstable_if action=reinterpret pc=0x00007f719059747c method=java.util.regex.Pattern$CharProperty.match(Ljava/util/regex/Matcher;ILjava/lang/CharSequence;)Z @ 40
Event: 7.920 Thread 0x00007f71a000f000 Uncommon trap: reason=class_check action=maybe_recompile pc=0x00007f71905c47ac method=java.util.regex.Pattern$Curly.match0(Ljava/util/regex/Matcher;IILjava/lang/CharSequence;)Z @ 31
Event: 7.920 Thread 0x00007f71a000f000 Uncommon trap: reason=class_check action=maybe_recompile pc=0x00007f71905c47ac method=java.util.regex.Pattern$Curly.match0(Ljava/util/regex/Matcher;IILjava/lang/CharSequence;)Z @ 31
Event: 7.920 Thread 0x00007f71a000f000 Uncommon trap: reason=class_check action=maybe_recompile pc=0x00007f71905bd348 method=java.util.regex.Pattern$CharProperty.match(Ljava/util/regex/Matcher;ILjava/lang/CharSequence;)Z @ 18
Event: 8.883 Thread 0x00007f714c007000 Uncommon trap: reason=class_check action=maybe_recompile pc=0x00007f71905c47ac method=java.util.regex.Pattern$Curly.match0(Ljava/util/regex/Matcher;IILjava/lang/CharSequence;)Z @ 31
Event: 8.883 Thread 0x00007f714c007000 Uncommon trap: reason=class_check action=maybe_recompile pc=0x00007f71905bd348 method=java.util.regex.Pattern$CharProperty.match(Ljava/util/regex/Matcher;ILjava/lang/CharSequence;)Z @ 18
Event: 8.883 Thread 0x00007f714c007000 Uncommon trap: reason=class_check action=maybe_recompile pc=0x00007f71905c47ac method=java.util.regex.Pattern$Curly.match0(Ljava/util/regex/Matcher;IILjava/lang/CharSequence;)Z @ 31

Internal exceptions (10 events):
Event: 1.029 Thread 0x00007f714c007000 Exception <a 'java/lang/ArrayIndexOutOfBoundsException'> (0x00000000d79771a0) thrown at [/HUDSON/workspace/8-2-build-linux-amd64/jdk8u72/5732/hotspot/src/share/vm/runtime/sharedRuntime.cpp, line 605]
Event: 1.029 Thread 0x00007f714c007000 Exception <a 'java/lang/ArrayIndexOutOfBoundsException'> (0x00000000d7977c60) thrown at [/HUDSON/workspace/8-2-build-linux-amd64/jdk8u72/5732/hotspot/src/share/vm/runtime/sharedRuntime.cpp, line 605]
Event: 1.126 Thread 0x00007f714c007000 Exception <a 'java/lang/ArrayIndexOutOfBoundsException': 76> (0x00000000d797c6a8) thrown at [/HUDSON/workspace/8-2-build-linux-amd64/jdk8u72/5732/hotspot/src/share/vm/interpreter/interpreterRuntime.cpp, line 366]
Event: 1.126 Thread 0x00007f714c007000 Exception <a 'java/lang/NoSuchMethodError': getNumDevices> (0x00000000d797f7f0) thrown at [/HUDSON/workspace/8-2-build-linux-amd64/jdk8u72/5732/hotspot/src/share/vm/prims/jni.cpp, line 1591]
Event: 1.126 Thread 0x00007f714c007000 Exception <a 'java/lang/NoSuchMethodError': getDevice> (0x00000000d797fa50) thrown at [/HUDSON/workspace/8-2-build-linux-amd64/jdk8u72/5732/hotspot/src/share/vm/prims/jni.cpp, line 1591]
Event: 1.127 Thread 0x00007f714c007000 Exception <a 'java/lang/ArrayIndexOutOfBoundsException': 39> (0x00000000d7982d80) thrown at [/HUDSON/workspace/8-2-build-linux-amd64/jdk8u72/5732/hotspot/src/share/vm/interpreter/interpreterRuntime.cpp, line 366]
Event: 1.127 Thread 0x00007f714c007000 Exception <a 'java/lang/ArrayIndexOutOfBoundsException': 39> (0x00000000d79855b0) thrown at [/HUDSON/workspace/8-2-build-linux-amd64/jdk8u72/5732/hotspot/src/share/vm/interpreter/interpreterRuntime.cpp, line 366]
Event: 1.128 Thread 0x00007f714c007000 Exception <a 'java/lang/NoSuchMethodError': getIdentifier> (0x00000000d7987560) thrown at [/HUDSON/workspace/8-2-build-linux-amd64/jdk8u72/5732/hotspot/src/share/vm/prims/jni.cpp, line 1591]
Event: 1.128 Thread 0x00007f714c007000 Exception <a 'java/lang/NoSuchMethodError': getName> (0x00000000d79877b8) thrown at [/HUDSON/workspace/8-2-build-linux-amd64/jdk8u72/5732/hotspot/src/share/vm/prims/jni.cpp, line 1591]
Event: 1.289 Thread 0x00007f71a000f000 Implicit null exception at 0x00007f7190402fb5 to 0x00007f7190403199

Events (10 events):
Event: 9.215 Thread 0x00007f70d4cee800 Thread added: 0x00007f70d4cee800
Event: 9.223 Thread 0x00007f70d4cfa800 Thread added: 0x00007f70d4cfa800
Event: 9.223 Executing VM operation: RevokeBias
Event: 9.223 Executing VM operation: RevokeBias done
Event: 9.223 Thread 0x00007f70d4cee800 Thread exited: 0x00007f70d4cee800
Event: 9.224 Executing VM operation: RevokeBias
Event: 9.225 Executing VM operation: RevokeBias done
Event: 9.225 Thread 0x00007f70d4cfa800 Thread exited: 0x00007f70d4cfa800
Event: 9.256 Executing VM operation: ParallelGCSystemGC
Event: 9.316 Executing VM operation: ParallelGCSystemGC done


Dynamic libraries:
00400000-00401000 r-xp 00000000 08:13 2771022                            /usr/lib/jvm/java-8-jdk/jre/bin/java
00600000-00601000 rw-p 00000000 08:13 2771022                            /usr/lib/jvm/java-8-jdk/jre/bin/java
015d9000-015fa000 rw-p 00000000 00:00 0                                  [heap]
83200000-86180000 rw-p 00000000 00:00 0 
86180000-d6600000 ---p 00000000 00:00 0 
d6600000-def80000 rw-p 00000000 00:00 0 
def80000-100000000 ---p 00000000 00:00 0 
100000000-100260000 rw-p 00000000 00:00 0 
100260000-140000000 ---p 00000000 00:00 0 
200000000-200100000 rw-s 3fda2000 00:06 15538                            /dev/nvidiactl
200100000-200104000 rw-s 5874a000 00:06 15538                            /dev/nvidiactl
200104000-200120000 ---p 00000000 00:00 0 
200120000-200520000 rw-s 5874e000 00:06 15538                            /dev/nvidiactl
200520000-200524000 rw-s 84aff000 00:06 15538                            /dev/nvidiactl
200524000-200540000 ---p 00000000 00:00 0 
200540000-200940000 rw-s 50971000 00:06 15538                            /dev/nvidiactl
200940000-200944000 rw-s 84ff4000 00:06 15538                            /dev/nvidiactl
200944000-200960000 ---p 00000000 00:00 0 
200960000-200d60000 rw-s 83740000 00:06 15538                            /dev/nvidiactl
200d60000-200d64000 rw-s 5656d000 00:06 15538                            /dev/nvidiactl
200d64000-200d80000 ---p 00000000 00:00 0 
200d80000-201180000 rw-s 376a3000 00:06 15538                            /dev/nvidiactl
201180000-201184000 rw-s 84f66000 00:06 15538                            /dev/nvidiactl
201184000-2011a0000 ---p 00000000 00:00 0 
2011a0000-2015a0000 rw-s 84f72000 00:06 15538                            /dev/nvidiactl
2015a0000-2015a4000 rw-s 55881000 00:06 15538                            /dev/nvidiactl
2015a4000-2015c0000 ---p 00000000 00:00 0 
2015c0000-2019c0000 rw-s 55897000 00:06 15538                            /dev/nvidiactl
2019c0000-2019c4000 rw-s 8479a000 00:06 15538                            /dev/nvidiactl
2019c4000-2019e0000 ---p 00000000 00:00 0 
2019e0000-201de0000 rw-s 847a7000 00:06 15538                            /dev/nvidiactl
201de0000-201de4000 rw-s 83a34000 00:06 15538                            /dev/nvidiactl
201de4000-201e00000 ---p 00000000 00:00 0 
201e00000-202200000 rw-s 82e8a000 00:06 15538                            /dev/nvidiactl
202200000-202204000 rw-s 8470e000 00:06 15538                            /dev/nvidiactl
202204000-202220000 ---p 00000000 00:00 0 
202220000-202620000 rw-s 8471b000 00:06 15538                            /dev/nvidiactl
202620000-202624000 rw-s 55a38000 00:06 15538                            /dev/nvidiactl
202624000-202640000 ---p 00000000 00:00 0 
202640000-202a40000 rw-s 55a47000 00:06 15538                            /dev/nvidiactl
202a40000-202a44000 rw-s 57fd2000 00:06 15538                            /dev/nvidiactl
202a44000-202a60000 ---p 00000000 00:00 0 
202a60000-202e60000 rw-s 57fde000 00:06 15538                            /dev/nvidiactl
202e60000-202e64000 rw-s 90aeb000 00:06 15538                            /dev/nvidiactl
202e64000-202e80000 ---p 00000000 00:00 0 
202e80000-203280000 rw-s 90af7000 00:06 15538                            /dev/nvidiactl
203280000-203284000 rw-s 84b04000 00:06 15538                            /dev/nvidiactl
203284000-2032a0000 ---p 00000000 00:00 0 
2032a0000-2036a0000 rw-s 84b10000 00:06 15538                            /dev/nvidiactl
2036a0000-2036a4000 rw-s 8332d000 00:06 15538                            /dev/nvidiactl
2036a4000-2036c0000 ---p 00000000 00:00 0 
2036c0000-203ac0000 rw-s 83339000 00:06 15538                            /dev/nvidiactl
203ac0000-203ac4000 rw-s 83846000 00:06 15538                            /dev/nvidiactl
203ac4000-203ae0000 ---p 00000000 00:00 0 
203ae0000-203ee0000 rw-s 83852000 00:06 15538                            /dev/nvidiactl
203ee0000-203ee4000 rw-s 84d60000 00:06 15538                            /dev/nvidiactl
203ee4000-203f00000 ---p 00000000 00:00 0 
203f00000-204300000 rw-s 84d6c000 00:06 15538                            /dev/nvidiactl
204300000-204400000 rw-s 83280000 00:06 15538                            /dev/nvidiactl
204400000-204500000 rw-s 6818c000 00:06 15538                            /dev/nvidiactl
204500000-204600000 rw-s 67997000 00:06 15538                            /dev/nvidiactl
204600000-204700000 rw-s 84099000 00:06 15538                            /dev/nvidiactl
204700000-204800000 rw-s 8419c000 00:06 15538                            /dev/nvidiactl
204800000-204900000 rw-s 556a0000 00:06 15538                            /dev/nvidiactl
204900000-2049e0000 rw-s 557a5000 00:06 15538                            /dev/nvidiactl
2049e0000-204ae0000 rw-s 00000000 00:05 8313493                          /dev/zero (deleted)
204ae0000-204be0000 rw-s 00000000 00:05 8312544                          /dev/zero (deleted)
204be0000-700000000 ---p 00000000 00:00 0 
7f70d4000000-7f70d4d43000 rw-p 00000000 00:00 0 
7f70d4d43000-7f70d8000000 ---p 00000000 00:00 0 
7f70dc000000-7f70e0000000 rw-p 00000000 00:00 0 
7f70e0000000-7f70e3fec000 rw-p 00000000 00:00 0 
7f70e3fec000-7f70e4000000 ---p 00000000 00:00 0 
7f70e4a92000-7f70e7ddc000 r-xp 00000000 08:13 1842509                    /opt/cuda/lib64/libcusolver.so.8.0.61
7f70e7ddc000-7f70e7fdb000 ---p 0334a000 08:13 1842509                    /opt/cuda/lib64/libcusolver.so.8.0.61
7f70e7fdb000-7f70e7ff1000 rw-p 03349000 08:13 1842509                    /opt/cuda/lib64/libcusolver.so.8.0.61
7f70e7ff1000-7f70e8000000 rw-p 00000000 00:00 0 
7f70e8000000-7f70e8021000 rw-p 00000000 00:00 0 
7f70e8021000-7f70ec000000 ---p 00000000 00:00 0 
7f70ec000000-7f70f0000000 rw-p 00000000 00:00 0 
7f70f0000000-7f70f0021000 rw-p 00000000 00:00 0 
7f70f0021000-7f70f4000000 ---p 00000000 00:00 0 
7f70f4000000-7f70f4021000 rw-p 00000000 00:00 0 
7f70f4021000-7f70f8000000 ---p 00000000 00:00 0 
7f70f8000000-7f70fc000000 rw-p 00000000 00:00 0 
7f70fc000000-7f70fc021000 rw-p 00000000 00:00 0 
7f70fc021000-7f7100000000 ---p 00000000 00:00 0 
7f7100000000-7f7103ffb000 rw-p 00000000 00:00 0 
7f7103ffb000-7f7104000000 ---p 00000000 00:00 0 
7f71043b2000-7f7108000000 rw-p 00000000 00:00 0 
7f7108000000-7f7108021000 rw-p 00000000 00:00 0 
7f7108021000-7f710c000000 ---p 00000000 00:00 0 
7f710c1c2000-7f710c1c5000 ---p 00000000 00:00 0 
7f710c1c5000-7f710c2c3000 rwxp 00000000 00:00 0 
7f710c2c3000-7f710c2c6000 ---p 00000000 00:00 0 
7f710c2c6000-7f710c3c4000 rwxp 00000000 00:00 0 
7f710c3c4000-7f710c3c7000 ---p 00000000 00:00 0 
7f710c3c7000-7f710c4c5000 rwxp 00000000 00:00 0 
7f710c4c5000-7f710edb6000 r-xp 00000000 08:13 1842514                    /opt/cuda/lib64/libcusparse.so.8.0.61
7f710edb6000-7f710efb6000 ---p 028f1000 08:13 1842514                    /opt/cuda/lib64/libcusparse.so.8.0.61
7f710efb6000-7f710efcf000 rw-p 028f1000 08:13 1842514                    /opt/cuda/lib64/libcusparse.so.8.0.61
7f710efcf000-7f710f426000 rw-p 00000000 00:00 0 
7f710f468000-7f710f46b000 ---p 00000000 00:00 0 
7f710f46b000-7f710f569000 rwxp 00000000 00:00 0 
7f710f569000-7f710f56c000 ---p 00000000 00:00 0 
7f710f56c000-7f710f66a000 rwxp 00000000 00:00 0 
7f710f66a000-7f710f66d000 ---p 00000000 00:00 0 
7f710f66d000-7f710f76b000 rwxp 00000000 00:00 0 
7f710f76b000-7f710f76e000 ---p 00000000 00:00 0 
7f710f76e000-7f710f86c000 rwxp 00000000 00:00 0 
7f710f86c000-7f710fc36000 rw-p 00000000 00:00 0 
7f710fc74000-7f710fdff000 r-xp 00000000 08:13 395196                     /home/jessica/.javacpp/cache/cuda-8.0-1.3-linux-x86_64.jar/org/bytedeco/javacpp/linux-x86_64/libjnicusparse.so
7f710fdff000-7f710fffe000 ---p 0018b000 08:13 395196                     /home/jessica/.javacpp/cache/cuda-8.0-1.3-linux-x86_64.jar/org/bytedeco/javacpp/linux-x86_64/libjnicusparse.so
7f710fffe000-7f7110000000 rw-p 0018a000 08:13 395196                     /home/jessica/.javacpp/cache/cuda-8.0-1.3-linux-x86_64.jar/org/bytedeco/javacpp/linux-x86_64/libjnicusparse.so
7f7110000000-7f7110021000 rw-p 00000000 00:00 0 
7f7110021000-7f7114000000 ---p 00000000 00:00 0 
7f7114054000-7f71140fd000 r-xp 00000000 08:13 395197                     /home/jessica/.javacpp/cache/cuda-8.0-1.3-linux-x86_64.jar/org/bytedeco/javacpp/linux-x86_64/libjnicusolver.so
7f71140fd000-7f71142fd000 ---p 000a9000 08:13 395197                     /home/jessica/.javacpp/cache/cuda-8.0-1.3-linux-x86_64.jar/org/bytedeco/javacpp/linux-x86_64/libjnicusolver.so
7f71142fd000-7f71142fe000 rw-p 000a9000 08:13 395197                     /home/jessica/.javacpp/cache/cuda-8.0-1.3-linux-x86_64.jar/org/bytedeco/javacpp/linux-x86_64/libjnicusolver.so
7f71142fe000-7f711466a000 rw-p 00000000 00:00 0 
7f71146d5000-7f71146d8000 ---p 00000000 00:00 0 
7f71146d8000-7f71147d6000 rwxp 00000000 00:00 0 
7f71147d6000-7f71148c2000 rw-p 00000000 00:00 0 
7f71148c2000-7f71149d6000 ---p 00000000 00:00 0 
7f71149d6000-7f7117242000 r-xp 00000000 08:13 1842528                    /opt/cuda/lib64/libcublas.so.8.0.61
7f7117242000-7f7117442000 ---p 0286c000 08:13 1842528                    /opt/cuda/lib64/libcublas.so.8.0.61
7f7117442000-7f711745f000 rw-p 0286c000 08:13 1842528                    /opt/cuda/lib64/libcublas.so.8.0.61
7f711745f000-7f711746e000 rw-p 00000000 00:00 0 
7f711746e000-7f711754e000 r-xp 00000000 08:13 395195                     /home/jessica/.javacpp/cache/cuda-8.0-1.3-linux-x86_64.jar/org/bytedeco/javacpp/linux-x86_64/libjnicublas.so
7f711754e000-7f711774e000 ---p 000e0000 08:13 395195                     /home/jessica/.javacpp/cache/cuda-8.0-1.3-linux-x86_64.jar/org/bytedeco/javacpp/linux-x86_64/libjnicublas.so
7f711774e000-7f7117750000 rw-p 000e0000 08:13 395195                     /home/jessica/.javacpp/cache/cuda-8.0-1.3-linux-x86_64.jar/org/bytedeco/javacpp/linux-x86_64/libjnicublas.so
7f7117750000-7f711fdd4000 r-xp 00000000 08:13 3545020                    /home/jessica/.javacpp/cache/nd4j-cuda-8.0-0.8.0-linux-x86_64.jar/org/nd4j/nativeblas/linux-x86_64/libnd4jcuda.so
7f711fdd4000-7f711ffd3000 ---p 08684000 08:13 3545020                    /home/jessica/.javacpp/cache/nd4j-cuda-8.0-0.8.0-linux-x86_64.jar/org/nd4j/nativeblas/linux-x86_64/libnd4jcuda.so
7f711ffd3000-7f711ffec000 rw-p 08683000 08:13 3545020                    /home/jessica/.javacpp/cache/nd4j-cuda-8.0-0.8.0-linux-x86_64.jar/org/nd4j/nativeblas/linux-x86_64/libnd4jcuda.so
7f711ffec000-7f7120000000 rw-p 00000000 00:00 0 
7f7120000000-7f7120021000 rw-p 00000000 00:00 0 
7f7120021000-7f7124000000 ---p 00000000 00:00 0 
7f7124000000-7f7124021000 rw-p 00000000 00:00 0 
7f7124021000-7f7128000000 ---p 00000000 00:00 0 
7f7128033000-7f7128095000 r-xp 00000000 08:13 1842519                    /opt/cuda/lib64/libcudart.so.8.0.61
7f7128095000-7f7128295000 ---p 00062000 08:13 1842519                    /opt/cuda/lib64/libcudart.so.8.0.61
7f7128295000-7f7128298000 rw-p 00062000 08:13 1842519                    /opt/cuda/lib64/libcudart.so.8.0.61
7f7128298000-7f7128299000 rw-p 00000000 00:00 0 
7f71282d0000-7f712838f000 r-xp 00000000 08:13 395194                     /home/jessica/.javacpp/cache/cuda-8.0-1.3-linux-x86_64.jar/org/bytedeco/javacpp/linux-x86_64/libjnicuda.so
7f712838f000-7f712858e000 ---p 000bf000 08:13 395194                     /home/jessica/.javacpp/cache/cuda-8.0-1.3-linux-x86_64.jar/org/bytedeco/javacpp/linux-x86_64/libjnicuda.so
7f712858e000-7f7128590000 rw-p 000be000 08:13 395194                     /home/jessica/.javacpp/cache/cuda-8.0-1.3-linux-x86_64.jar/org/bytedeco/javacpp/linux-x86_64/libjnicuda.so
7f7128590000-7f7128593000 ---p 00000000 00:00 0 
7f7128593000-7f7128691000 rwxp 00000000 00:00 0 
7f7128691000-7f7128694000 ---p 00000000 00:00 0 
7f7128694000-7f7128792000 rwxp 00000000 00:00 0 
7f7128792000-7f7128795000 ---p 00000000 00:00 0 
7f7128795000-7f7128893000 rwxp 00000000 00:00 0 
7f7128893000-7f7128896000 ---p 00000000 00:00 0 
7f7128896000-7f7128994000 rwxp 00000000 00:00 0 
7f7128994000-7f7128b94000 rw-p 00000000 00:00 0 
7f7128b94000-7f7128b95000 ---p 00000000 00:00 0 
7f7128b95000-7f7129395000 rwxp 00000000 00:00 0 
7f7129395000-7f7129396000 ---p 00000000 00:00 0 
7f7129396000-7f7129b96000 rwxp 00000000 00:00 0 
7f7129b96000-7f7129b97000 ---p 00000000 00:00 0 
7f7129b97000-7f712a397000 rwxp 00000000 00:00 0 
7f712a397000-7f712a3d9000 r-xp 00000000 08:13 2655842                    /usr/lib/libnvidia-fatbinaryloader.so.378.13
7f712a3d9000-7f712a5d8000 ---p 00042000 08:13 2655842                    /usr/lib/libnvidia-fatbinaryloader.so.378.13
7f712a5d8000-7f712a5e3000 rw-p 00041000 08:13 2655842                    /usr/lib/libnvidia-fatbinaryloader.so.378.13
7f712a5e3000-7f712a5e8000 rw-p 00000000 00:00 0 
7f712a5e8000-7f712ad15000 r-xp 00000000 08:13 2655869                    /usr/lib/libcuda.so.378.13
7f712ad15000-7f712af14000 ---p 0072d000 08:13 2655869                    /usr/lib/libcuda.so.378.13
7f712af14000-7f712b031000 rw-p 0072c000 08:13 2655869                    /usr/lib/libcuda.so.378.13
7f712b031000-7f712b03f000 rw-p 00000000 00:00 0 
7f712b03f000-7f712b0bd000 r-xp 00000000 08:13 3545021                    /home/jessica/.javacpp/cache/nd4j-cuda-8.0-0.8.0-linux-x86_64.jar/org/nd4j/nativeblas/linux-x86_64/libjnind4jcuda.so
7f712b0bd000-7f712b2bc000 ---p 0007e000 08:13 3545021                    /home/jessica/.javacpp/cache/nd4j-cuda-8.0-0.8.0-linux-x86_64.jar/org/nd4j/nativeblas/linux-x86_64/libjnind4jcuda.so
7f712b2bc000-7f712b2bd000 rw-p 0007d000 08:13 3545021                    /home/jessica/.javacpp/cache/nd4j-cuda-8.0-0.8.0-linux-x86_64.jar/org/nd4j/nativeblas/linux-x86_64/libjnind4jcuda.so
7f712b2bd000-7f712b4bd000 rw-p 00000000 00:00 0 
7f712b4bd000-7f712b6bd000 rw-p 00000000 00:00 0 
7f712b6bd000-7f712b6c0000 ---p 00000000 00:00 0 
7f712b6c0000-7f712b7be000 rwxp 00000000 00:00 0 
7f712b7be000-7f712b9be000 rw-p 00000000 00:00 0 
7f712b9be000-7f712bb93000 r-xp 00000000 08:13 3674978                    /home/jessica/.javacpp/cache/hdf5-1.10.0-patch1-1.3-linux-x86_64.jar/org/bytedeco/javacpp/linux-x86_64/libjnihdf5.so
7f712bb93000-7f712bd92000 ---p 001d5000 08:13 3674978                    /home/jessica/.javacpp/cache/hdf5-1.10.0-patch1-1.3-linux-x86_64.jar/org/bytedeco/javacpp/linux-x86_64/libjnihdf5.so
7f712bd92000-7f712bd96000 rw-p 001d4000 08:13 3674978                    /home/jessica/.javacpp/cache/hdf5-1.10.0-patch1-1.3-linux-x86_64.jar/org/bytedeco/javacpp/linux-x86_64/libjnihdf5.so
7f712bd96000-7f712bd97000 rw-p 00000000 00:00 0 
7f712bd97000-7f712bdfc000 r-xp 00000000 08:13 3674976                    /home/jessica/.javacpp/cache/hdf5-1.10.0-patch1-1.3-linux-x86_64.jar/org/bytedeco/javacpp/linux-x86_64/libhdf5_cpp.so.100
7f712bdfc000-7f712bffc000 ---p 00065000 08:13 3674976                    /home/jessica/.javacpp/cache/hdf5-1.10.0-patch1-1.3-linux-x86_64.jar/org/bytedeco/javacpp/linux-x86_64/libhdf5_cpp.so.100
7f712bffc000-7f712c000000 rw-p 00065000 08:13 3674976                    /home/jessica/.javacpp/cache/hdf5-1.10.0-patch1-1.3-linux-x86_64.jar/org/bytedeco/javacpp/linux-x86_64/libhdf5_cpp.so.100
7f712c000000-7f712c021000 rw-p 00000000 00:00 0 
7f712c021000-7f7130000000 ---p 00000000 00:00 0 
7f7130000000-7f7130021000 rw-p 00000000 00:00 0 
7f7130021000-7f7134000000 ---p 00000000 00:00 0 
7f7134000000-7f7134021000 rw-p 00000000 00:00 0 
7f7134021000-7f7138000000 ---p 00000000 00:00 0 
7f7138000000-7f7138021000 rw-p 00000000 00:00 0 
7f7138021000-7f713c000000 ---p 00000000 00:00 0 
7f713c000000-7f713c021000 rw-p 00000000 00:00 0 
7f713c021000-7f7140000000 ---p 00000000 00:00 0 
7f7140000000-7f7140021000 rw-p 00000000 00:00 0 
7f7140021000-7f7144000000 ---p 00000000 00:00 0 
7f7144000000-7f71445a5000 rw-p 00000000 00:00 0 
7f71445a5000-7f7148000000 ---p 00000000 00:00 0 
7f7148000000-7f7148021000 rw-p 00000000 00:00 0 
7f7148021000-7f714c000000 ---p 00000000 00:00 0 
7f714c000000-7f714c021000 rw-p 00000000 00:00 0 
7f714c021000-7f7150000000 ---p 00000000 00:00 0 
7f715000d000-7f715002d000 r-xp 00000000 08:13 3674974                    /home/jessica/.javacpp/cache/hdf5-1.10.0-patch1-1.3-linux-x86_64.jar/org/bytedeco/javacpp/linux-x86_64/libhdf5_hl.so.100
7f715002d000-7f715022c000 ---p 00020000 08:13 3674974                    /home/jessica/.javacpp/cache/hdf5-1.10.0-patch1-1.3-linux-x86_64.jar/org/bytedeco/javacpp/linux-x86_64/libhdf5_hl.so.100
7f715022c000-7f715022d000 rw-p 0001f000 08:13 3674974                    /home/jessica/.javacpp/cache/hdf5-1.10.0-patch1-1.3-linux-x86_64.jar/org/bytedeco/javacpp/linux-x86_64/libhdf5_hl.so.100
7f715022d000-7f715022e000 rw-p 00000000 00:00 0 
7f715022e000-7f7150244000 r-xp 00000000 08:13 2627691                    /usr/lib/libz.so.1.2.11
7f7150244000-7f7150443000 ---p 00016000 08:13 2627691                    /usr/lib/libz.so.1.2.11
7f7150443000-7f7150444000 r--p 00015000 08:13 2627691                    /usr/lib/libz.so.1.2.11
7f7150444000-7f7150445000 rw-p 00016000 08:13 2627691                    /usr/lib/libz.so.1.2.11
7f7150464000-7f7150465000 rw-s cfde7000 00:06 15541                      /dev/nvidia0
7f7150465000-7f7150466000 rw-s 83278000 00:06 15538                      /dev/nvidiactl
7f7150466000-7f7150467000 rw-s cfde7000 00:06 15541                      /dev/nvidia0
7f7150467000-7f7150468000 rw-s 84d5e000 00:06 15538                      /dev/nvidiactl
7f7150468000-7f7150469000 rw-s cfde7000 00:06 15541                      /dev/nvidia0
7f7150469000-7f715046a000 rw-s 83845000 00:06 15538                      /dev/nvidiactl
7f715046a000-7f715046b000 rw-s cfde7000 00:06 15541                      /dev/nvidia0
7f715046b000-7f715046c000 rw-s 8332c000 00:06 15538                      /dev/nvidiactl
7f715046c000-7f715046d000 rw-s cfde7000 00:06 15541                      /dev/nvidia0
7f715046d000-7f715046e000 rw-s 84b03000 00:06 15538                      /dev/nvidiactl
7f715046e000-7f715046f000 rw-s cfde7000 00:06 15541                      /dev/nvidia0
7f715046f000-7f7150470000 rw-s 90aea000 00:06 15538                      /dev/nvidiactl
7f7150470000-7f7150471000 rw-s cfde7000 00:06 15541                      /dev/nvidia0
7f7150471000-7f7150472000 rw-s 57fd1000 00:06 15538                      /dev/nvidiactl
7f7150472000-7f7150473000 rw-s cfde7000 00:06 15541                      /dev/nvidia0
7f7150473000-7f7150474000 rw-s 55a37000 00:06 15538                      /dev/nvidiactl
7f7150474000-7f7150475000 rw-s cfde6000 00:06 15541                      /dev/nvidia0
7f7150475000-7f7150476000 rw-s 8470c000 00:06 15538                      /dev/nvidiactl
7f7150476000-7f7150477000 rw-s cfde6000 00:06 15541                      /dev/nvidia0
7f7150477000-7f7150478000 rw-s 83a33000 00:06 15538                      /dev/nvidiactl
7f7150478000-7f7150479000 rw-s cfde6000 00:06 15541                      /dev/nvidia0
7f7150479000-7f715047a000 rw-s 84799000 00:06 15538                      /dev/nvidiactl
7f715047a000-7f715047b000 rw-s cfde6000 00:06 15541                      /dev/nvidia0
7f715047b000-7f715047c000 rw-s 55880000 00:06 15538                      /dev/nvidiactl
7f715047c000-7f71507e5000 r-xp 00000000 08:13 3674972                    /home/jessica/.javacpp/cache/hdf5-1.10.0-patch1-1.3-linux-x86_64.jar/org/bytedeco/javacpp/linux-x86_64/libhdf5.so.100
7f71507e5000-7f71509e4000 ---p 00369000 08:13 3674972                    /home/jessica/.javacpp/cache/hdf5-1.10.0-patch1-1.3-linux-x86_64.jar/org/bytedeco/javacpp/linux-x86_64/libhdf5.so.100
7f71509e4000-7f71509f5000 rw-p 00368000 08:13 3674972                    /home/jessica/.javacpp/cache/hdf5-1.10.0-patch1-1.3-linux-x86_64.jar/org/bytedeco/javacpp/linux-x86_64/libhdf5.so.100
7f71509f5000-7f71509f7000 rw-p 00000000 00:00 0 
7f71509f7000-7f7150a0d000 r-xp 00000000 08:13 2898237                    /usr/lib/jvm/java-8-jdk/jre/lib/amd64/libnet.so
7f7150a0d000-7f7150c0d000 ---p 00016000 08:13 2898237                    /usr/lib/jvm/java-8-jdk/jre/lib/amd64/libnet.so
7f7150c0d000-7f7150c0e000 rw-p 00016000 08:13 2898237                    /usr/lib/jvm/java-8-jdk/jre/lib/amd64/libnet.so
7f7150c0e000-7f7150c1f000 r-xp 00000000 08:13 2898215                    /usr/lib/jvm/java-8-jdk/jre/lib/amd64/libnio.so
7f7150c1f000-7f7150e1e000 ---p 00011000 08:13 2898215                    /usr/lib/jvm/java-8-jdk/jre/lib/amd64/libnio.so
7f7150e1e000-7f7150e1f000 rw-p 00010000 08:13 2898215                    /usr/lib/jvm/java-8-jdk/jre/lib/amd64/libnio.so
7f7150e1f000-7f7150e22000 ---p 00000000 00:00 0 
7f7150e22000-7f7150f20000 rwxp 00000000 00:00 0 
7f7150f20000-7f7150f23000 ---p 00000000 00:00 0 
7f7150f23000-7f7151021000 rwxp 00000000 00:00 0 
7f7151021000-7f7151047000 rw-s 00072000 00:06 1891                       /dev/video0
7f7151047000-7f715112b000 rw-p 00000000 00:00 0 
7f715112b000-7f715112e000 ---p 00000000 00:00 0 
7f715112e000-7f715122c000 rwxp 00000000 00:00 0 
7f715122c000-7f715122f000 ---p 00000000 00:00 0 
7f715122f000-7f715132d000 rwxp 00000000 00:00 0 
7f715132d000-7f7151330000 ---p 00000000 00:00 0 
7f7151330000-7f715142e000 rwxp 00000000 00:00 0 
7f715142e000-7f7151431000 ---p 00000000 00:00 0 
7f7151431000-7f715152f000 rwxp 00000000 00:00 0 
7f715152f000-7f7151532000 ---p 00000000 00:00 0 
7f7151532000-7f7151630000 rwxp 00000000 00:00 0 
7f7151630000-7f7151830000 rw-p 00000000 00:00 0 
7f7151830000-7f7151835000 r-xp 00000000 08:13 2644428                    /usr/lib/libXfixes.so.3.1.0
7f7151835000-7f7151a34000 ---p 00005000 08:13 2644428                    /usr/lib/libXfixes.so.3.1.0
7f7151a34000-7f7151a35000 r--p 00004000 08:13 2644428                    /usr/lib/libXfixes.so.3.1.0
7f7151a35000-7f7151a36000 rw-p 00005000 08:13 2644428                    /usr/lib/libXfixes.so.3.1.0
7f7151a36000-7f7151a40000 r-xp 00000000 08:13 2647328                    /usr/lib/libXcursor.so.1.0.2
7f7151a40000-7f7151c3f000 ---p 0000a000 08:13 2647328                    /usr/lib/libXcursor.so.1.0.2
7f7151c3f000-7f7151c40000 r--p 00009000 08:13 2647328                    /usr/lib/libXcursor.so.1.0.2
7f7151c40000-7f7151c41000 rw-p 0000a000 08:13 2647328                    /usr/lib/libXcursor.so.1.0.2
7f7151c41000-7f7151ca6000 r-xp 00000000 08:13 2898233                    /usr/lib/jvm/java-8-jdk/jre/lib/amd64/libfontmanager.so
7f7151ca6000-7f7151ea5000 ---p 00065000 08:13 2898233                    /usr/lib/jvm/java-8-jdk/jre/lib/amd64/libfontmanager.so
7f7151ea5000-7f7151eaa000 rw-p 00064000 08:13 2898233                    /usr/lib/jvm/java-8-jdk/jre/lib/amd64/libfontmanager.so
7f7151eaa000-7f7151eba000 rw-p 00000000 00:00 0 
7f7151eba000-7f7151ebd000 ---p 00000000 00:00 0 
7f7151ebd000-7f7151fbb000 rwxp 00000000 00:00 0 
7f7151fbb000-7f7152024000 r-xp 00000000 08:13 2660169                    /usr/lib/libjpeg.so.8.1.2
7f7152024000-7f7152223000 ---p 00069000 08:13 2660169                    /usr/lib/libjpeg.so.8.1.2
7f7152223000-7f7152224000 r--p 00068000 08:13 2660169                    /usr/lib/libjpeg.so.8.1.2
7f7152224000-7f7152225000 rw-p 00069000 08:13 2660169                    /usr/lib/libjpeg.so.8.1.2
7f7152225000-7f715224b000 r-xp 00000000 08:13 2653006                    /usr/lib/libv4lconvert.so.0.0.0
7f715224b000-7f715244a000 ---p 00026000 08:13 2653006                    /usr/lib/libv4lconvert.so.0.0.0
7f715244a000-7f715244c000 r--p 00025000 08:13 2653006                    /usr/lib/libv4lconvert.so.0.0.0
7f715244c000-7f715244d000 rw-p 00027000 08:13 2653006                    /usr/lib/libv4lconvert.so.0.0.0
7f715244d000-7f715249f000 rw-p 00000000 00:00 0 
7f715249f000-7f71524b5000 r-xp 00000000 08:13 2633982                    /usr/lib/libgcc_s.so.1
7f71524b5000-7f71526b4000 ---p 00016000 08:13 2633982                    /usr/lib/libgcc_s.so.1
7f71526b4000-7f71526b5000 r--p 00015000 08:13 2633982                    /usr/lib/libgcc_s.so.1
7f71526b5000-7f71526b6000 rw-p 00016000 08:13 2633982                    /usr/lib/libgcc_s.so.1
7f71526b6000-7f715282e000 r-xp 00000000 08:13 2624961                    /usr/lib/libstdc++.so.6.0.22
7f715282e000-7f7152a2e000 ---p 00178000 08:13 2624961                    /usr/lib/libstdc++.so.6.0.22
7f7152a2e000-7f7152a38000 r--p 00178000 08:13 2624961                    /usr/lib/libstdc++.so.6.0.22
7f7152a38000-7f7152a3a000 rw-p 00182000 08:13 2624961                    /usr/lib/libstdc++.so.6.0.22
7f7152a3a000-7f7152a3e000 rw-p 00000000 00:00 0 
7f7152a3e000-7f7152a47000 r-xp 00000000 08:13 2653007                    /usr/lib/libv4l2.so.0.0.0
7f7152a47000-7f7152c46000 ---p 00009000 08:13 2653007                    /usr/lib/libv4l2.so.0.0.0
7f7152c46000-7f7152c47000 r--p 00008000 08:13 2653007                    /usr/lib/libv4l2.so.0.0.0
7f7152c47000-7f7152c4c000 rw-p 00009000 08:13 2653007                    /usr/lib/libv4l2.so.0.0.0
7f7152c4c000-7f7152c51000 r-xp 00000000 08:13 3544924                    /tmp/BridJExtractedLibraries5500107131809365764/OpenIMAJGrabber.so
7f7152c51000-7f7152e50000 ---p 00005000 08:13 3544924                    /tmp/BridJExtractedLibraries5500107131809365764/OpenIMAJGrabber.so
7f7152e50000-7f7152e51000 r--p 00004000 08:13 3544924                    /tmp/BridJExtractedLibraries5500107131809365764/OpenIMAJGrabber.so
7f7152e51000-7f7152e52000 rw-p 00005000 08:13 3544924                    /tmp/BridJExtractedLibraries5500107131809365764/OpenIMAJGrabber.so
7f7152e52000-7f7152e6b000 r-xp 00000000 08:13 3544923                    /tmp/BridJExtractedLibraries5500107131809365764/libbridj.so
7f7152e6b000-7f715306a000 ---p 00019000 08:13 3544923                    /tmp/BridJExtractedLibraries5500107131809365764/libbridj.so
7f715306a000-7f715306b000 r--p 00018000 08:13 3544923                    /tmp/BridJExtractedLibraries5500107131809365764/libbridj.so
7f715306b000-7f715306c000 rw-p 00019000 08:13 3544923                    /tmp/BridJExtractedLibraries5500107131809365764/libbridj.so
7f715306c000-7f7153071000 r-xp 00000000 08:13 2641953                    /usr/lib/libXdmcp.so.6.0.0
7f7153071000-7f7153270000 ---p 00005000 08:13 2641953                    /usr/lib/libXdmcp.so.6.0.0
7f7153270000-7f7153271000 r--p 00004000 08:13 2641953                    /usr/lib/libXdmcp.so.6.0.0
7f7153271000-7f7153272000 rw-p 00005000 08:13 2641953                    /usr/lib/libXdmcp.so.6.0.0
7f7153272000-7f7153274000 r-xp 00000000 08:13 2641998                    /usr/lib/libXau.so.6.0.0
7f7153274000-7f7153474000 ---p 00002000 08:13 2641998                    /usr/lib/libXau.so.6.0.0
7f7153474000-7f7153475000 r--p 00002000 08:13 2641998                    /usr/lib/libXau.so.6.0.0
7f7153475000-7f7153476000 rw-p 00003000 08:13 2641998                    /usr/lib/libXau.so.6.0.0
7f7153476000-7f715349e000 r-xp 00000000 08:13 2642131                    /usr/lib/libxcb.so.1.1.0
7f715349e000-7f715369d000 ---p 00028000 08:13 2642131                    /usr/lib/libxcb.so.1.1.0
7f715369d000-7f715369e000 r--p 00027000 08:13 2642131                    /usr/lib/libxcb.so.1.1.0
7f715369e000-7f715369f000 rw-p 00028000 08:13 2642131                    /usr/lib/libxcb.so.1.1.0
7f715369f000-7f71536ae000 r-xp 00000000 08:13 2660969                    /usr/lib/libXi.so.6.1.0
7f71536ae000-7f71538ae000 ---p 0000f000 08:13 2660969                    /usr/lib/libXi.so.6.1.0
7f71538ae000-7f71538af000 r--p 0000f000 08:13 2660969                    /usr/lib/libXi.so.6.1.0
7f71538af000-7f71538b0000 rw-p 00010000 08:13 2660969                    /usr/lib/libXi.so.6.1.0
7f71538b0000-7f71538b5000 r-xp 00000000 08:13 2649106                    /usr/lib/libXtst.so.6.1.0
7f71538b5000-7f7153ab4000 ---p 00005000 08:13 2649106                    /usr/lib/libXtst.so.6.1.0
7f7153ab4000-7f7153ab5000 r--p 00004000 08:13 2649106                    /usr/lib/libXtst.so.6.1.0
7f7153ab5000-7f7153ab6000 rw-p 00005000 08:13 2649106                    /usr/lib/libXtst.so.6.1.0
7f7153ab6000-7f7153abf000 r-xp 00000000 08:13 2646820                    /usr/lib/libXrender.so.1.3.0
7f7153abf000-7f7153cbf000 ---p 00009000 08:13 2646820                    /usr/lib/libXrender.so.1.3.0
7f7153cbf000-7f7153cc0000 r--p 00009000 08:13 2646820                    /usr/lib/libXrender.so.1.3.0
7f7153cc0000-7f7153cc1000 rw-p 0000a000 08:13 2646820                    /usr/lib/libXrender.so.1.3.0
7f7153cc1000-7f7153dfa000 r-xp 00000000 08:13 2645279                    /usr/lib/libX11.so.6.3.0
7f7153dfa000-7f7153ffa000 ---p 00139000 08:13 2645279                    /usr/lib/libX11.so.6.3.0
7f7153ffa000-7f7153ffb000 r--p 00139000 08:13 2645279                    /usr/lib/libX11.so.6.3.0
7f7153ffb000-7f7154000000 rw-p 0013a000 08:13 2645279                    /usr/lib/libX11.so.6.3.0
7f7154000000-7f7154021000 rw-p 00000000 00:00 0 
7f7154021000-7f7158000000 ---p 00000000 00:00 0 
7f7158000000-7f7158021000 rw-p 00000000 00:00 0 
7f7158021000-7f715c000000 ---p 00000000 00:00 0 
7f715c000000-7f715c437000 rw-p 00000000 00:00 0 
7f715c437000-7f7160000000 ---p 00000000 00:00 0 
7f7160000000-7f71602b5000 rw-p 00000000 00:00 0 
7f71602b5000-7f7164000000 ---p 00000000 00:00 0 
7f7164000000-7f7164021000 rw-p 00000000 00:00 0 
7f7164021000-7f7168000000 ---p 00000000 00:00 0 
7f7168000000-7f71684b0000 rw-p 00000000 00:00 0 
7f71684b0000-7f716c000000 ---p 00000000 00:00 0 
7f716c000000-7f716c021000 rw-p 00000000 00:00 0 
7f716c021000-7f7170000000 ---p 00000000 00:00 0 
7f7170000000-7f7170021000 rw-p 00000000 00:00 0 
7f7170021000-7f7174000000 ---p 00000000 00:00 0 
7f7174000000-7f7174021000 rw-p 00000000 00:00 0 
7f7174021000-7f7178000000 ---p 00000000 00:00 0 
7f7178000000-7f7178001000 rw-s cfde6000 00:06 15541                      /dev/nvidia0
7f7178001000-7f717801d000 r--s 00393000 08:13 2898283                    /usr/lib/jvm/java-8-jdk/jre/lib/ext/cldrdata.jar
7f717801d000-7f7178043000 rw-s 0004c000 00:06 1891                       /dev/video0
7f7178043000-7f7178069000 rw-s 00026000 00:06 1891                       /dev/video0
7f7178069000-7f717808f000 rw-s 00000000 00:06 1891                       /dev/video0
7f717808f000-7f7178092000 ---p 00000000 00:00 0 
7f7178092000-7f7178190000 rwxp 00000000 00:00 0 
7f7178190000-7f717c000000 rw-p 00000000 00:00 0 
7f717c000000-7f717c021000 rw-p 00000000 00:00 0 
7f717c021000-7f7180000000 ---p 00000000 00:00 0 
7f7180000000-7f7180021000 rw-p 00000000 00:00 0 
7f7180021000-7f7184000000 ---p 00000000 00:00 0 
7f7184000000-7f7184021000 rw-p 00000000 00:00 0 
7f7184021000-7f7188000000 ---p 00000000 00:00 0 
7f7188000000-7f7188021000 rw-p 00000000 00:00 0 
7f7188021000-7f718c000000 ---p 00000000 00:00 0 
7f718c000000-7f718c001000 rw-s 84f65000 00:06 15538                      /dev/nvidiactl
7f718c001000-7f718c002000 rw-s cfde6000 00:06 15541                      /dev/nvidia0
7f718c002000-7f718c003000 rw-s 5656c000 00:06 15538                      /dev/nvidiactl
7f718c003000-7f718c004000 rw-s cfde6000 00:06 15541                      /dev/nvidia0
7f718c004000-7f718c005000 rw-s 84ff3000 00:06 15538                      /dev/nvidiactl
7f718c005000-7f718c006000 rw-s cfde6000 00:06 15541                      /dev/nvidia0
7f718c006000-7f718c007000 rw-s 84afe000 00:06 15538                      /dev/nvidiactl
7f718c007000-7f718c011000 r--s 00116000 08:13 2898290                    /usr/lib/jvm/java-8-jdk/jre/lib/ext/localedata.jar
7f718c011000-7f718c020000 rwxp 00000000 00:00 0 
7f718c020000-7f718c02d000 r--s 00000000 08:13 3544924                    /tmp/BridJExtractedLibraries5500107131809365764/OpenIMAJGrabber.so
7f718c02d000-7f718c031000 r--s 00097000 08:13 2768532                    /usr/lib/jvm/java-8-jdk/jre/lib/jsse.jar
7f718c031000-7f718c034000 ---p 00000000 00:00 0 
7f718c034000-7f718c132000 rwxp 00000000 00:00 0 
7f718c132000-7f718c13d000 r--s 00088000 08:13 3807578                    /home/jessica/.m2/repository/com/github/jai-imageio/jai-imageio-core/1.3.1/jai-imageio-core-1.3.1.jar
7f718c13d000-7f718c13f000 r--s 0000e000 08:13 3807576                    /home/jessica/.m2/repository/com/beust/jcommander/1.48/jcommander-1.48.jar
7f718c13f000-7f718c141000 r--s 00009000 08:13 3807574                    /home/jessica/.m2/repository/com/google/zxing/javase/3.3.0/javase-3.3.0.jar
7f718c141000-7f718c149000 r--s 0007d000 08:13 3675276                    /home/jessica/.m2/repository/com/google/zxing/core/3.3.0/core-3.3.0.jar
7f718c149000-7f718c15a000 r-xp 00000000 08:13 2646485                    /usr/lib/libXext.so.6.4.0
7f718c15a000-7f718c359000 ---p 00011000 08:13 2646485                    /usr/lib/libXext.so.6.4.0
7f718c359000-7f718c35a000 r--p 00010000 08:13 2646485                    /usr/lib/libXext.so.6.4.0
7f718c35a000-7f718c35b000 rw-p 00011000 08:13 2646485                    /usr/lib/libXext.so.6.4.0
7f718c35b000-7f718c35c000 rwxp 00000000 00:00 0 
7f718c35c000-7f718c35d000 r--s 00031000 08:13 3544880                    /home/jessica/.m2/repository/org/jogamp/jogl/jogl-all/2.3.1/jogl-all-2.3.1-natives-windows-i586.jar
7f718c35d000-7f718c35f000 r--s 00038000 08:13 3544878                    /home/jessica/.m2/repository/org/jogamp/jogl/jogl-all/2.3.1/jogl-all-2.3.1-natives-windows-amd64.jar
7f718c35f000-7f718c382000 r--s 00308000 08:13 3544876                    /home/jessica/.m2/repository/org/jogamp/jogl/jogl-all/2.3.1/jogl-all-2.3.1.jar
7f718c382000-7f718c383000 r--s 00001000 08:13 3544871                    /home/jessica/.m2/repository/org/jogamp/gluegen/gluegen-rt/2.3.1/gluegen-rt-2.3.1-natives-windows-i586.jar
7f718c383000-7f718c384000 r--s 00001000 08:13 3544869                    /home/jessica/.m2/repository/org/jogamp/gluegen/gluegen-rt/2.3.1/gluegen-rt-2.3.1-natives-windows-amd64.jar
7f718c384000-7f718c38a000 r--s 0004a000 08:13 3544867                    /home/jessica/.m2/repository/org/jogamp/gluegen/gluegen-rt/2.3.1/gluegen-rt-2.3.1.jar
7f718c38a000-7f718c392000 r--s 000cf000 08:13 3544983                    /home/jessica/.m2/repository/com/nativelibs4java/bridj/0.6.2/bridj-0.6.2.jar
7f718c392000-7f718c3e6000 r-xp 00000000 08:13 2898227                    /usr/lib/jvm/java-8-jdk/jre/lib/amd64/libawt_xawt.so
7f718c3e6000-7f718c5e6000 ---p 00054000 08:13 2898227                    /usr/lib/jvm/java-8-jdk/jre/lib/amd64/libawt_xawt.so
7f718c5e6000-7f718c5ea000 rw-p 00054000 08:13 2898227                    /usr/lib/jvm/java-8-jdk/jre/lib/amd64/libawt_xawt.so
7f718c5ea000-7f718c5eb000 rw-p 00000000 00:00 0 
7f718c5eb000-7f718c68d000 r-xp 00000000 08:13 2898221                    /usr/lib/jvm/java-8-jdk/jre/lib/amd64/libawt.so
7f718c68d000-7f718c88d000 ---p 000a2000 08:13 2898221                    /usr/lib/jvm/java-8-jdk/jre/lib/amd64/libawt.so
7f718c88d000-7f718c899000 rw-p 000a2000 08:13 2898221                    /usr/lib/jvm/java-8-jdk/jre/lib/amd64/libawt.so
7f718c899000-7f718c8bd000 rw-p 00000000 00:00 0 
7f718c8bd000-7f718c8c1000 r--s 00060000 08:13 3544971                    /home/jessica/.m2/repository/com/github/sarxos/webcam-capture/0.3.10/webcam-capture-0.3.10.jar
7f718c8c1000-7f718c8c2000 r--s 002c2000 08:13 1576523                    /home/jessica/.m2/repository/org/bytedeco/javacpp-presets/cuda/8.0-1.3/cuda-8.0-1.3-windows-x86_64.jar
7f718c8c2000-7f718c8c3000 r--s 00321000 08:13 1576521                    /home/jessica/.m2/repository/org/bytedeco/javacpp-presets/cuda/8.0-1.3/cuda-8.0-1.3-macosx-x86_64.jar
7f718c8c3000-7f718c8c5000 r--s 002e0000 08:13 1576525                    /home/jessica/.m2/repository/org/bytedeco/javacpp-presets/cuda/8.0-1.3/cuda-8.0-1.3-linux-ppc64le.jar
7f718c8c5000-7f718c8c6000 r--s 002ea000 08:13 1576506                    /home/jessica/.m2/repository/org/bytedeco/javacpp-presets/cuda/8.0-1.3/cuda-8.0-1.3-linux-x86_64.jar
7f718c8c6000-7f718c8cb000 r--s 0004c000 08:13 1576502                    /home/jessica/.m2/repository/org/bytedeco/javacpp-presets/cuda/8.0-1.3/cuda-8.0-1.3.jar
7f718c8cb000-7f718c8cc000 r--s 00000000 08:13 3670307                    /home/jessica/.m2/repository/org/bytedeco/javacpp-presets/cuda-platform/8.0-1.3/cuda-platform-8.0-1.3.jar
7f718c8cc000-7f718c8d1000 r--s 00049000 08:13 3801998                    /home/jessica/.m2/repository/org/bytedeco/javacpp/1.3.2/javacpp-1.3.2.jar
7f718c8d1000-7f718c8d3000 r--s 00007000 08:13 3544918                    /home/jessica/.m2/repository/org/deeplearning4j/deeplearning4j-cuda-8.0/0.8.0/deeplearning4j-cuda-8.0-0.8.0.jar
7f718c8d3000-7f718c8da000 r--s 0003f000 08:13 3542617                    /home/jessica/.m2/repository/commons-codec/commons-codec/1.10/commons-codec-1.10.jar
7f718c8da000-7f718c8dd000 r--s 00014000 08:13 4204479                    /home/jessica/.m2/repository/org/deeplearning4j/deeplearning4j-ui-components/0.8.0/deeplearning4j-ui-components-0.8.0.jar
7f718c8dd000-7f718c8df000 r--s 00291000 08:13 1451544                    /home/jessica/.m2/repository/org/bytedeco/javacpp-presets/leptonica/1.73-1.3/leptonica-1.73-1.3-windows-x86_64.jar
7f718c8df000-7f718c8e1000 r--s 002ac000 08:13 1441806                    /home/jessica/.m2/repository/org/bytedeco/javacpp-presets/leptonica/1.73-1.3/leptonica-1.73-1.3-windows-x86.jar
7f718c8e1000-7f718c8e2000 r--s 00254000 08:13 1451542                    /home/jessica/.m2/repository/org/bytedeco/javacpp-presets/leptonica/1.73-1.3/leptonica-1.73-1.3-macosx-x86_64.jar
7f718c8e2000-7f718c8e3000 r--s 00239000 08:13 1451546                    /home/jessica/.m2/repository/org/bytedeco/javacpp-presets/leptonica/1.73-1.3/leptonica-1.73-1.3-linux-ppc64le.jar
7f718c8e3000-7f718c8e5000 r--s 001e0000 08:13 1441797                    /home/jessica/.m2/repository/org/bytedeco/javacpp-presets/leptonica/1.73-1.3/leptonica-1.73-1.3-linux-armhf.jar
7f718c8e5000-7f718c8e7000 r--s 00242000 08:13 1451540                    /home/jessica/.m2/repository/org/bytedeco/javacpp-presets/leptonica/1.73-1.3/leptonica-1.73-1.3-linux-x86_64.jar
7f718c8e7000-7f718c8e8000 r--s 00204000 08:13 1441794                    /home/jessica/.m2/repository/org/bytedeco/javacpp-presets/leptonica/1.73-1.3/leptonica-1.73-1.3-linux-x86.jar
7f718c8e8000-7f718c8e9000 r--s 00245000 08:13 1451538                    /home/jessica/.m2/repository/org/bytedeco/javacpp-presets/leptonica/1.73-1.3/leptonica-1.73-1.3-android-x86.jar
7f718c8e9000-7f718c8ea000 r--s 001e0000 08:13 1451536                    /home/jessica/.m2/repository/org/bytedeco/javacpp-presets/leptonica/1.73-1.3/leptonica-1.73-1.3-android-arm.jar
7f718c8ea000-7f718c8ed000 r--s 00021000 08:13 1451534                    /home/jessica/.m2/repository/org/bytedeco/javacpp-presets/leptonica/1.73-1.3/leptonica-1.73-1.3.jar
7f718c8ed000-7f718c8ee000 r--s 00000000 08:13 1575688                    /home/jessica/.m2/repository/org/bytedeco/javacpp-presets/leptonica-platform/1.73-1.3/leptonica-platform-1.73-1.3.jar
7f718c8ee000-7f718c8f1000 r--s 009d8000 08:13 1322479                    /home/jessica/.m2/repository/org/bytedeco/javacpp-presets/opencv/3.1.0-1.3/opencv-3.1.0-1.3-windows-x86_64.jar
7f718c8f1000-7f718c8f3000 r--s 00813000 08:13 1312034                    /home/jessica/.m2/repository/org/bytedeco/javacpp-presets/opencv/3.1.0-1.3/opencv-3.1.0-1.3-windows-x86.jar
7f718c8f3000-7f718c8f5000 r--s 00821000 08:13 1322477                    /home/jessica/.m2/repository/org/bytedeco/javacpp-presets/opencv/3.1.0-1.3/opencv-3.1.0-1.3-macosx-x86_64.jar
7f718c8f5000-7f718c8f7000 r--s 00988000 08:13 1322481                    /home/jessica/.m2/repository/org/bytedeco/javacpp-presets/opencv/3.1.0-1.3/opencv-3.1.0-1.3-linux-ppc64le.jar
7f718c8f7000-7f718c8f9000 r--s 007a4000 08:13 1312032                    /home/jessica/.m2/repository/org/bytedeco/javacpp-presets/opencv/3.1.0-1.3/opencv-3.1.0-1.3-linux-armhf.jar
7f718c8f9000-7f718c8fc000 r--s 007bf000 08:13 1322475                    /home/jessica/.m2/repository/org/bytedeco/javacpp-presets/opencv/3.1.0-1.3/opencv-3.1.0-1.3-linux-x86_64.jar
7f718c8fc000-7f718c8fe000 r--s 00796000 08:13 1310725                    /home/jessica/.m2/repository/org/bytedeco/javacpp-presets/opencv/3.1.0-1.3/opencv-3.1.0-1.3-linux-x86.jar
7f718c8fe000-7f718c900000 r--s 00bf0000 08:13 1322473                    /home/jessica/.m2/repository/org/bytedeco/javacpp-presets/opencv/3.1.0-1.3/opencv-3.1.0-1.3-android-x86.jar
7f718c900000-7f718c902000 r--s 008f3000 08:13 1322471                    /home/jessica/.m2/repository/org/bytedeco/javacpp-presets/opencv/3.1.0-1.3/opencv-3.1.0-1.3-android-arm.jar
7f718c902000-7f718c903000 r--s 00000000 08:13 1575675                    /home/jessica/.m2/repository/org/bytedeco/javacpp-presets/opencv-platform/3.1.0-1.3/opencv-platform-3.1.0-1.3.jar
7f718c903000-7f718c904000 r--s 00002000 08:13 1451532                    /home/jessica/.m2/repository/org/bytedeco/javacpp-presets/flandmark/1.07-1.3/flandmark-1.07-1.3.jar
7f718c904000-7f718c905000 r--s 00005000 08:13 1451530                    /home/jessica/.m2/repository/org/bytedeco/javacpp-presets/artoolkitplus/2.3.1-1.3/artoolkitplus-2.3.1-1.3.jar
7f718c905000-7f718c906000 r--s 00003000 08:13 1451528                    /home/jessica/.m2/repository/org/bytedeco/javacpp-presets/videoinput/0.200-1.3/videoinput-0.200-1.3.jar
7f718c906000-7f718c909000 r--s 00009000 08:13 1451526                    /home/jessica/.m2/repository/org/bytedeco/javacpp-presets/librealsense/1.9.6-1.3/librealsense-1.9.6-1.3.jar
7f718c909000-7f718c90a000 r--s 00005000 08:13 1576185                    /home/jessica/.m2/repository/org/bytedeco/javacpp-presets/libfreenect2/0.2.0-1.3/libfreenect2-0.2.0-1.3.jar
7f718c90a000-7f718c90c000 r--s 00004000 08:13 1451524                    /home/jessica/.m2/repository/org/bytedeco/javacpp-presets/libfreenect/0.5.3-1.3/libfreenect-0.5.3-1.3.jar
7f718c90c000-7f718c90e000 r--s 00006000 08:13 1451522                    /home/jessica/.m2/repository/org/bytedeco/javacpp-presets/libdc1394/2.2.4-1.3/libdc1394-2.2.4-1.3.jar
7f718c90e000-7f718c912000 r--s 0001f000 08:13 1451520                    /home/jessica/.m2/repository/org/bytedeco/javacpp-presets/flycapture/2.9.3.43-1.3/flycapture-2.9.3.43-1.3.jar
7f718c912000-7f718c919000 r--s 00033000 08:13 1451518                    /home/jessica/.m2/repository/org/bytedeco/javacpp-presets/ffmpeg/3.2.1-1.3/ffmpeg-3.2.1-1.3.jar
7f718c919000-7f718c929000 r--s 00098000 08:13 1322469                    /home/jessica/.m2/repository/org/bytedeco/javacpp-presets/opencv/3.1.0-1.3/opencv-3.1.0-1.3.jar
7f718c929000-7f718c92e000 r--s 0005a000 08:13 1575686                    /home/jessica/.m2/repository/org/bytedeco/javacv/1.3.1/javacv-1.3.1.jar
7f718c92e000-7f718c930000 r--s 0000b000 08:13 1575676                    /home/jessica/.m2/repository/com/twelvemonkeys/imageio/imageio-bmp/3.1.1/imageio-bmp-3.1.1.jar
7f718c930000-7f718c932000 r--s 0000f000 08:13 1575672                    /home/jessica/.m2/repository/com/twelvemonkeys/imageio/imageio-psd/3.1.1/imageio-psd-3.1.1.jar
7f718c932000-7f718c934000 r--s 0000e000 08:13 1575669                    /home/jessica/.m2/repository/com/twelvemonkeys/imageio/imageio-tiff/3.1.1/imageio-tiff-3.1.1.jar
7f718c934000-7f718c937000 r--s 00012000 08:13 1315151                    /home/jessica/.m2/repository/com/twelvemonkeys/common/common-image/3.1.1/common-image-3.1.1.jar
7f718c937000-7f718c939000 r--s 00014000 08:13 1315149                    /home/jessica/.m2/repository/com/twelvemonkeys/common/common-io/3.1.1/common-io-3.1.1.jar
7f718c939000-7f718c93c000 r--s 0001a000 08:13 1315147                    /home/jessica/.m2/repository/com/twelvemonkeys/common/common-lang/3.1.1/common-lang-3.1.1.jar
7f718c93c000-7f718c93f000 r--s 0000e000 08:13 1315145                    /home/jessica/.m2/repository/com/twelvemonkeys/imageio/imageio-metadata/3.1.1/imageio-metadata-3.1.1.jar
7f718c93f000-7f718c942000 r--s 0000c000 08:13 1315143                    /home/jessica/.m2/repository/com/twelvemonkeys/imageio/imageio-core/3.1.1/imageio-core-3.1.1.jar
7f718c942000-7f718c944000 r--s 0000d000 08:13 1575667                    /home/jessica/.m2/repository/com/twelvemonkeys/imageio/imageio-jpeg/3.1.1/imageio-jpeg-3.1.1.jar
7f718c944000-7f718c946000 r--s 0000f000 08:13 4204477                    /home/jessica/.m2/repository/org/datavec/datavec-data-image/0.8.0/datavec-data-image-0.8.0.jar
7f718c946000-7f718c970000 rw-p 00000000 00:00 0 
7f718c970000-7f718ca95000 r--s 00efa000 08:13 4204475                    /home/jessica/.m2/repository/it/unimi/dsi/fastutil/6.5.7/fastutil-6.5.7.jar
7f718ca95000-7f718ca98000 r--s 00028000 08:13 3542640                    /home/jessica/.m2/repository/com/clearspring/analytics/stream/2.7.0/stream-2.7.0.jar
7f718ca98000-7f718ca9a000 r--s 0001f000 08:13 3807447                    /home/jessica/.m2/repository/org/nd4j/nd4j-common/0.8.0/nd4j-common-0.8.0.jar
7f718ca9a000-7f718ca9e000 r--s 0000f000 08:13 3542547                    /home/jessica/.m2/repository/com/google/code/findbugs/annotations/2.0.1/annotations-2.0.1.jar
7f718ca9e000-7f718caa7000 r--s 000ae000 08:13 3542545                    /home/jessica/.m2/repository/org/javassist/javassist/3.19.0-GA/javassist-3.19.0-GA.jar
7f718caa7000-7f718caaa000 r--s 0001d000 08:13 3539522                    /home/jessica/.m2/repository/org/reflections/reflections/0.9.10/reflections-0.9.10.jar
7f718caaa000-7f718cac2000 r--s 00132000 08:13 3542598                    /home/jessica/.m2/repository/org/freemarker/freemarker/2.3.23/freemarker-2.3.23.jar
7f718cac2000-7f718cacf000 r--s 00091000 08:13 4067819                    /home/jessica/.m2/repository/org/datavec/datavec-api/0.8.0/datavec-api-0.8.0.jar
7f718cacf000-7f718cad0000 r--s 00002000 08:13 4067817                    /home/jessica/.m2/repository/org/datavec/datavec-nd4j-common/0.8.0/datavec-nd4j-common-0.8.0.jar
7f718cad0000-7f718cae5000 r--s 00141000 08:13 3542557                    /home/jessica/.m2/repository/org/projectlombok/lombok/1.16.10/lombok-1.16.10.jar
7f718cae5000-7f718caf5000 r--s 0007d000 08:13 4065954                    /home/jessica/.m2/repository/joda-time/joda-time/2.2/joda-time-2.2.jar
7f718caf5000-7f718caf9000 r--s 00024000 08:13 3539524                    /home/jessica/.m2/repository/org/codehaus/woodstox/stax2-api/3.1.4/stax2-api-3.1.4.jar
7f718caf9000-7f718cb00000 r--s 0003c000 08:13 3802742                    /home/jessica/.m2/repository/org/yaml/snakeyaml/1.12/snakeyaml-1.12.jar
7f718cb00000-7f718cb20000 r--s 001ac000 08:13 3807385                    /home/jessica/.m2/repository/org/nd4j/jackson/0.8.0/jackson-0.8.0.jar
7f718cb20000-7f718cb27000 r--s 0005e000 08:13 4066006                    /home/jessica/.m2/repository/org/apache/commons/commons-lang3/3.3.1/commons-lang3-3.3.1.jar
7f718cb27000-7f718cb2a000 r--s 0000b000 08:13 3542763                    /home/jessica/.m2/repository/net/ericaro/neoitertools/1.0.0/neoitertools-1.0.0.jar
7f718cb2a000-7f718cb2c000 r--s 00001000 08:13 3807383                    /home/jessica/.m2/repository/org/nd4j/nd4j-context/0.8.0/nd4j-context-0.8.0.jar
7f718cb2c000-7f718cb2e000 r--s 0000d000 08:13 3807381                    /home/jessica/.m2/repository/org/nd4j/nd4j-buffer/0.8.0/nd4j-buffer-0.8.0.jar
7f718cb2e000-7f718cb3d000 r--s 000da000 08:13 3807379                    /home/jessica/.m2/repository/org/nd4j/nd4j-api/0.8.0/nd4j-api-0.8.0.jar
7f718cb3d000-7f718cb40000 r--s 00006000 08:13 4065959                    /home/jessica/.m2/repository/com/google/code/findbugs/jsr305/1.3.9/jsr305-1.3.9.jar
7f718cb40000-7f718cb60000 r--s 00173000 08:13 1575900                    /home/jessica/.m2/repository/com/google/guava/guava/11.0/guava-11.0.jar
7f718cb60000-7f718cb64000 r--s 00015000 08:13 3670260                    /home/jessica/.m2/repository/org/tukaani/xz/1.5/xz-1.5.jar
7f718cb64000-7f718cb6b000 r--s 00053000 08:13 3670259                    /home/jessica/.m2/repository/org/apache/commons/commons-compress/1.8/commons-compress-1.8.jar
7f718cb6b000-7f718cb8f000 r--s 001cd000 08:13 4065956                    /home/jessica/.m2/repository/org/apache/commons/commons-math3/3.4.1/commons-math3-3.4.1.jar
7f718cb8f000-7f718cb9c000 r--s 000cf000 08:13 4067680                    /home/jessica/.m2/repository/org/deeplearning4j/deeplearning4j-nn/0.8.0/deeplearning4j-nn-0.8.0.jar
7f718cb9c000-7f718cb9d000 ---p 00000000 00:00 0 
7f718cb9d000-7f718cc9d000 rwxp 00000000 00:00 0 
7f718cc9d000-7f718cca0000 ---p 00000000 00:00 0 
7f718cca0000-7f718cd9e000 rwxp 00000000 00:00 0 
7f718cd9e000-7f718cda1000 ---p 00000000 00:00 0 
7f718cda1000-7f718ce9f000 rwxp 00000000 00:00 0 
7f718ce9f000-7f718cea2000 ---p 00000000 00:00 0 
7f718cea2000-7f718cfa0000 rwxp 00000000 00:00 0 
7f718cfa0000-7f718cfa3000 ---p 00000000 00:00 0 
7f718cfa3000-7f718d0a1000 rwxp 00000000 00:00 0 
7f718d0a1000-7f718d0a4000 ---p 00000000 00:00 0 
7f718d0a4000-7f718d1a2000 rwxp 00000000 00:00 0 
7f718d1a2000-7f718d383000 r--p 00000000 08:13 2666459                    /usr/lib/locale/locale-archive
7f718d383000-7f718d386000 ---p 00000000 00:00 0 
7f718d386000-7f718d484000 rwxp 00000000 00:00 0 
7f718d484000-7f718d487000 ---p 00000000 00:00 0 
7f718d487000-7f718d585000 rwxp 00000000 00:00 0 
7f718d585000-7f718d586000 ---p 00000000 00:00 0 
7f718d586000-7f718d686000 rwxp 00000000 00:00 0 
7f718d686000-7f718e668000 rw-p 00000000 00:00 0 
7f718e668000-7f718e840000 r--s 03d1d000 08:13 2768535                    /usr/lib/jvm/java-8-jdk/jre/lib/rt.jar
7f718e840000-7f718f427000 rw-p 00000000 00:00 0 
7f718f427000-7f718f428000 ---p 00000000 00:00 0 
7f718f428000-7f718f528000 rwxp 00000000 00:00 0 
7f718f528000-7f718f529000 ---p 00000000 00:00 0 
7f718f529000-7f718f629000 rwxp 00000000 00:00 0 
7f718f629000-7f718f62a000 ---p 00000000 00:00 0 
7f718f62a000-7f718f72a000 rwxp 00000000 00:00 0 
7f718f72a000-7f718f742000 rw-p 00000000 00:00 0 
7f718f742000-7f718f9c4000 ---p 00000000 00:00 0 
7f718f9c4000-7f718f9dc000 rw-p 00000000 00:00 0 
7f718f9dc000-7f718fc5e000 ---p 00000000 00:00 0 
7f718fc5e000-7f718fca3000 rw-p 00000000 00:00 0 
7f718fca3000-7f718fdab000 ---p 00000000 00:00 0 
7f718fdab000-7f718fdc0000 rw-p 00000000 00:00 0 
7f718fdc0000-7f719016c000 ---p 00000000 00:00 0 
7f719016c000-7f719066c000 rwxp 00000000 00:00 0 
7f719066c000-7f719f16c000 ---p 00000000 00:00 0 
7f719f16c000-7f719f186000 r-xp 00000000 08:13 2898242                    /usr/lib/jvm/java-8-jdk/jre/lib/amd64/libzip.so
7f719f186000-7f719f386000 ---p 0001a000 08:13 2898242                    /usr/lib/jvm/java-8-jdk/jre/lib/amd64/libzip.so
7f719f386000-7f719f387000 rw-p 0001a000 08:13 2898242                    /usr/lib/jvm/java-8-jdk/jre/lib/amd64/libzip.so
7f719f387000-7f719f392000 r-xp 00000000 08:13 2623450                    /usr/lib/libnss_files-2.25.so
7f719f392000-7f719f591000 ---p 0000b000 08:13 2623450                    /usr/lib/libnss_files-2.25.so
7f719f591000-7f719f592000 r--p 0000a000 08:13 2623450                    /usr/lib/libnss_files-2.25.so
7f719f592000-7f719f593000 rw-p 0000b000 08:13 2623450                    /usr/lib/libnss_files-2.25.so
7f719f593000-7f719f599000 rw-p 00000000 00:00 0 
7f719f599000-7f719f5a4000 r-xp 00000000 08:13 2623448                    /usr/lib/libnss_nis-2.25.so
7f719f5a4000-7f719f7a3000 ---p 0000b000 08:13 2623448                    /usr/lib/libnss_nis-2.25.so
7f719f7a3000-7f719f7a4000 r--p 0000a000 08:13 2623448                    /usr/lib/libnss_nis-2.25.so
7f719f7a4000-7f719f7a5000 rw-p 0000b000 08:13 2623448                    /usr/lib/libnss_nis-2.25.so
7f719f7a5000-7f719f7ba000 r-xp 00000000 08:13 2623444                    /usr/lib/libnsl-2.25.so
7f719f7ba000-7f719f9b9000 ---p 00015000 08:13 2623444                    /usr/lib/libnsl-2.25.so
7f719f9b9000-7f719f9ba000 r--p 00014000 08:13 2623444                    /usr/lib/libnsl-2.25.so
7f719f9ba000-7f719f9bb000 rw-p 00015000 08:13 2623444                    /usr/lib/libnsl-2.25.so
7f719f9bb000-7f719f9bd000 rw-p 00000000 00:00 0 
7f719f9bd000-7f719f9c4000 r-xp 00000000 08:13 2623453                    /usr/lib/libnss_compat-2.25.so
7f719f9c4000-7f719fbc3000 ---p 00007000 08:13 2623453                    /usr/lib/libnss_compat-2.25.so
7f719fbc3000-7f719fbc4000 r--p 00006000 08:13 2623453                    /usr/lib/libnss_compat-2.25.so
7f719fbc4000-7f719fbc5000 rw-p 00007000 08:13 2623453                    /usr/lib/libnss_compat-2.25.so
7f719fbc5000-7f719fbef000 r-xp 00000000 08:13 2898262                    /usr/lib/jvm/java-8-jdk/jre/lib/amd64/libjava.so
7f719fbef000-7f719fdef000 ---p 0002a000 08:13 2898262                    /usr/lib/jvm/java-8-jdk/jre/lib/amd64/libjava.so
7f719fdef000-7f719fdf1000 rw-p 0002a000 08:13 2898262                    /usr/lib/jvm/java-8-jdk/jre/lib/amd64/libjava.so
7f719fdf1000-7f719fdfe000 r-xp 00000000 08:13 2898248                    /usr/lib/jvm/java-8-jdk/jre/lib/amd64/libverify.so
7f719fdfe000-7f719fffe000 ---p 0000d000 08:13 2898248                    /usr/lib/jvm/java-8-jdk/jre/lib/amd64/libverify.so
7f719fffe000-7f71a0000000 rw-p 0000d000 08:13 2898248                    /usr/lib/jvm/java-8-jdk/jre/lib/amd64/libverify.so
7f71a0000000-7f71a4000000 rw-p 00000000 00:00 0 
7f71a4000000-7f71a4001000 r--s 0000f000 08:13 1575999                    /home/jessica/.m2/repository/org/json/json/20131018/json-20131018.jar
7f71a4001000-7f71a4005000 r--s 0002a000 08:13 3542692                    /home/jessica/.m2/repository/commons-io/commons-io/2.4/commons-io-2.4.jar
7f71a4005000-7f71a4007000 r--s 00206000 08:13 1576012                    /home/jessica/.m2/repository/org/bytedeco/javacpp-presets/hdf5/1.10.0-patch1-1.3/hdf5-1.10.0-patch1-1.3-windows-x86_64.jar
7f71a4007000-7f71a407d000 rw-p 00000000 00:00 0 
7f71a407d000-7f71a407e000 ---p 00000000 00:00 0 
7f71a407e000-7f71a417e000 rwxp 00000000 00:00 0 
7f71a417e000-7f71a4185000 r-xp 00000000 08:13 2623442                    /usr/lib/librt-2.25.so
7f71a4185000-7f71a4384000 ---p 00007000 08:13 2623442                    /usr/lib/librt-2.25.so
7f71a4384000-7f71a4385000 r--p 00006000 08:13 2623442                    /usr/lib/librt-2.25.so
7f71a4385000-7f71a4386000 rw-p 00007000 08:13 2623442                    /usr/lib/librt-2.25.so
7f71a4386000-7f71a4498000 r-xp 00000000 08:13 2623445                    /usr/lib/libm-2.25.so
7f71a4498000-7f71a4697000 ---p 00112000 08:13 2623445                    /usr/lib/libm-2.25.so
7f71a4697000-7f71a4698000 r--p 00111000 08:13 2623445                    /usr/lib/libm-2.25.so
7f71a4698000-7f71a4699000 rw-p 00112000 08:13 2623445                    /usr/lib/libm-2.25.so
7f71a4699000-7f71a5358000 r-xp 00000000 08:13 3029697                    /usr/lib/jvm/java-8-jdk/jre/lib/amd64/server/libjvm.so
7f71a5358000-7f71a5557000 ---p 00cbf000 08:13 3029697                    /usr/lib/jvm/java-8-jdk/jre/lib/amd64/server/libjvm.so
7f71a5557000-7f71a5630000 rw-p 00cbe000 08:13 3029697                    /usr/lib/jvm/java-8-jdk/jre/lib/amd64/server/libjvm.so
7f71a5630000-7f71a5679000 rw-p 00000000 00:00 0 
7f71a5679000-7f71a5814000 r-xp 00000000 08:13 2623504                    /usr/lib/libc-2.25.so
7f71a5814000-7f71a5a13000 ---p 0019b000 08:13 2623504                    /usr/lib/libc-2.25.so
7f71a5a13000-7f71a5a17000 r--p 0019a000 08:13 2623504                    /usr/lib/libc-2.25.so
7f71a5a17000-7f71a5a19000 rw-p 0019e000 08:13 2623504                    /usr/lib/libc-2.25.so
7f71a5a19000-7f71a5a1d000 rw-p 00000000 00:00 0 
7f71a5a1d000-7f71a5a20000 r-xp 00000000 08:13 2623446                    /usr/lib/libdl-2.25.so
7f71a5a20000-7f71a5c1f000 ---p 00003000 08:13 2623446                    /usr/lib/libdl-2.25.so
7f71a5c1f000-7f71a5c20000 r--p 00002000 08:13 2623446                    /usr/lib/libdl-2.25.so
7f71a5c20000-7f71a5c21000 rw-p 00003000 08:13 2623446                    /usr/lib/libdl-2.25.so
7f71a5c21000-7f71a5c36000 r-xp 00000000 08:13 3029696                    /usr/lib/jvm/java-8-jdk/jre/lib/amd64/jli/libjli.so
7f71a5c36000-7f71a5e36000 ---p 00015000 08:13 3029696                    /usr/lib/jvm/java-8-jdk/jre/lib/amd64/jli/libjli.so
7f71a5e36000-7f71a5e37000 rw-p 00015000 08:13 3029696                    /usr/lib/jvm/java-8-jdk/jre/lib/amd64/jli/libjli.so
7f71a5e37000-7f71a5e50000 r-xp 00000000 08:13 2623524                    /usr/lib/libpthread-2.25.so
7f71a5e50000-7f71a604f000 ---p 00019000 08:13 2623524                    /usr/lib/libpthread-2.25.so
7f71a604f000-7f71a6050000 r--p 00018000 08:13 2623524                    /usr/lib/libpthread-2.25.so
7f71a6050000-7f71a6051000 rw-p 00019000 08:13 2623524                    /usr/lib/libpthread-2.25.so
7f71a6051000-7f71a6055000 rw-p 00000000 00:00 0 
7f71a6055000-7f71a6078000 r-xp 00000000 08:13 2623505                    /usr/lib/ld-2.25.so
7f71a6078000-7f71a6079000 r--s 00007000 08:13 4065192                    /home/jessica/.m2/repository/org/slf4j/slf4j-api/1.7.12/slf4j-api-1.7.12.jar
7f71a6079000-7f71a607a000 r--s 001d7000 08:13 1576009                    /home/jessica/.m2/repository/org/bytedeco/javacpp-presets/hdf5/1.10.0-patch1-1.3/hdf5-1.10.0-patch1-1.3-windows-x86.jar
7f71a607a000-7f71a607b000 r--s 001bf000 08:13 1576001                    /home/jessica/.m2/repository/org/bytedeco/javacpp-presets/hdf5/1.10.0-patch1-1.3/hdf5-1.10.0-patch1-1.3-macosx-x86_64.jar
7f71a607b000-7f71a607d000 r--s 001d0000 08:13 1576000                    /home/jessica/.m2/repository/org/bytedeco/javacpp-presets/hdf5/1.10.0-patch1-1.3/hdf5-1.10.0-patch1-1.3-linux-ppc64le.jar
7f71a607d000-7f71a607e000 r--s 001e7000 08:13 1575997                    /home/jessica/.m2/repository/org/bytedeco/javacpp-presets/hdf5/1.10.0-patch1-1.3/hdf5-1.10.0-patch1-1.3-linux-x86_64.jar
7f71a607e000-7f71a607f000 r--s 001bf000 08:13 1575995                    /home/jessica/.m2/repository/org/bytedeco/javacpp-presets/hdf5/1.10.0-patch1-1.3/hdf5-1.10.0-patch1-1.3-linux-x86.jar
7f71a607f000-7f71a6083000 r--s 00025000 08:13 1575953                    /home/jessica/.m2/repository/org/bytedeco/javacpp-presets/hdf5/1.10.0-patch1-1.3/hdf5-1.10.0-patch1-1.3.jar
7f71a6083000-7f71a6084000 r--s 00000000 08:13 1575691                    /home/jessica/.m2/repository/org/bytedeco/javacpp-presets/hdf5-platform/1.10.0-patch1-1.3/hdf5-platform-1.10.0-patch1-1.3.jar
7f71a6084000-7f71a6086000 r--s 00014000 08:13 3937900                    /home/jessica/.m2/repository/org/deeplearning4j/deeplearning4j-modelimport/0.8.0/deeplearning4j-modelimport-0.8.0.jar
7f71a6086000-7f71a608b000 r--s 0002e000 08:13 3937898                    /home/jessica/.m2/repository/org/deeplearning4j/deeplearning4j-core/0.8.0/deeplearning4j-core-0.8.0.jar
7f71a608b000-7f71a608c000 r--s 06a28000 08:13 3545012                    /home/jessica/.m2/repository/org/nd4j/nd4j-cuda-8.0/0.8.0/nd4j-cuda-8.0-0.8.0-linux-ppc64le.jar
7f71a608c000-7f71a608d000 r--s 069a9000 08:13 3545010                    /home/jessica/.m2/repository/org/nd4j/nd4j-cuda-8.0/0.8.0/nd4j-cuda-8.0-0.8.0-windows-x86_64.jar
7f71a608d000-7f71a608f000 r--s 06937000 08:13 3545008                    /home/jessica/.m2/repository/org/nd4j/nd4j-cuda-8.0/0.8.0/nd4j-cuda-8.0-0.8.0-macosx-x86_64.jar
7f71a608f000-7f71a6090000 r--s 0694e000 08:13 3545004                    /home/jessica/.m2/repository/org/nd4j/nd4j-cuda-8.0/0.8.0/nd4j-cuda-8.0-0.8.0-linux-x86_64.jar
7f71a6090000-7f71a6093000 r--s 00019000 08:13 3542732                    /home/jessica/.m2/repository/org/apache/commons/commons-pool2/2.4.2/commons-pool2-2.4.2.jar
7f71a6093000-7f71a6097000 r--s 00040000 08:13 3544999                    /home/jessica/.m2/repository/org/nd4j/nd4j-cuda-8.0/0.8.0/nd4j-cuda-8.0-0.8.0.jar
7f71a6097000-7f71a613b000 rw-p 00000000 00:00 0 
7f71a613b000-7f71a613e000 ---p 00000000 00:00 0 
7f71a613e000-7f71a623c000 rwxp 00000000 00:00 0 
7f71a623c000-7f71a623e000 rw-p 00000000 00:00 0 
7f71a623e000-7f71a623f000 r--s 00008000 08:13 3675154                    /home/jessica/.m2/repository/org/nd4j/nd4j-native-api/0.8.0/nd4j-native-api-0.8.0.jar
7f71a623f000-7f71a6240000 r--s 00000000 08:13 3544997                    /home/jessica/.m2/repository/org/nd4j/nd4j-cuda-8.0-platform/0.8.0/nd4j-cuda-8.0-platform-0.8.0.jar
7f71a6240000-7f71a6243000 r--s 0004b000 08:13 4849974                    /home/jessica/workspace/pictures workspace/CameraVision/CameraVision/jar/ufdw-jogamp2.jar
7f71a6243000-7f71a626b000 rw-p 00000000 00:00 0 
7f71a626b000-7f71a6273000 rw-s 00000000 08:13 3544889                    /tmp/hsperfdata_jessica/28871
7f71a6273000-7f71a6274000 rw-p 00000000 00:00 0 
7f71a6274000-7f71a6275000 r--p 00000000 00:00 0 
7f71a6275000-7f71a6277000 rw-p 00000000 00:00 0 
7f71a6277000-7f71a6278000 r--p 00022000 08:13 2623505                    /usr/lib/ld-2.25.so
7f71a6278000-7f71a6279000 rw-p 00023000 08:13 2623505                    /usr/lib/ld-2.25.so
7f71a6279000-7f71a627a000 rw-p 00000000 00:00 0 
7ffd54756000-7ffd54776000 rwxp 00000000 00:00 0                          [stack]
7ffd54776000-7ffd54779000 rw-p 00000000 00:00 0 
7ffd547cc000-7ffd547ce000 r--p 00000000 00:00 0                          [vvar]
7ffd547ce000-7ffd547d0000 r-xp 00000000 00:00 0                          [vdso]
ffffffffff600000-ffffffffff601000 r-xp 00000000 00:00 0                  [vsyscall]

VM Arguments:
jvm_args: -Dfile.encoding=UTF-8 
java_command: cameraUI.Start
java_class_path (initial): /home/jessica/workspace/pictures workspace/CameraVision/CameraVision/target/classes:/home/jessica/workspace/pictures workspace/CameraVision/CameraVision/jar/ufdw-jogamp2.jar:/home/jessica/.m2/repository/org/nd4j/nd4j-cuda-8.0-platform/0.8.0/nd4j-cuda-8.0-platform-0.8.0.jar:/home/jessica/.m2/repository/org/nd4j/nd4j-cuda-8.0/0.8.0/nd4j-cuda-8.0-0.8.0.jar:/home/jessica/.m2/repository/org/apache/commons/commons-pool2/2.4.2/commons-pool2-2.4.2.jar:/home/jessica/.m2/repository/org/nd4j/nd4j-native-api/0.8.0/nd4j-native-api-0.8.0.jar:/home/jessica/.m2/repository/org/nd4j/nd4j-cuda-8.0/0.8.0/nd4j-cuda-8.0-0.8.0-linux-x86_64.jar:/home/jessica/.m2/repository/org/nd4j/nd4j-cuda-8.0/0.8.0/nd4j-cuda-8.0-0.8.0-macosx-x86_64.jar:/home/jessica/.m2/repository/org/nd4j/nd4j-cuda-8.0/0.8.0/nd4j-cuda-8.0-0.8.0-windows-x86_64.jar:/home/jessica/.m2/repository/org/nd4j/nd4j-cuda-8.0/0.8.0/nd4j-cuda-8.0-0.8.0-linux-ppc64le.jar:/home/jessica/.m2/repository/org/deeplearning4j/deeplearning4j-core/0.8.0/deeplearning4j-core-0.8.0.jar:/home/jessica/.m2/repository/org/deeplearning4j/deeplearning4j-modelimport/0.8.0/deeplearning4j-modelimport-0.8.0.jar:/home/jessica/.m2/repository/org/bytedeco/javacpp-presets/hdf5-platform/1.10.0-patch1-1.3/hdf5-platform-1.10.0-patch1-1.3.jar:/home/jessica/.m2/repository/org/bytedeco/javacpp-presets/hdf5/1.10.0-patch1-1.3/hdf5-1.10.0-patch1-1.3.jar:/home/jessica/.m2/repository/org/bytedeco/javacpp-presets/hdf5/1.10.0-patch1-1.3/hdf5-1.10.0-patch1-1.3-linux-x86.jar:/home/jessica/.m2/repository/org/bytedeco/javacpp-presets/hdf5/1.10.0-patch1-1.3/hdf5-1.10.0-patch1-1.3-linux-x86_64.jar:/home/jessica/.m2/repository/org/bytedeco/javacpp-presets/hdf5/1.10.0-patch1-1.3/hdf5-1.10.0-patch1-1.3-linux-ppc64le.jar:/home/jessica/.m2/repository/org/bytedeco/javacpp-presets/hdf5/1.10.0-patch1-1.3/hdf5-1.10.0-patch1-1.3-macosx-x86_64.jar:/home/jessica/.m2/repository/org/bytedeco/javacpp-presets/hdf5/1.10.0-patch1-1.3/hdf5-1.10.0-patch1-1.3-windows-x8
Launcher Type: SUN_STANDARD

Environment Variables:
PATH=/usr/local/sbin:/usr/local/bin:/usr/bin:/opt/cuda/bin:/usr/lib/jvm/default/bin:/usr/bin/site_perl:/usr/bin/vendor_perl:/usr/bin/core_perl
SHELL=/bin/bash
DISPLAY=:0

Signal Handlers:
SIGSEGV: [libjvm.so+0xabb070], sa_mask[0]=11111111011111111101111111111110, sa_flags=SA_RESTART|SA_SIGINFO
SIGBUS: [libjvm.so+0xabb070], sa_mask[0]=11111111011111111101111111111110, sa_flags=SA_RESTART|SA_SIGINFO
SIGFPE: [libjvm.so+0x918480], sa_mask[0]=11111111011111111101111111111110, sa_flags=SA_RESTART|SA_SIGINFO
SIGPIPE: [libjvm.so+0x918480], sa_mask[0]=11111111011111111101111111111110, sa_flags=SA_RESTART|SA_SIGINFO
SIGXFSZ: [libjvm.so+0x918480], sa_mask[0]=11111111011111111101111111111110, sa_flags=SA_RESTART|SA_SIGINFO
SIGILL: [libjvm.so+0x918480], sa_mask[0]=11111111011111111101111111111110, sa_flags=SA_RESTART|SA_SIGINFO
SIGUSR1: SIG_DFL, sa_mask[0]=00000000000000000000000000000000, sa_flags=none
SIGUSR2: [libjvm.so+0x919ab0], sa_mask[0]=00100000000000000000000000000000, sa_flags=SA_RESTART|SA_SIGINFO
SIGHUP: [libjvm.so+0x91aeb0], sa_mask[0]=11111111011111111101111111111110, sa_flags=SA_RESTART|SA_SIGINFO
SIGINT: SIG_IGN, sa_mask[0]=00000000000000000000000000000000, sa_flags=none
SIGTERM: [libjvm.so+0x91aeb0], sa_mask[0]=11111111011111111101111111111110, sa_flags=SA_RESTART|SA_SIGINFO
SIGQUIT: [libjvm.so+0x91aeb0], sa_mask[0]=11111111011111111101111111111110, sa_flags=SA_RESTART|SA_SIGINFO


---------------  S Y S T E M  ---------------

OS:LSB_VERSION=1.4
DISTRIB_ID=Arch
DISTRIB_RELEASE=rolling
DISTRIB_DESCRIPTION="Arch Linux"

uname:Linux 4.10.1-1-ARCH #1 SMP PREEMPT Sun Feb 26 21:08:53 UTC 2017 x86_64
libc:glibc 2.25 NPTL 2.25 
rlimit: STACK 8192k, CORE infinity, NPROC 31912, NOFILE 4096, AS infinity
load average:1.41 1.40 1.58

/proc/meminfo:
MemTotal:        8178604 kB
MemFree:         1211660 kB
MemAvailable:    5076116 kB
Buffers:          173124 kB
Cached:          3901704 kB
SwapCached:            0 kB
Active:          4650112 kB
Inactive:        1837196 kB
Active(anon):    2329920 kB
Inactive(anon):   154020 kB
Active(file):    2320192 kB
Inactive(file):  1683176 kB
Unevictable:           0 kB
Mlocked:               0 kB
SwapTotal:       8313852 kB
SwapFree:        8313852 kB
Dirty:               680 kB
Writeback:             0 kB
AnonPages:       2362088 kB
Mapped:           597536 kB
Shmem:             71468 kB
Slab:             201436 kB
SReclaimable:     165184 kB
SUnreclaim:        36252 kB
KernelStack:        7528 kB
PageTables:        30848 kB
NFS_Unstable:          0 kB
Bounce:                0 kB
WritebackTmp:          0 kB
CommitLimit:    12403152 kB
Committed_AS:    4564252 kB
VmallocTotal:   34359738367 kB
VmallocUsed:           0 kB
VmallocChunk:          0 kB
HardwareCorrupted:     0 kB
AnonHugePages:   1048576 kB
ShmemHugePages:        0 kB
ShmemPmdMapped:        0 kB
HugePages_Total:       0
HugePages_Free:        0
HugePages_Rsvd:        0
HugePages_Surp:        0
Hugepagesize:       2048 kB
DirectMap4k:      424640 kB
DirectMap2M:     7962624 kB


CPU:total 4 (4 cores per cpu, 1 threads per core) family 6 model 15 stepping 11, cmov, cx8, fxsr, mmx, sse, sse2, sse3, ssse3, tsc

/proc/cpuinfo:
processor	: 0
vendor_id	: GenuineIntel
cpu family	: 6
model		: 15
model name	: Intel(R) Core(TM)2 Quad CPU    Q6600  @ 2.40GHz
stepping	: 11
microcode	: 0xb6
cpu MHz		: 1600.000
cache size	: 4096 KB
physical id	: 0
siblings	: 4
core id		: 0
cpu cores	: 4
apicid		: 0
initial apicid	: 0
fpu		: yes
fpu_exception	: yes
cpuid level	: 10
wp		: yes
flags		: fpu vme de pse tsc msr pae mce cx8 apic sep mtrr pge mca cmov pat pse36 clflush dts acpi mmx fxsr sse sse2 ss ht tm pbe syscall nx lm constant_tsc arch_perfmon pebs bts rep_good nopl aperfmperf pni dtes64 monitor ds_cpl vmx est tm2 ssse3 cx16 xtpr pdcm lahf_lm tpr_shadow vnmi flexpriority dtherm
bugs		:
bogomips	: 4802.08
clflush size	: 64
cache_alignment	: 64
address sizes	: 36 bits physical, 48 bits virtual
power management:

processor	: 1
vendor_id	: GenuineIntel
cpu family	: 6
model		: 15
model name	: Intel(R) Core(TM)2 Quad CPU    Q6600  @ 2.40GHz
stepping	: 11
microcode	: 0xb6
cpu MHz		: 1600.000
cache size	: 4096 KB
physical id	: 0
siblings	: 4
core id		: 3
cpu cores	: 4
apicid		: 3
initial apicid	: 3
fpu		: yes
fpu_exception	: yes
cpuid level	: 10
wp		: yes
flags		: fpu vme de pse tsc msr pae mce cx8 apic sep mtrr pge mca cmov pat pse36 clflush dts acpi mmx fxsr sse sse2 ss ht tm pbe syscall nx lm constant_tsc arch_perfmon pebs bts rep_good nopl aperfmperf pni dtes64 monitor ds_cpl vmx est tm2 ssse3 cx16 xtpr pdcm lahf_lm tpr_shadow vnmi flexpriority dtherm
bugs		:
bogomips	: 4828.63
clflush size	: 64
cache_alignment	: 64
address sizes	: 36 bits physical, 48 bits virtual
power management:

processor	: 2
vendor_id	: GenuineIntel
cpu family	: 6
model		: 15
model name	: Intel(R) Core(TM)2 Quad CPU    Q6600  @ 2.40GHz
stepping	: 11
microcode	: 0xb6
cpu MHz		: 2400.000
cache size	: 4096 KB
physical id	: 0
siblings	: 4
core id		: 1
cpu cores	: 4
apicid		: 1
initial apicid	: 1
fpu		: yes
fpu_exception	: yes
cpuid level	: 10
wp		: yes
flags		: fpu vme de pse tsc msr pae mce cx8 apic sep mtrr pge mca cmov pat pse36 clflush dts acpi mmx fxsr sse sse2 ss ht tm pbe syscall nx lm constant_tsc arch_perfmon pebs bts rep_good nopl aperfmperf pni dtes64 monitor ds_cpl vmx est tm2 ssse3 cx16 xtpr pdcm lahf_lm tpr_shadow vnmi flexpriority dtherm
bugs		:
bogomips	: 4828.63
clflush size	: 64
cache_alignment	: 64
address sizes	: 36 bits physical, 48 bits virtual
power management:

processor	: 3
vendor_id	: GenuineIntel
cpu family	: 6
model		: 15
model name	: Intel(R) Core(TM)2 Quad CPU    Q6600  @ 2.40GHz
stepping	: 11
microcode	: 0xb6
cpu MHz		: 2400.000
cache size	: 4096 KB
physical id	: 0
siblings	: 4
core id		: 2
cpu cores	: 4
apicid		: 2
initial apicid	: 2
fpu		: yes
fpu_exception	: yes
cpuid level	: 10
wp		: yes
flags		: fpu vme de pse tsc msr pae mce cx8 apic sep mtrr pge mca cmov pat pse36 clflush dts acpi mmx fxsr sse sse2 ss ht tm pbe syscall nx lm constant_tsc arch_perfmon pebs bts rep_good nopl aperfmperf pni dtes64 monitor ds_cpl vmx est tm2 ssse3 cx16 xtpr pdcm lahf_lm tpr_shadow vnmi flexpriority dtherm
bugs		:
bogomips	: 4829.37
clflush size	: 64
cache_alignment	: 64
address sizes	: 36 bits physical, 48 bits virtual
power management:



Memory: 4k page, physical 8178604k(1211660k free), swap 8313852k(8313852k free)

vm_info: Java HotSpot(TM) 64-Bit Server VM (25.72-b15) for linux-amd64 JRE (1.8.0_72-b15), built on Dec 22 2015 22:00:07 by "java_re" with gcc 4.3.0 20080428 (Red Hat 4.3.0-8)

time: Sat Mar 25 00:13:43 2017
elapsed time: 9 seconds (0d 0h 0m 9s)

